C:\Users\abelo\AppData\Roaming\Xilinx\Vitis\phy596\hw1\baseline\solution1\.autopilot\db\fit.pp.0.cpp:1324:7: warning: Added loop label VITIS_LOOP_1213_1:   [xilinx-label-all-loops]
      for (i = 0; i < __N - 1; ++i) {
      ^~~
      VITIS_LOOP_1213_1: 
C:\Users\abelo\AppData\Roaming\Xilinx\Vitis\phy596\hw1\baseline\solution1\.autopilot\db\fit.pp.0.cpp:1324:7: note: FIX-IT applied suggested code changes
C:\Users\abelo\AppData\Roaming\Xilinx\Vitis\phy596\hw1\baseline\solution1\.autopilot\db\fit.pp.0.cpp:2298:5: warning: Added loop label VITIS_LOOP_676_1:   [xilinx-label-all-loops]
    for (unsigned i = low; i != high; ++i) {
    ^~~
    VITIS_LOOP_676_1: 
C:\Users\abelo\AppData\Roaming\Xilinx\Vitis\phy596\hw1\baseline\solution1\.autopilot\db\fit.pp.0.cpp:2298:5: note: FIX-IT applied suggested code changes
C:\Users\abelo\AppData\Roaming\Xilinx\Vitis\phy596\hw1\baseline\solution1\.autopilot\db\fit.pp.0.cpp:2312:5: warning: Added loop label VITIS_LOOP_690_1:   [xilinx-label-all-loops]
    for (unsigned i = low; i != high; ++i) {
    ^~~
    VITIS_LOOP_690_1: 
C:\Users\abelo\AppData\Roaming\Xilinx\Vitis\phy596\hw1\baseline\solution1\.autopilot\db\fit.pp.0.cpp:2312:5: note: FIX-IT applied suggested code changes
C:\Users\abelo\AppData\Roaming\Xilinx\Vitis\phy596\hw1\baseline\solution1\.autopilot\db\fit.pp.0.cpp:2326:5: warning: Added loop label VITIS_LOOP_704_1:   [xilinx-label-all-loops]
    for (unsigned i = low; i != high; ++i) {
    ^~~
    VITIS_LOOP_704_1: 
C:\Users\abelo\AppData\Roaming\Xilinx\Vitis\phy596\hw1\baseline\solution1\.autopilot\db\fit.pp.0.cpp:2326:5: note: FIX-IT applied suggested code changes
C:\Users\abelo\AppData\Roaming\Xilinx\Vitis\phy596\hw1\baseline\solution1\.autopilot\db\fit.pp.0.cpp:3937:7: warning: Added loop label VITIS_LOOP_1247_1:   [xilinx-label-all-loops]
      for (i = 0; i < __N - 1; ++i) {
      ^~~
      VITIS_LOOP_1247_1: 
C:\Users\abelo\AppData\Roaming\Xilinx\Vitis\phy596\hw1\baseline\solution1\.autopilot\db\fit.pp.0.cpp:3937:7: note: FIX-IT applied suggested code changes
C:\Users\abelo\AppData\Roaming\Xilinx\Vitis\phy596\hw1\baseline\solution1\.autopilot\db\fit.pp.0.cpp:12679:72: error: Invalid Directive: for current device, ROM_1P + LUTRAM is invalid combination for BIND_STORAGE's option 'type + impl' [clang-diagnostic-error]
#pragma HLS BIND_STORAGE variable=fourth_order_double::sin_cos_K0 type=ROM_1P impl=LUTRAM
                                                                       ^
C:\Users\abelo\AppData\Roaming\Xilinx\Vitis\phy596\hw1\baseline\solution1\.autopilot\db\fit.pp.0.cpp:12680:72: error: Invalid Directive: for current device, ROM_1P + LUTRAM is invalid combination for BIND_STORAGE's option 'type + impl' [clang-diagnostic-error]
#pragma HLS BIND_STORAGE variable=fourth_order_double::sin_cos_K1 type=ROM_1P impl=LUTRAM
                                                                       ^
C:\Users\abelo\AppData\Roaming\Xilinx\Vitis\phy596\hw1\baseline\solution1\.autopilot\db\fit.pp.0.cpp:12681:72: error: Invalid Directive: for current device, ROM_1P + LUTRAM is invalid combination for BIND_STORAGE's option 'type + impl' [clang-diagnostic-error]
#pragma HLS BIND_STORAGE variable=fourth_order_double::sin_cos_K2 type=ROM_1P impl=LUTRAM
                                                                       ^
C:\Users\abelo\AppData\Roaming\Xilinx\Vitis\phy596\hw1\baseline\solution1\.autopilot\db\fit.pp.0.cpp:12682:72: error: Invalid Directive: for current device, ROM_1P + LUTRAM is invalid combination for BIND_STORAGE's option 'type + impl' [clang-diagnostic-error]
#pragma HLS BIND_STORAGE variable=fourth_order_double::sin_cos_K3 type=ROM_1P impl=LUTRAM
                                                                       ^
C:\Users\abelo\AppData\Roaming\Xilinx\Vitis\phy596\hw1\baseline\solution1\.autopilot\db\fit.pp.0.cpp:12683:72: error: Invalid Directive: for current device, ROM_1P + LUTRAM is invalid combination for BIND_STORAGE's option 'type + impl' [clang-diagnostic-error]
#pragma HLS BIND_STORAGE variable=fourth_order_double::sin_cos_K4 type=ROM_1P impl=LUTRAM
                                                                       ^
C:\Users\abelo\AppData\Roaming\Xilinx\Vitis\phy596\hw1\baseline\solution1\.autopilot\db\fit.pp.0.cpp:12713:68: error: Invalid Directive: for current device, ROM_1P + LUTRAM is invalid combination for BIND_STORAGE's option 'type + impl' [clang-diagnostic-error]
#pragma HLS BIND_STORAGE variable=fourth_order_double::cos_K0 type=ROM_1P impl=LUTRAM
                                                                   ^
C:\Users\abelo\AppData\Roaming\Xilinx\Vitis\phy596\hw1\baseline\solution1\.autopilot\db\fit.pp.0.cpp:12714:68: error: Invalid Directive: for current device, ROM_1P + LUTRAM is invalid combination for BIND_STORAGE's option 'type + impl' [clang-diagnostic-error]
#pragma HLS BIND_STORAGE variable=fourth_order_double::cos_K1 type=ROM_1P impl=LUTRAM
                                                                   ^
C:\Users\abelo\AppData\Roaming\Xilinx\Vitis\phy596\hw1\baseline\solution1\.autopilot\db\fit.pp.0.cpp:12715:68: error: Invalid Directive: for current device, ROM_1P + LUTRAM is invalid combination for BIND_STORAGE's option 'type + impl' [clang-diagnostic-error]
#pragma HLS BIND_STORAGE variable=fourth_order_double::cos_K2 type=ROM_1P impl=LUTRAM
                                                                   ^
C:\Users\abelo\AppData\Roaming\Xilinx\Vitis\phy596\hw1\baseline\solution1\.autopilot\db\fit.pp.0.cpp:12716:68: error: Invalid Directive: for current device, ROM_1P + LUTRAM is invalid combination for BIND_STORAGE's option 'type + impl' [clang-diagnostic-error]
#pragma HLS BIND_STORAGE variable=fourth_order_double::cos_K3 type=ROM_1P impl=LUTRAM
                                                                   ^
C:\Users\abelo\AppData\Roaming\Xilinx\Vitis\phy596\hw1\baseline\solution1\.autopilot\db\fit.pp.0.cpp:12717:68: error: Invalid Directive: for current device, ROM_1P + LUTRAM is invalid combination for BIND_STORAGE's option 'type + impl' [clang-diagnostic-error]
#pragma HLS BIND_STORAGE variable=fourth_order_double::cos_K4 type=ROM_1P impl=LUTRAM
                                                                   ^
C:\Users\abelo\AppData\Roaming\Xilinx\Vitis\phy596\hw1\baseline\solution1\.autopilot\db\fit.pp.0.cpp:12718:68: error: Invalid Directive: for current device, ROM_1P + LUTRAM is invalid combination for BIND_STORAGE's option 'type + impl' [clang-diagnostic-error]
#pragma HLS BIND_STORAGE variable=fourth_order_double::sin_K0 type=ROM_1P impl=LUTRAM
                                                                   ^
C:\Users\abelo\AppData\Roaming\Xilinx\Vitis\phy596\hw1\baseline\solution1\.autopilot\db\fit.pp.0.cpp:12719:68: error: Invalid Directive: for current device, ROM_1P + LUTRAM is invalid combination for BIND_STORAGE's option 'type + impl' [clang-diagnostic-error]
#pragma HLS BIND_STORAGE variable=fourth_order_double::sin_K1 type=ROM_1P impl=LUTRAM
                                                                   ^
C:\Users\abelo\AppData\Roaming\Xilinx\Vitis\phy596\hw1\baseline\solution1\.autopilot\db\fit.pp.0.cpp:12720:68: error: Invalid Directive: for current device, ROM_1P + LUTRAM is invalid combination for BIND_STORAGE's option 'type + impl' [clang-diagnostic-error]
#pragma HLS BIND_STORAGE variable=fourth_order_double::sin_K2 type=ROM_1P impl=LUTRAM
                                                                   ^
C:\Users\abelo\AppData\Roaming\Xilinx\Vitis\phy596\hw1\baseline\solution1\.autopilot\db\fit.pp.0.cpp:12721:68: error: Invalid Directive: for current device, ROM_1P + LUTRAM is invalid combination for BIND_STORAGE's option 'type + impl' [clang-diagnostic-error]
#pragma HLS BIND_STORAGE variable=fourth_order_double::sin_K3 type=ROM_1P impl=LUTRAM
                                                                   ^
C:\Users\abelo\AppData\Roaming\Xilinx\Vitis\phy596\hw1\baseline\solution1\.autopilot\db\fit.pp.0.cpp:12722:68: error: Invalid Directive: for current device, ROM_1P + LUTRAM is invalid combination for BIND_STORAGE's option 'type + impl' [clang-diagnostic-error]
#pragma HLS BIND_STORAGE variable=fourth_order_double::sin_K4 type=ROM_1P impl=LUTRAM
                                                                   ^
C:\Users\abelo\AppData\Roaming\Xilinx\Vitis\phy596\hw1\baseline\solution1\.autopilot\db\fit.pp.0.cpp:12772:71: error: Invalid Directive: for current device, ROM_1P + LUTRAM is invalid combination for BIND_STORAGE's option 'type + impl' [clang-diagnostic-error]
#pragma HLS BIND_STORAGE variable=second_order_float::sin_cos_K0 type=ROM_1P impl=LUTRAM
                                                                      ^
C:\Users\abelo\AppData\Roaming\Xilinx\Vitis\phy596\hw1\baseline\solution1\.autopilot\db\fit.pp.0.cpp:12773:71: error: Invalid Directive: for current device, ROM_1P + LUTRAM is invalid combination for BIND_STORAGE's option 'type + impl' [clang-diagnostic-error]
#pragma HLS BIND_STORAGE variable=second_order_float::sin_cos_K1 type=ROM_1P impl=LUTRAM
                                                                      ^
C:\Users\abelo\AppData\Roaming\Xilinx\Vitis\phy596\hw1\baseline\solution1\.autopilot\db\fit.pp.0.cpp:12774:71: error: Invalid Directive: for current device, ROM_1P + LUTRAM is invalid combination for BIND_STORAGE's option 'type + impl' [clang-diagnostic-error]
#pragma HLS BIND_STORAGE variable=second_order_float::sin_cos_K2 type=ROM_1P impl=LUTRAM
                                                                      ^
C:\Users\abelo\AppData\Roaming\Xilinx\Vitis\phy596\hw1\baseline\solution1\.autopilot\db\fit.pp.0.cpp:12801:67: error: Invalid Directive: for current device, ROM_1P + LUTRAM is invalid combination for BIND_STORAGE's option 'type + impl' [clang-diagnostic-error]
#pragma HLS BIND_STORAGE variable=second_order_float::cos_K0 type=ROM_1P impl=LUTRAM
                                                                  ^
C:\Users\abelo\AppData\Roaming\Xilinx\Vitis\phy596\hw1\baseline\solution1\.autopilot\db\fit.pp.0.cpp:12802:67: error: Invalid Directive: for current device, ROM_1P + LUTRAM is invalid combination for BIND_STORAGE's option 'type + impl' [clang-diagnostic-error]
#pragma HLS BIND_STORAGE variable=second_order_float::cos_K1 type=ROM_1P impl=LUTRAM
                                                                  ^
C:\Users\abelo\AppData\Roaming\Xilinx\Vitis\phy596\hw1\baseline\solution1\.autopilot\db\fit.pp.0.cpp:12803:67: error: Invalid Directive: for current device, ROM_1P + LUTRAM is invalid combination for BIND_STORAGE's option 'type + impl' [clang-diagnostic-error]
#pragma HLS BIND_STORAGE variable=second_order_float::cos_K2 type=ROM_1P impl=LUTRAM
                                                                  ^
C:\Users\abelo\AppData\Roaming\Xilinx\Vitis\phy596\hw1\baseline\solution1\.autopilot\db\fit.pp.0.cpp:12804:67: error: Invalid Directive: for current device, ROM_1P + LUTRAM is invalid combination for BIND_STORAGE's option 'type + impl' [clang-diagnostic-error]
#pragma HLS BIND_STORAGE variable=second_order_float::sin_K0 type=ROM_1P impl=LUTRAM
                                                                  ^
C:\Users\abelo\AppData\Roaming\Xilinx\Vitis\phy596\hw1\baseline\solution1\.autopilot\db\fit.pp.0.cpp:12805:67: error: Invalid Directive: for current device, ROM_1P + LUTRAM is invalid combination for BIND_STORAGE's option 'type + impl' [clang-diagnostic-error]
#pragma HLS BIND_STORAGE variable=second_order_float::sin_K1 type=ROM_1P impl=LUTRAM
                                                                  ^
C:\Users\abelo\AppData\Roaming\Xilinx\Vitis\phy596\hw1\baseline\solution1\.autopilot\db\fit.pp.0.cpp:12806:67: error: Invalid Directive: for current device, ROM_1P + LUTRAM is invalid combination for BIND_STORAGE's option 'type + impl' [clang-diagnostic-error]
#pragma HLS BIND_STORAGE variable=second_order_float::sin_K2 type=ROM_1P impl=LUTRAM
                                                                  ^
C:\Users\abelo\AppData\Roaming\Xilinx\Vitis\phy596\hw1\baseline\solution1\.autopilot\db\fit.pp.0.cpp:12842:73: error: Invalid Directive: for current device, ROM_1P + LUTRAM is invalid combination for BIND_STORAGE's option 'type + impl' [clang-diagnostic-error]
#pragma HLS BIND_STORAGE variable=first_order_fixed_16::sin_cos_K0 type=ROM_1P impl=LUTRAM
                                                                        ^
C:\Users\abelo\AppData\Roaming\Xilinx\Vitis\phy596\hw1\baseline\solution1\.autopilot\db\fit.pp.0.cpp:12843:73: error: Invalid Directive: for current device, ROM_1P + LUTRAM is invalid combination for BIND_STORAGE's option 'type + impl' [clang-diagnostic-error]
#pragma HLS BIND_STORAGE variable=first_order_fixed_16::sin_cos_K1 type=ROM_1P impl=LUTRAM
                                                                        ^
C:\Users\abelo\AppData\Roaming\Xilinx\Vitis\phy596\hw1\baseline\solution1\.autopilot\db\fit.pp.0.cpp:13117:5: warning: Added loop label VITIS_LOOP_87_1:   [xilinx-label-all-loops]
    for (int n=0; n<Nmax; n++){
    ^~~
    VITIS_LOOP_87_1: 
C:\Users\abelo\AppData\Roaming\Xilinx\Vitis\phy596\hw1\baseline\solution1\.autopilot\db\fit.pp.0.cpp:13117:5: note: FIX-IT applied suggested code changes
C:\Users\abelo\AppData\Roaming\Xilinx\Vitis\phy596\hw1\baseline\solution1\.autopilot\db\fit.pp.0.cpp:13163:5: warning: Added loop label VITIS_LOOP_143_1:   [xilinx-label-all-loops]
    for (int n=0; n<Nmax; n++){
    ^~~
    VITIS_LOOP_143_1: 
C:\Users\abelo\AppData\Roaming\Xilinx\Vitis\phy596\hw1\baseline\solution1\.autopilot\db\fit.pp.0.cpp:13163:5: note: FIX-IT applied suggested code changes
C:\Users\abelo\AppData\Roaming\Xilinx\Vitis\phy596\hw1\baseline\solution1\.autopilot\db\fit.pp.0.cpp:13326:9: warning: Added loop label VITIS_LOOP_315_1:   [xilinx-label-all-loops]
        for(int i=0;i<W-1;i++){
        ^~~
        VITIS_LOOP_315_1: 
C:\Users\abelo\AppData\Roaming\Xilinx\Vitis\phy596\hw1\baseline\solution1\.autopilot\db\fit.pp.0.cpp:13326:9: note: FIX-IT applied suggested code changes
C:\Users\abelo\AppData\Roaming\Xilinx\Vitis\phy596\hw1\baseline\solution1\.autopilot\db\fit.pp.0.cpp:13478:9: warning: Added loop label VITIS_LOOP_475_1:   [xilinx-label-all-loops]
        for(int i=0;i<W-1;i++){
        ^~~
        VITIS_LOOP_475_1: 
C:\Users\abelo\AppData\Roaming\Xilinx\Vitis\phy596\hw1\baseline\solution1\.autopilot\db\fit.pp.0.cpp:13478:9: note: FIX-IT applied suggested code changes
C:\Users\abelo\AppData\Roaming\Xilinx\Vitis\phy596\hw1\baseline\solution1\.autopilot\db\fit.pp.0.cpp:13658:5: warning: Added loop label VITIS_LOOP_655_1:   [xilinx-label-all-loops]
    for(int i=0;i<W+1;i++){
    ^~~
    VITIS_LOOP_655_1: 
C:\Users\abelo\AppData\Roaming\Xilinx\Vitis\phy596\hw1\baseline\solution1\.autopilot\db\fit.pp.0.cpp:13658:5: note: FIX-IT applied suggested code changes
C:\Users\abelo\AppData\Roaming\Xilinx\Vitis\phy596\hw1\baseline\solution1\.autopilot\db\fit.pp.0.cpp:13662:5: warning: Added loop label VITIS_LOOP_659_2:   [xilinx-label-all-loops]
    for(int i=0;i<W+1;i++){
    ^~~
    VITIS_LOOP_659_2: 
C:\Users\abelo\AppData\Roaming\Xilinx\Vitis\phy596\hw1\baseline\solution1\.autopilot\db\fit.pp.0.cpp:13662:5: note: FIX-IT applied suggested code changes
C:\Users\abelo\AppData\Roaming\Xilinx\Vitis\phy596\hw1\baseline\solution1\.autopilot\db\fit.pp.0.cpp:13772:5: warning: Added loop label VITIS_LOOP_769_1:   [xilinx-label-all-loops]
    for (int n=0; n<Nmax; n++){
    ^~~
    VITIS_LOOP_769_1: 
C:\Users\abelo\AppData\Roaming\Xilinx\Vitis\phy596\hw1\baseline\solution1\.autopilot\db\fit.pp.0.cpp:13772:5: note: FIX-IT applied suggested code changes
C:\Users\abelo\AppData\Roaming\Xilinx\Vitis\phy596\hw1\baseline\solution1\.autopilot\db\fit.pp.0.cpp:13862:7: warning: Added loop label VITIS_LOOP_866_1:   [xilinx-label-all-loops]
      for(int i=0;i<W-1;i++){
      ^~~
      VITIS_LOOP_866_1: 
C:\Users\abelo\AppData\Roaming\Xilinx\Vitis\phy596\hw1\baseline\solution1\.autopilot\db\fit.pp.0.cpp:13862:7: note: FIX-IT applied suggested code changes
C:\Users\abelo\AppData\Roaming\Xilinx\Vitis\phy596\hw1\baseline\solution1\.autopilot\db\fit.pp.0.cpp:13881:7: warning: Added loop label VITIS_LOOP_885_2:   [xilinx-label-all-loops]
      for(int i=0;i<W-1;i++){
      ^~~
      VITIS_LOOP_885_2: 
C:\Users\abelo\AppData\Roaming\Xilinx\Vitis\phy596\hw1\baseline\solution1\.autopilot\db\fit.pp.0.cpp:13881:7: note: FIX-IT applied suggested code changes
C:\Users\abelo\AppData\Roaming\Xilinx\Vitis\phy596\hw1\baseline\solution1\.autopilot\db\fit.pp.0.cpp:14171:5: warning: Added loop label VITIS_LOOP_1199_1:   [xilinx-label-all-loops]
    for(int i=0; i<Nmax; i++) {
    ^~~
    VITIS_LOOP_1199_1: 
C:\Users\abelo\AppData\Roaming\Xilinx\Vitis\phy596\hw1\baseline\solution1\.autopilot\db\fit.pp.0.cpp:14171:5: note: FIX-IT applied suggested code changes
C:\Users\abelo\AppData\Roaming\Xilinx\Vitis\phy596\hw1\baseline\solution1\.autopilot\db\fit.pp.0.cpp:14254:5: warning: Added loop label VITIS_LOOP_1282_1:   [xilinx-label-all-loops]
    for(int i=0; i<Nmax; i++) {
    ^~~
    VITIS_LOOP_1282_1: 
C:\Users\abelo\AppData\Roaming\Xilinx\Vitis\phy596\hw1\baseline\solution1\.autopilot\db\fit.pp.0.cpp:14254:5: note: FIX-IT applied suggested code changes
C:\Users\abelo\AppData\Roaming\Xilinx\Vitis\phy596\hw1\baseline\solution1\.autopilot\db\fit.pp.0.cpp:14660:13: warning: Added loop label VITIS_LOOP_94_1:   [xilinx-label-all-loops]
            for (int j = 3; j >= I_+1; j--) {
            ^~~
            VITIS_LOOP_94_1: 
C:\Users\abelo\AppData\Roaming\Xilinx\Vitis\phy596\hw1\baseline\solution1\.autopilot\db\fit.pp.0.cpp:14660:13: note: FIX-IT applied suggested code changes
C:\Users\abelo\AppData\Roaming\Xilinx\Vitis\phy596\hw1\baseline\solution1\.autopilot\db\fit.pp.0.cpp:14666:17: warning: Added loop label VITIS_LOOP_100_2:   [xilinx-label-all-loops]
                for (int j = 3; j >= I_+1; j--){
                ^~~
                VITIS_LOOP_100_2: 
C:\Users\abelo\AppData\Roaming\Xilinx\Vitis\phy596\hw1\baseline\solution1\.autopilot\db\fit.pp.0.cpp:14666:17: note: FIX-IT applied suggested code changes
C:\Users\abelo\AppData\Roaming\Xilinx\Vitis\phy596\hw1\baseline\solution1\.autopilot\db\fit.pp.0.cpp:14670:17: warning: Added loop label VITIS_LOOP_104_3:   [xilinx-label-all-loops]
                for (int j = I_; j >= 0; j--){
                ^~~
                VITIS_LOOP_104_3: 
C:\Users\abelo\AppData\Roaming\Xilinx\Vitis\phy596\hw1\baseline\solution1\.autopilot\db\fit.pp.0.cpp:14670:17: note: FIX-IT applied suggested code changes
C:\Users\abelo\AppData\Roaming\Xilinx\Vitis\phy596\hw1\baseline\solution1\.autopilot\db\fit.pp.0.cpp:14718:13: warning: Added loop label VITIS_LOOP_171_4:   [xilinx-label-all-loops]
            for (int j = 9; j >= I_+4; j--) {
            ^~~
            VITIS_LOOP_171_4: 
C:\Users\abelo\AppData\Roaming\Xilinx\Vitis\phy596\hw1\baseline\solution1\.autopilot\db\fit.pp.0.cpp:14718:13: note: FIX-IT applied suggested code changes
C:\Users\abelo\AppData\Roaming\Xilinx\Vitis\phy596\hw1\baseline\solution1\.autopilot\db\fit.pp.0.cpp:14724:17: warning: Added loop label VITIS_LOOP_177_5:   [xilinx-label-all-loops]
                for (int j = 9; j >= I_+4; j--){
                ^~~
                VITIS_LOOP_177_5: 
C:\Users\abelo\AppData\Roaming\Xilinx\Vitis\phy596\hw1\baseline\solution1\.autopilot\db\fit.pp.0.cpp:14724:17: note: FIX-IT applied suggested code changes
C:\Users\abelo\AppData\Roaming\Xilinx\Vitis\phy596\hw1\baseline\solution1\.autopilot\db\fit.pp.0.cpp:14728:17: warning: Added loop label VITIS_LOOP_181_6:   [xilinx-label-all-loops]
                for (int j = I_+3; j >= 0; j--){
                ^~~
                VITIS_LOOP_181_6: 
C:\Users\abelo\AppData\Roaming\Xilinx\Vitis\phy596\hw1\baseline\solution1\.autopilot\db\fit.pp.0.cpp:14728:17: note: FIX-IT applied suggested code changes
C:\Users\abelo\AppData\Roaming\Xilinx\Vitis\phy596\hw1\baseline\solution1\.autopilot\db\fit.pp.0.cpp:14743:9: warning: Added loop label VITIS_LOOP_196_7:   [xilinx-label-all-loops]
        for (int j = 14; j < 22; j++){
        ^~~
        VITIS_LOOP_196_7: 
C:\Users\abelo\AppData\Roaming\Xilinx\Vitis\phy596\hw1\baseline\solution1\.autopilot\db\fit.pp.0.cpp:14743:9: note: FIX-IT applied suggested code changes
C:\Users\abelo\AppData\Roaming\Xilinx\Vitis\phy596\hw1\baseline\solution1\.autopilot\db\fit.pp.0.cpp:14751:17: warning: Added loop label VITIS_LOOP_204_8:   [xilinx-label-all-loops]
                for (int j = 0; j < 22; j++){
                ^~~
                VITIS_LOOP_204_8: 
C:\Users\abelo\AppData\Roaming\Xilinx\Vitis\phy596\hw1\baseline\solution1\.autopilot\db\fit.pp.0.cpp:14751:17: note: FIX-IT applied suggested code changes
C:\Users\abelo\AppData\Roaming\Xilinx\Vitis\phy596\hw1\baseline\solution1\.autopilot\db\fit.pp.0.cpp:14816:13: warning: Added loop label VITIS_LOOP_269_9:   [xilinx-label-all-loops]
            for (int j = 21; j >= I_+10; j--) {
            ^~~
            VITIS_LOOP_269_9: 
C:\Users\abelo\AppData\Roaming\Xilinx\Vitis\phy596\hw1\baseline\solution1\.autopilot\db\fit.pp.0.cpp:14816:13: note: FIX-IT applied suggested code changes
C:\Users\abelo\AppData\Roaming\Xilinx\Vitis\phy596\hw1\baseline\solution1\.autopilot\db\fit.pp.0.cpp:14822:17: warning: Added loop label VITIS_LOOP_275_10:   [xilinx-label-all-loops]
                for (int j = 21; j >= I_+10; j--) {
                ^~~
                VITIS_LOOP_275_10: 
C:\Users\abelo\AppData\Roaming\Xilinx\Vitis\phy596\hw1\baseline\solution1\.autopilot\db\fit.pp.0.cpp:14822:17: note: FIX-IT applied suggested code changes
C:\Users\abelo\AppData\Roaming\Xilinx\Vitis\phy596\hw1\baseline\solution1\.autopilot\db\fit.pp.0.cpp:14826:17: warning: Added loop label VITIS_LOOP_279_11:   [xilinx-label-all-loops]
                for (int j = I_+9; j >= 0; j--) {
                ^~~
                VITIS_LOOP_279_11: 
C:\Users\abelo\AppData\Roaming\Xilinx\Vitis\phy596\hw1\baseline\solution1\.autopilot\db\fit.pp.0.cpp:14826:17: note: FIX-IT applied suggested code changes
C:\Users\abelo\AppData\Roaming\Xilinx\Vitis\phy596\hw1\baseline\solution1\.autopilot\db\fit.pp.0.cpp:14841:9: warning: Added loop label VITIS_LOOP_294_12:   [xilinx-label-all-loops]
        for (int j = 27; j < 46; j++){
        ^~~
        VITIS_LOOP_294_12: 
C:\Users\abelo\AppData\Roaming\Xilinx\Vitis\phy596\hw1\baseline\solution1\.autopilot\db\fit.pp.0.cpp:14841:9: note: FIX-IT applied suggested code changes
C:\Users\abelo\AppData\Roaming\Xilinx\Vitis\phy596\hw1\baseline\solution1\.autopilot\db\fit.pp.0.cpp:14849:17: warning: Added loop label VITIS_LOOP_302_13:   [xilinx-label-all-loops]
                for (int j = 0; j < 46; j++) {
                ^~~
                VITIS_LOOP_302_13: 
C:\Users\abelo\AppData\Roaming\Xilinx\Vitis\phy596\hw1\baseline\solution1\.autopilot\db\fit.pp.0.cpp:14849:17: note: FIX-IT applied suggested code changes
C:\Users\abelo\AppData\Roaming\Xilinx\Vitis\phy596\hw1\baseline\solution1\.autopilot\db\fit.pp.0.cpp:15078:13: warning: Added loop label VITIS_LOOP_531_14:   [xilinx-label-all-loops]
            for (int j = 45; j >= I_+22; j--) {
            ^~~
            VITIS_LOOP_531_14: 
C:\Users\abelo\AppData\Roaming\Xilinx\Vitis\phy596\hw1\baseline\solution1\.autopilot\db\fit.pp.0.cpp:15078:13: note: FIX-IT applied suggested code changes
C:\Users\abelo\AppData\Roaming\Xilinx\Vitis\phy596\hw1\baseline\solution1\.autopilot\db\fit.pp.0.cpp:15084:17: warning: Added loop label VITIS_LOOP_537_15:   [xilinx-label-all-loops]
                for (int j = 45; j >= I_+22; j--){
                ^~~
                VITIS_LOOP_537_15: 
C:\Users\abelo\AppData\Roaming\Xilinx\Vitis\phy596\hw1\baseline\solution1\.autopilot\db\fit.pp.0.cpp:15084:17: note: FIX-IT applied suggested code changes
C:\Users\abelo\AppData\Roaming\Xilinx\Vitis\phy596\hw1\baseline\solution1\.autopilot\db\fit.pp.0.cpp:15088:17: warning: Added loop label VITIS_LOOP_541_16:   [xilinx-label-all-loops]
                for (int j = I_+21; j >= 0; j--) {
                ^~~
                VITIS_LOOP_541_16: 
C:\Users\abelo\AppData\Roaming\Xilinx\Vitis\phy596\hw1\baseline\solution1\.autopilot\db\fit.pp.0.cpp:15088:17: note: FIX-IT applied suggested code changes
C:\Users\abelo\AppData\Roaming\Xilinx\Vitis\phy596\hw1\baseline\solution1\.autopilot\db\fit.pp.0.cpp:15098:9: warning: Added loop label VITIS_LOOP_551_17:   [xilinx-label-all-loops]
        for (int j = 32-F_; j < 32+I_; j++){
        ^~~
        VITIS_LOOP_551_17: 
C:\Users\abelo\AppData\Roaming\Xilinx\Vitis\phy596\hw1\baseline\solution1\.autopilot\db\fit.pp.0.cpp:15098:9: note: FIX-IT applied suggested code changes
C:\Users\abelo\AppData\Roaming\Xilinx\Vitis\phy596\hw1\baseline\solution1\.autopilot\db\fit.pp.0.cpp:15102:9: warning: Added loop label VITIS_LOOP_555_18:   [xilinx-label-all-loops]
        for (int j = 32+I_; j <= 64; j++){
        ^~~
        VITIS_LOOP_555_18: 
C:\Users\abelo\AppData\Roaming\Xilinx\Vitis\phy596\hw1\baseline\solution1\.autopilot\db\fit.pp.0.cpp:15102:9: note: FIX-IT applied suggested code changes
C:\Users\abelo\AppData\Roaming\Xilinx\Vitis\phy596\hw1\baseline\solution1\.autopilot\db\fit.pp.0.cpp:15112:9: warning: Added loop label VITIS_LOOP_565_19:   [xilinx-label-all-loops]
        for (int j = 37; j < 64; j++) {
        ^~~
        VITIS_LOOP_565_19: 
C:\Users\abelo\AppData\Roaming\Xilinx\Vitis\phy596\hw1\baseline\solution1\.autopilot\db\fit.pp.0.cpp:15112:9: note: FIX-IT applied suggested code changes
C:\Users\abelo\AppData\Roaming\Xilinx\Vitis\phy596\hw1\baseline\solution1\.autopilot\db\fit.pp.0.cpp:15120:17: warning: Added loop label VITIS_LOOP_573_20:   [xilinx-label-all-loops]
                for (int j = 0; j < 64; j++){
                ^~~
                VITIS_LOOP_573_20: 
C:\Users\abelo\AppData\Roaming\Xilinx\Vitis\phy596\hw1\baseline\solution1\.autopilot\db\fit.pp.0.cpp:15120:17: note: FIX-IT applied suggested code changes
C:\Users\abelo\AppData\Roaming\Xilinx\Vitis\phy596\hw1\baseline\solution1\.autopilot\db\fit.pp.0.cpp:15481:13: warning: Added loop label VITIS_LOOP_934_21:   [xilinx-label-all-loops]
            for (int j = 63; j >= I_+31; j--) {
            ^~~
            VITIS_LOOP_934_21: 
C:\Users\abelo\AppData\Roaming\Xilinx\Vitis\phy596\hw1\baseline\solution1\.autopilot\db\fit.pp.0.cpp:15481:13: note: FIX-IT applied suggested code changes
C:\Users\abelo\AppData\Roaming\Xilinx\Vitis\phy596\hw1\baseline\solution1\.autopilot\db\fit.pp.0.cpp:15487:17: warning: Added loop label VITIS_LOOP_940_22:   [xilinx-label-all-loops]
                for (int j = 63; j >= I_+31; j--) {
                ^~~
                VITIS_LOOP_940_22: 
C:\Users\abelo\AppData\Roaming\Xilinx\Vitis\phy596\hw1\baseline\solution1\.autopilot\db\fit.pp.0.cpp:15487:17: note: FIX-IT applied suggested code changes
C:\Users\abelo\AppData\Roaming\Xilinx\Vitis\phy596\hw1\baseline\solution1\.autopilot\db\fit.pp.0.cpp:15491:17: warning: Added loop label VITIS_LOOP_944_23:   [xilinx-label-all-loops]
                for (int j = I_+30; j >= 0; j--) {
                ^~~
                VITIS_LOOP_944_23: 
C:\Users\abelo\AppData\Roaming\Xilinx\Vitis\phy596\hw1\baseline\solution1\.autopilot\db\fit.pp.0.cpp:15491:17: note: FIX-IT applied suggested code changes
C:\Users\abelo\AppData\Roaming\Xilinx\Vitis\phy596\hw1\baseline\solution1\.autopilot\db\fit.pp.0.cpp:15607:13: warning: Added loop label VITIS_LOOP_1060_1:   [xilinx-label-all-loops]
            for (int j = 4; j >= I_+1; j--) {
            ^~~
            VITIS_LOOP_1060_1: 
C:\Users\abelo\AppData\Roaming\Xilinx\Vitis\phy596\hw1\baseline\solution1\.autopilot\db\fit.pp.0.cpp:15607:13: note: FIX-IT applied suggested code changes
C:\Users\abelo\AppData\Roaming\Xilinx\Vitis\phy596\hw1\baseline\solution1\.autopilot\db\fit.pp.0.cpp:15613:17: warning: Added loop label VITIS_LOOP_1066_2:   [xilinx-label-all-loops]
                for (int j = 4; j >= I_+1; j--) {
                ^~~
                VITIS_LOOP_1066_2: 
C:\Users\abelo\AppData\Roaming\Xilinx\Vitis\phy596\hw1\baseline\solution1\.autopilot\db\fit.pp.0.cpp:15613:17: note: FIX-IT applied suggested code changes
C:\Users\abelo\AppData\Roaming\Xilinx\Vitis\phy596\hw1\baseline\solution1\.autopilot\db\fit.pp.0.cpp:15617:17: warning: Added loop label VITIS_LOOP_1070_3:   [xilinx-label-all-loops]
                for (int j = I_; j >= 0; j--) {
                ^~~
                VITIS_LOOP_1070_3: 
C:\Users\abelo\AppData\Roaming\Xilinx\Vitis\phy596\hw1\baseline\solution1\.autopilot\db\fit.pp.0.cpp:15617:17: note: FIX-IT applied suggested code changes
C:\Users\abelo\AppData\Roaming\Xilinx\Vitis\phy596\hw1\baseline\solution1\.autopilot\db\fit.pp.0.cpp:15704:13: warning: Added loop label VITIS_LOOP_1157_4:   [xilinx-label-all-loops]
            for (int j = 10; j >= I_+4; j--) {
            ^~~
            VITIS_LOOP_1157_4: 
C:\Users\abelo\AppData\Roaming\Xilinx\Vitis\phy596\hw1\baseline\solution1\.autopilot\db\fit.pp.0.cpp:15704:13: note: FIX-IT applied suggested code changes
C:\Users\abelo\AppData\Roaming\Xilinx\Vitis\phy596\hw1\baseline\solution1\.autopilot\db\fit.pp.0.cpp:15710:17: warning: Added loop label VITIS_LOOP_1163_5:   [xilinx-label-all-loops]
                for (int j = 10; j >= I_+4; j--) {
                ^~~
                VITIS_LOOP_1163_5: 
C:\Users\abelo\AppData\Roaming\Xilinx\Vitis\phy596\hw1\baseline\solution1\.autopilot\db\fit.pp.0.cpp:15710:17: note: FIX-IT applied suggested code changes
C:\Users\abelo\AppData\Roaming\Xilinx\Vitis\phy596\hw1\baseline\solution1\.autopilot\db\fit.pp.0.cpp:15714:17: warning: Added loop label VITIS_LOOP_1167_6:   [xilinx-label-all-loops]
                for (int j = I_+3; j >= 0; j--) {
                ^~~
                VITIS_LOOP_1167_6: 
C:\Users\abelo\AppData\Roaming\Xilinx\Vitis\phy596\hw1\baseline\solution1\.autopilot\db\fit.pp.0.cpp:15714:17: note: FIX-IT applied suggested code changes
C:\Users\abelo\AppData\Roaming\Xilinx\Vitis\phy596\hw1\baseline\solution1\.autopilot\db\fit.pp.0.cpp:15733:9: warning: Added loop label VITIS_LOOP_1186_7:   [xilinx-label-all-loops]
        for (int j = wf+3; j < w-1; j++) {
        ^~~
        VITIS_LOOP_1186_7: 
C:\Users\abelo\AppData\Roaming\Xilinx\Vitis\phy596\hw1\baseline\solution1\.autopilot\db\fit.pp.0.cpp:15733:9: note: FIX-IT applied suggested code changes
C:\Users\abelo\AppData\Roaming\Xilinx\Vitis\phy596\hw1\baseline\solution1\.autopilot\db\fit.pp.0.cpp:15740:17: warning: Added loop label VITIS_LOOP_1193_8:   [xilinx-label-all-loops]
                for (int j = 0; j < 22; j++) {
                ^~~
                VITIS_LOOP_1193_8: 
C:\Users\abelo\AppData\Roaming\Xilinx\Vitis\phy596\hw1\baseline\solution1\.autopilot\db\fit.pp.0.cpp:15740:17: note: FIX-IT applied suggested code changes
C:\Users\abelo\AppData\Roaming\Xilinx\Vitis\phy596\hw1\baseline\solution1\.autopilot\db\fit.pp.0.cpp:15856:13: warning: Added loop label VITIS_LOOP_1309_9:   [xilinx-label-all-loops]
            for (int j = 22; j >= I_+10; j--) {
            ^~~
            VITIS_LOOP_1309_9: 
C:\Users\abelo\AppData\Roaming\Xilinx\Vitis\phy596\hw1\baseline\solution1\.autopilot\db\fit.pp.0.cpp:15856:13: note: FIX-IT applied suggested code changes
C:\Users\abelo\AppData\Roaming\Xilinx\Vitis\phy596\hw1\baseline\solution1\.autopilot\db\fit.pp.0.cpp:15862:17: warning: Added loop label VITIS_LOOP_1315_10:   [xilinx-label-all-loops]
                for (int j = 22; j >= I_+10; j--){
                ^~~
                VITIS_LOOP_1315_10: 
C:\Users\abelo\AppData\Roaming\Xilinx\Vitis\phy596\hw1\baseline\solution1\.autopilot\db\fit.pp.0.cpp:15862:17: note: FIX-IT applied suggested code changes
C:\Users\abelo\AppData\Roaming\Xilinx\Vitis\phy596\hw1\baseline\solution1\.autopilot\db\fit.pp.0.cpp:15866:17: warning: Added loop label VITIS_LOOP_1319_11:   [xilinx-label-all-loops]
                for (int j = I_+9; j >= 0; j--) {
                ^~~
                VITIS_LOOP_1319_11: 
C:\Users\abelo\AppData\Roaming\Xilinx\Vitis\phy596\hw1\baseline\solution1\.autopilot\db\fit.pp.0.cpp:15866:17: note: FIX-IT applied suggested code changes
C:\Users\abelo\AppData\Roaming\Xilinx\Vitis\phy596\hw1\baseline\solution1\.autopilot\db\fit.pp.0.cpp:15886:9: warning: Added loop label VITIS_LOOP_1339_12:   [xilinx-label-all-loops]
        for (int j = wf+4; j < w-1; j++){
        ^~~
        VITIS_LOOP_1339_12: 
C:\Users\abelo\AppData\Roaming\Xilinx\Vitis\phy596\hw1\baseline\solution1\.autopilot\db\fit.pp.0.cpp:15886:9: note: FIX-IT applied suggested code changes
C:\Users\abelo\AppData\Roaming\Xilinx\Vitis\phy596\hw1\baseline\solution1\.autopilot\db\fit.pp.0.cpp:15893:17: warning: Added loop label VITIS_LOOP_1346_13:   [xilinx-label-all-loops]
                for (int j = 0; j < 46; j++) {
                ^~~
                VITIS_LOOP_1346_13: 
C:\Users\abelo\AppData\Roaming\Xilinx\Vitis\phy596\hw1\baseline\solution1\.autopilot\db\fit.pp.0.cpp:15893:17: note: FIX-IT applied suggested code changes
C:\Users\abelo\AppData\Roaming\Xilinx\Vitis\phy596\hw1\baseline\solution1\.autopilot\db\fit.pp.0.cpp:16155:13: warning: Added loop label VITIS_LOOP_1608_14:   [xilinx-label-all-loops]
            for (int j = 46; j >= I_+22; j--) {
            ^~~
            VITIS_LOOP_1608_14: 
C:\Users\abelo\AppData\Roaming\Xilinx\Vitis\phy596\hw1\baseline\solution1\.autopilot\db\fit.pp.0.cpp:16155:13: note: FIX-IT applied suggested code changes
C:\Users\abelo\AppData\Roaming\Xilinx\Vitis\phy596\hw1\baseline\solution1\.autopilot\db\fit.pp.0.cpp:16161:17: warning: Added loop label VITIS_LOOP_1614_15:   [xilinx-label-all-loops]
                for (int j = 46; j >= I_+22; j--) {
                ^~~
                VITIS_LOOP_1614_15: 
C:\Users\abelo\AppData\Roaming\Xilinx\Vitis\phy596\hw1\baseline\solution1\.autopilot\db\fit.pp.0.cpp:16161:17: note: FIX-IT applied suggested code changes
C:\Users\abelo\AppData\Roaming\Xilinx\Vitis\phy596\hw1\baseline\solution1\.autopilot\db\fit.pp.0.cpp:16165:17: warning: Added loop label VITIS_LOOP_1618_16:   [xilinx-label-all-loops]
                for (int j = I_+21; j >= 0; j--) {
                ^~~
                VITIS_LOOP_1618_16: 
C:\Users\abelo\AppData\Roaming\Xilinx\Vitis\phy596\hw1\baseline\solution1\.autopilot\db\fit.pp.0.cpp:16165:17: note: FIX-IT applied suggested code changes
C:\Users\abelo\AppData\Roaming\Xilinx\Vitis\phy596\hw1\baseline\solution1\.autopilot\db\fit.pp.0.cpp:16189:9: warning: Added loop label VITIS_LOOP_1642_17:   [xilinx-label-all-loops]
        for (int j = wf+5; j < w-1; j++){
        ^~~
        VITIS_LOOP_1642_17: 
C:\Users\abelo\AppData\Roaming\Xilinx\Vitis\phy596\hw1\baseline\solution1\.autopilot\db\fit.pp.0.cpp:16189:9: note: FIX-IT applied suggested code changes
C:\Users\abelo\AppData\Roaming\Xilinx\Vitis\phy596\hw1\baseline\solution1\.autopilot\db\fit.pp.0.cpp:16196:17: warning: Added loop label VITIS_LOOP_1649_18:   [xilinx-label-all-loops]
                for (int j = 0; j < 64; j++) {
                ^~~
                VITIS_LOOP_1649_18: 
C:\Users\abelo\AppData\Roaming\Xilinx\Vitis\phy596\hw1\baseline\solution1\.autopilot\db\fit.pp.0.cpp:16196:17: note: FIX-IT applied suggested code changes
C:\Users\abelo\AppData\Roaming\Xilinx\Vitis\phy596\hw1\baseline\solution1\.autopilot\db\fit.pp.0.cpp:16626:13: warning: Added loop label VITIS_LOOP_2079_19:   [xilinx-label-all-loops]
            for (int j = 64; j >= I_+31; j--) {
            ^~~
            VITIS_LOOP_2079_19: 
C:\Users\abelo\AppData\Roaming\Xilinx\Vitis\phy596\hw1\baseline\solution1\.autopilot\db\fit.pp.0.cpp:16626:13: note: FIX-IT applied suggested code changes
C:\Users\abelo\AppData\Roaming\Xilinx\Vitis\phy596\hw1\baseline\solution1\.autopilot\db\fit.pp.0.cpp:16632:17: warning: Added loop label VITIS_LOOP_2085_20:   [xilinx-label-all-loops]
                for (int j = 64; j >= I_+31; j--) {
                ^~~
                VITIS_LOOP_2085_20: 
C:\Users\abelo\AppData\Roaming\Xilinx\Vitis\phy596\hw1\baseline\solution1\.autopilot\db\fit.pp.0.cpp:16632:17: note: FIX-IT applied suggested code changes
C:\Users\abelo\AppData\Roaming\Xilinx\Vitis\phy596\hw1\baseline\solution1\.autopilot\db\fit.pp.0.cpp:16636:17: warning: Added loop label VITIS_LOOP_2089_21:   [xilinx-label-all-loops]
                for (int j = I_+30; j >= 0; j--) {
                ^~~
                VITIS_LOOP_2089_21: 
C:\Users\abelo\AppData\Roaming\Xilinx\Vitis\phy596\hw1\baseline\solution1\.autopilot\db\fit.pp.0.cpp:16636:17: note: FIX-IT applied suggested code changes
C:\Users\abelo\AppData\Roaming\Xilinx\Vitis\phy596\hw1\baseline\solution1\.autopilot\db\fit.pp.0.cpp:16766:13: warning: Added loop label VITIS_LOOP_2219_1:   [xilinx-label-all-loops]
            for(int j=3; j>=I+1; j--) {
            ^~~
            VITIS_LOOP_2219_1: 
C:\Users\abelo\AppData\Roaming\Xilinx\Vitis\phy596\hw1\baseline\solution1\.autopilot\db\fit.pp.0.cpp:16766:13: note: FIX-IT applied suggested code changes
C:\Users\abelo\AppData\Roaming\Xilinx\Vitis\phy596\hw1\baseline\solution1\.autopilot\db\fit.pp.0.cpp:16773:17: warning: Added loop label VITIS_LOOP_2226_2:   [xilinx-label-all-loops]
                for(int j=3; j>=I+1; j--) {
                ^~~
                VITIS_LOOP_2226_2: 
C:\Users\abelo\AppData\Roaming\Xilinx\Vitis\phy596\hw1\baseline\solution1\.autopilot\db\fit.pp.0.cpp:16773:17: note: FIX-IT applied suggested code changes
C:\Users\abelo\AppData\Roaming\Xilinx\Vitis\phy596\hw1\baseline\solution1\.autopilot\db\fit.pp.0.cpp:16777:17: warning: Added loop label VITIS_LOOP_2230_3:   [xilinx-label-all-loops]
                for(int j=I; j>=0; j--) {
                ^~~
                VITIS_LOOP_2230_3: 
C:\Users\abelo\AppData\Roaming\Xilinx\Vitis\phy596\hw1\baseline\solution1\.autopilot\db\fit.pp.0.cpp:16777:17: note: FIX-IT applied suggested code changes
C:\Users\abelo\AppData\Roaming\Xilinx\Vitis\phy596\hw1\baseline\solution1\.autopilot\db\fit.pp.0.cpp:16824:13: warning: Added loop label VITIS_LOOP_2277_4:   [xilinx-label-all-loops]
            for(int j=7; j>=3+I; j--) {
            ^~~
            VITIS_LOOP_2277_4: 
C:\Users\abelo\AppData\Roaming\Xilinx\Vitis\phy596\hw1\baseline\solution1\.autopilot\db\fit.pp.0.cpp:16824:13: note: FIX-IT applied suggested code changes
C:\Users\abelo\AppData\Roaming\Xilinx\Vitis\phy596\hw1\baseline\solution1\.autopilot\db\fit.pp.0.cpp:16831:17: warning: Added loop label VITIS_LOOP_2284_5:   [xilinx-label-all-loops]
                for(int j=7; j>=3+I; j--) {
                ^~~
                VITIS_LOOP_2284_5: 
C:\Users\abelo\AppData\Roaming\Xilinx\Vitis\phy596\hw1\baseline\solution1\.autopilot\db\fit.pp.0.cpp:16831:17: note: FIX-IT applied suggested code changes
C:\Users\abelo\AppData\Roaming\Xilinx\Vitis\phy596\hw1\baseline\solution1\.autopilot\db\fit.pp.0.cpp:16835:17: warning: Added loop label VITIS_LOOP_2288_6:   [xilinx-label-all-loops]
                for(int j=I+2; j>=0; j--) {
                ^~~
                VITIS_LOOP_2288_6: 
C:\Users\abelo\AppData\Roaming\Xilinx\Vitis\phy596\hw1\baseline\solution1\.autopilot\db\fit.pp.0.cpp:16835:17: note: FIX-IT applied suggested code changes
C:\Users\abelo\AppData\Roaming\Xilinx\Vitis\phy596\hw1\baseline\solution1\.autopilot\db\fit.pp.0.cpp:16853:9: warning: Added loop label VITIS_LOOP_2306_7:   [xilinx-label-all-loops]
        for(int j=11; j<16; j++) {
        ^~~
        VITIS_LOOP_2306_7: 
C:\Users\abelo\AppData\Roaming\Xilinx\Vitis\phy596\hw1\baseline\solution1\.autopilot\db\fit.pp.0.cpp:16853:9: note: FIX-IT applied suggested code changes
C:\Users\abelo\AppData\Roaming\Xilinx\Vitis\phy596\hw1\baseline\solution1\.autopilot\db\fit.pp.0.cpp:16908:13: warning: Added loop label VITIS_LOOP_2361_8:   [xilinx-label-all-loops]
            for(int j=15; j>=7+I; j--) {
            ^~~
            VITIS_LOOP_2361_8: 
C:\Users\abelo\AppData\Roaming\Xilinx\Vitis\phy596\hw1\baseline\solution1\.autopilot\db\fit.pp.0.cpp:16908:13: note: FIX-IT applied suggested code changes
C:\Users\abelo\AppData\Roaming\Xilinx\Vitis\phy596\hw1\baseline\solution1\.autopilot\db\fit.pp.0.cpp:16915:17: warning: Added loop label VITIS_LOOP_2368_9:   [xilinx-label-all-loops]
                for(int j=15; j>=7+I; j--) {
                ^~~
                VITIS_LOOP_2368_9: 
C:\Users\abelo\AppData\Roaming\Xilinx\Vitis\phy596\hw1\baseline\solution1\.autopilot\db\fit.pp.0.cpp:16915:17: note: FIX-IT applied suggested code changes
C:\Users\abelo\AppData\Roaming\Xilinx\Vitis\phy596\hw1\baseline\solution1\.autopilot\db\fit.pp.0.cpp:16919:17: warning: Added loop label VITIS_LOOP_2372_10:   [xilinx-label-all-loops]
                for(int j=6+I; j>=0; j--) {
                ^~~
                VITIS_LOOP_2372_10: 
C:\Users\abelo\AppData\Roaming\Xilinx\Vitis\phy596\hw1\baseline\solution1\.autopilot\db\fit.pp.0.cpp:16919:17: note: FIX-IT applied suggested code changes
C:\Users\abelo\AppData\Roaming\Xilinx\Vitis\phy596\hw1\baseline\solution1\.autopilot\db\fit.pp.0.cpp:16937:9: warning: Added loop label VITIS_LOOP_2390_11:   [xilinx-label-all-loops]
        for(int j=20; j<32; j++) {
        ^~~
        VITIS_LOOP_2390_11: 
C:\Users\abelo\AppData\Roaming\Xilinx\Vitis\phy596\hw1\baseline\solution1\.autopilot\db\fit.pp.0.cpp:16937:9: note: FIX-IT applied suggested code changes
C:\Users\abelo\AppData\Roaming\Xilinx\Vitis\phy596\hw1\baseline\solution1\.autopilot\db\fit.pp.0.cpp:17026:13: warning: Added loop label VITIS_LOOP_2479_12:   [xilinx-label-all-loops]
            for(int j=31; j>=I+15; j--) {
            ^~~
            VITIS_LOOP_2479_12: 
C:\Users\abelo\AppData\Roaming\Xilinx\Vitis\phy596\hw1\baseline\solution1\.autopilot\db\fit.pp.0.cpp:17026:13: note: FIX-IT applied suggested code changes
C:\Users\abelo\AppData\Roaming\Xilinx\Vitis\phy596\hw1\baseline\solution1\.autopilot\db\fit.pp.0.cpp:17033:17: warning: Added loop label VITIS_LOOP_2486_13:   [xilinx-label-all-loops]
                for(int j=31; j>=I+15; j--) {
                ^~~
                VITIS_LOOP_2486_13: 
C:\Users\abelo\AppData\Roaming\Xilinx\Vitis\phy596\hw1\baseline\solution1\.autopilot\db\fit.pp.0.cpp:17033:17: note: FIX-IT applied suggested code changes
C:\Users\abelo\AppData\Roaming\Xilinx\Vitis\phy596\hw1\baseline\solution1\.autopilot\db\fit.pp.0.cpp:17037:17: warning: Added loop label VITIS_LOOP_2490_14:   [xilinx-label-all-loops]
                for(int j=I+14; j>=0; j--) {
                ^~~
                VITIS_LOOP_2490_14: 
C:\Users\abelo\AppData\Roaming\Xilinx\Vitis\phy596\hw1\baseline\solution1\.autopilot\db\fit.pp.0.cpp:17037:17: note: FIX-IT applied suggested code changes
C:\Users\abelo\AppData\Roaming\Xilinx\Vitis\phy596\hw1\baseline\solution1\.autopilot\db\fit.pp.0.cpp:17047:9: warning: Added loop label VITIS_LOOP_2500_15:   [xilinx-label-all-loops]
        for(int j=32-F; j<32+I; j++) {
        ^~~
        VITIS_LOOP_2500_15: 
C:\Users\abelo\AppData\Roaming\Xilinx\Vitis\phy596\hw1\baseline\solution1\.autopilot\db\fit.pp.0.cpp:17047:9: note: FIX-IT applied suggested code changes
C:\Users\abelo\AppData\Roaming\Xilinx\Vitis\phy596\hw1\baseline\solution1\.autopilot\db\fit.pp.0.cpp:17051:9: warning: Added loop label VITIS_LOOP_2504_16:   [xilinx-label-all-loops]
        for(int j=32+I; j<=64; j++) {
        ^~~
        VITIS_LOOP_2504_16: 
C:\Users\abelo\AppData\Roaming\Xilinx\Vitis\phy596\hw1\baseline\solution1\.autopilot\db\fit.pp.0.cpp:17051:9: note: FIX-IT applied suggested code changes
C:\Users\abelo\AppData\Roaming\Xilinx\Vitis\phy596\hw1\baseline\solution1\.autopilot\db\fit.pp.0.cpp:17062:9: warning: Added loop label VITIS_LOOP_2515_17:   [xilinx-label-all-loops]
        for(int j=37; j<64; j++) {
        ^~~
        VITIS_LOOP_2515_17: 
C:\Users\abelo\AppData\Roaming\Xilinx\Vitis\phy596\hw1\baseline\solution1\.autopilot\db\fit.pp.0.cpp:17062:9: note: FIX-IT applied suggested code changes
C:\Users\abelo\AppData\Roaming\Xilinx\Vitis\phy596\hw1\baseline\solution1\.autopilot\db\fit.pp.0.cpp:17070:17: warning: Added loop label VITIS_LOOP_2523_18:   [xilinx-label-all-loops]
                for(int j=0; j<64; j++) {
                ^~~
                VITIS_LOOP_2523_18: 
C:\Users\abelo\AppData\Roaming\Xilinx\Vitis\phy596\hw1\baseline\solution1\.autopilot\db\fit.pp.0.cpp:17070:17: note: FIX-IT applied suggested code changes
C:\Users\abelo\AppData\Roaming\Xilinx\Vitis\phy596\hw1\baseline\solution1\.autopilot\db\fit.pp.0.cpp:17395:13: warning: Added loop label VITIS_LOOP_2848_19:   [xilinx-label-all-loops]
            for(int j=63; j>=I+31; j--) {
            ^~~
            VITIS_LOOP_2848_19: 
C:\Users\abelo\AppData\Roaming\Xilinx\Vitis\phy596\hw1\baseline\solution1\.autopilot\db\fit.pp.0.cpp:17395:13: note: FIX-IT applied suggested code changes
C:\Users\abelo\AppData\Roaming\Xilinx\Vitis\phy596\hw1\baseline\solution1\.autopilot\db\fit.pp.0.cpp:17402:17: warning: Added loop label VITIS_LOOP_2855_20:   [xilinx-label-all-loops]
                for(int j=63; j>=I+31; j--) {
                ^~~
                VITIS_LOOP_2855_20: 
C:\Users\abelo\AppData\Roaming\Xilinx\Vitis\phy596\hw1\baseline\solution1\.autopilot\db\fit.pp.0.cpp:17402:17: note: FIX-IT applied suggested code changes
C:\Users\abelo\AppData\Roaming\Xilinx\Vitis\phy596\hw1\baseline\solution1\.autopilot\db\fit.pp.0.cpp:17406:17: warning: Added loop label VITIS_LOOP_2859_21:   [xilinx-label-all-loops]
                for(int j=I+30; j>=0; j--) {
                ^~~
                VITIS_LOOP_2859_21: 
C:\Users\abelo\AppData\Roaming\Xilinx\Vitis\phy596\hw1\baseline\solution1\.autopilot\db\fit.pp.0.cpp:17406:17: note: FIX-IT applied suggested code changes
C:\Users\abelo\AppData\Roaming\Xilinx\Vitis\phy596\hw1\baseline\solution1\.autopilot\db\fit.pp.0.cpp:17494:4: warning: Added loop label VITIS_LOOP_2947_1:   [xilinx-label-all-loops]
   for(int j = 5; j>=I_+2; j--) {
   ^~~
   VITIS_LOOP_2947_1: 
C:\Users\abelo\AppData\Roaming\Xilinx\Vitis\phy596\hw1\baseline\solution1\.autopilot\db\fit.pp.0.cpp:17494:4: note: FIX-IT applied suggested code changes
C:\Users\abelo\AppData\Roaming\Xilinx\Vitis\phy596\hw1\baseline\solution1\.autopilot\db\fit.pp.0.cpp:17501:5: warning: Added loop label VITIS_LOOP_2954_2:   [xilinx-label-all-loops]
    for(int j = 5; j>=I_+2; j--) {
    ^~~
    VITIS_LOOP_2954_2: 
C:\Users\abelo\AppData\Roaming\Xilinx\Vitis\phy596\hw1\baseline\solution1\.autopilot\db\fit.pp.0.cpp:17501:5: note: FIX-IT applied suggested code changes
C:\Users\abelo\AppData\Roaming\Xilinx\Vitis\phy596\hw1\baseline\solution1\.autopilot\db\fit.pp.0.cpp:17505:5: warning: Added loop label VITIS_LOOP_2958_3:   [xilinx-label-all-loops]
    for(int j = I_+1; j>=0; j--) {
    ^~~
    VITIS_LOOP_2958_3: 
C:\Users\abelo\AppData\Roaming\Xilinx\Vitis\phy596\hw1\baseline\solution1\.autopilot\db\fit.pp.0.cpp:17505:5: note: FIX-IT applied suggested code changes
C:\Users\abelo\AppData\Roaming\Xilinx\Vitis\phy596\hw1\baseline\solution1\.autopilot\db\fit.pp.0.cpp:17520:3: warning: Added loop label VITIS_LOOP_2973_4:   [xilinx-label-all-loops]
  for(int j = 11; j >=7; j--) {
  ^~~
  VITIS_LOOP_2973_4: 
C:\Users\abelo\AppData\Roaming\Xilinx\Vitis\phy596\hw1\baseline\solution1\.autopilot\db\fit.pp.0.cpp:17520:3: note: FIX-IT applied suggested code changes
C:\Users\abelo\AppData\Roaming\Xilinx\Vitis\phy596\hw1\baseline\solution1\.autopilot\db\fit.pp.0.cpp:17552:4: warning: Added loop label VITIS_LOOP_3005_5:   [xilinx-label-all-loops]
   for(int j = 11; j >= I_+5; j--) {
   ^~~
   VITIS_LOOP_3005_5: 
C:\Users\abelo\AppData\Roaming\Xilinx\Vitis\phy596\hw1\baseline\solution1\.autopilot\db\fit.pp.0.cpp:17552:4: note: FIX-IT applied suggested code changes
C:\Users\abelo\AppData\Roaming\Xilinx\Vitis\phy596\hw1\baseline\solution1\.autopilot\db\fit.pp.0.cpp:17559:5: warning: Added loop label VITIS_LOOP_3012_6:   [xilinx-label-all-loops]
    for(int j = 11; j>= I_+5; j--) {
    ^~~
    VITIS_LOOP_3012_6: 
C:\Users\abelo\AppData\Roaming\Xilinx\Vitis\phy596\hw1\baseline\solution1\.autopilot\db\fit.pp.0.cpp:17559:5: note: FIX-IT applied suggested code changes
C:\Users\abelo\AppData\Roaming\Xilinx\Vitis\phy596\hw1\baseline\solution1\.autopilot\db\fit.pp.0.cpp:17563:5: warning: Added loop label VITIS_LOOP_3016_7:   [xilinx-label-all-loops]
    for(int j = I_+4; j>=0; j--) {
    ^~~
    VITIS_LOOP_3016_7: 
C:\Users\abelo\AppData\Roaming\Xilinx\Vitis\phy596\hw1\baseline\solution1\.autopilot\db\fit.pp.0.cpp:17563:5: note: FIX-IT applied suggested code changes
C:\Users\abelo\AppData\Roaming\Xilinx\Vitis\phy596\hw1\baseline\solution1\.autopilot\db\fit.pp.0.cpp:17578:3: warning: Added loop label VITIS_LOOP_3031_8:   [xilinx-label-all-loops]
  for(int j = 25; j>=15; j--) {
  ^~~
  VITIS_LOOP_3031_8: 
C:\Users\abelo\AppData\Roaming\Xilinx\Vitis\phy596\hw1\baseline\solution1\.autopilot\db\fit.pp.0.cpp:17578:3: note: FIX-IT applied suggested code changes
C:\Users\abelo\AppData\Roaming\Xilinx\Vitis\phy596\hw1\baseline\solution1\.autopilot\db\fit.pp.0.cpp:17628:4: warning: Added loop label VITIS_LOOP_3081_9:   [xilinx-label-all-loops]
   for(int j = 25; j>= I_+12; j--) {
   ^~~
   VITIS_LOOP_3081_9: 
C:\Users\abelo\AppData\Roaming\Xilinx\Vitis\phy596\hw1\baseline\solution1\.autopilot\db\fit.pp.0.cpp:17628:4: note: FIX-IT applied suggested code changes
C:\Users\abelo\AppData\Roaming\Xilinx\Vitis\phy596\hw1\baseline\solution1\.autopilot\db\fit.pp.0.cpp:17635:5: warning: Added loop label VITIS_LOOP_3088_10:   [xilinx-label-all-loops]
    for(int j = 25; j>=I_+12; j--) {
    ^~~
    VITIS_LOOP_3088_10: 
C:\Users\abelo\AppData\Roaming\Xilinx\Vitis\phy596\hw1\baseline\solution1\.autopilot\db\fit.pp.0.cpp:17635:5: note: FIX-IT applied suggested code changes
C:\Users\abelo\AppData\Roaming\Xilinx\Vitis\phy596\hw1\baseline\solution1\.autopilot\db\fit.pp.0.cpp:17639:5: warning: Added loop label VITIS_LOOP_3092_11:   [xilinx-label-all-loops]
    for(int j = I_+11; j>=0; j--) {
    ^~~
    VITIS_LOOP_3092_11: 
C:\Users\abelo\AppData\Roaming\Xilinx\Vitis\phy596\hw1\baseline\solution1\.autopilot\db\fit.pp.0.cpp:17639:5: note: FIX-IT applied suggested code changes
C:\Users\abelo\AppData\Roaming\Xilinx\Vitis\phy596\hw1\baseline\solution1\.autopilot\db\fit.pp.0.cpp:17654:3: warning: Added loop label VITIS_LOOP_3107_12:   [xilinx-label-all-loops]
  for(int j = 51; j >= 29; j--) {
  ^~~
  VITIS_LOOP_3107_12: 
C:\Users\abelo\AppData\Roaming\Xilinx\Vitis\phy596\hw1\baseline\solution1\.autopilot\db\fit.pp.0.cpp:17654:3: note: FIX-IT applied suggested code changes
C:\Users\abelo\AppData\Roaming\Xilinx\Vitis\phy596\hw1\baseline\solution1\.autopilot\db\fit.pp.0.cpp:17791:4: warning: Added loop label VITIS_LOOP_3244_13:   [xilinx-label-all-loops]
   for(int j = 51; j >= 25 + I_; j--) {
   ^~~
   VITIS_LOOP_3244_13: 
C:\Users\abelo\AppData\Roaming\Xilinx\Vitis\phy596\hw1\baseline\solution1\.autopilot\db\fit.pp.0.cpp:17791:4: note: FIX-IT applied suggested code changes
C:\Users\abelo\AppData\Roaming\Xilinx\Vitis\phy596\hw1\baseline\solution1\.autopilot\db\fit.pp.0.cpp:17798:5: warning: Added loop label VITIS_LOOP_3251_14:   [xilinx-label-all-loops]
    for(int j = 51; j>=25 + I_; j--) {
    ^~~
    VITIS_LOOP_3251_14: 
C:\Users\abelo\AppData\Roaming\Xilinx\Vitis\phy596\hw1\baseline\solution1\.autopilot\db\fit.pp.0.cpp:17798:5: note: FIX-IT applied suggested code changes
C:\Users\abelo\AppData\Roaming\Xilinx\Vitis\phy596\hw1\baseline\solution1\.autopilot\db\fit.pp.0.cpp:17802:5: warning: Added loop label VITIS_LOOP_3255_15:   [xilinx-label-all-loops]
    for(int j = 24 + I_; j >= 0; j--) {
    ^~~
    VITIS_LOOP_3255_15: 
C:\Users\abelo\AppData\Roaming\Xilinx\Vitis\phy596\hw1\baseline\solution1\.autopilot\db\fit.pp.0.cpp:17802:5: note: FIX-IT applied suggested code changes
C:\Users\abelo\AppData\Roaming\Xilinx\Vitis\phy596\hw1\baseline\solution1\.autopilot\db\fit.pp.0.cpp:17817:3: warning: Added loop label VITIS_LOOP_3270_16:   [xilinx-label-all-loops]
  for(int j = 63; j >= 36; j--) {
  ^~~
  VITIS_LOOP_3270_16: 
C:\Users\abelo\AppData\Roaming\Xilinx\Vitis\phy596\hw1\baseline\solution1\.autopilot\db\fit.pp.0.cpp:17817:3: note: FIX-IT applied suggested code changes
C:\Users\abelo\AppData\Roaming\Xilinx\Vitis\phy596\hw1\baseline\solution1\.autopilot\db\fit.pp.0.cpp:17977:4: warning: Added loop label VITIS_LOOP_3430_17:   [xilinx-label-all-loops]
   for(int j = 63; j >= 31 + I_; j--) {
   ^~~
   VITIS_LOOP_3430_17: 
C:\Users\abelo\AppData\Roaming\Xilinx\Vitis\phy596\hw1\baseline\solution1\.autopilot\db\fit.pp.0.cpp:17977:4: note: FIX-IT applied suggested code changes
C:\Users\abelo\AppData\Roaming\Xilinx\Vitis\phy596\hw1\baseline\solution1\.autopilot\db\fit.pp.0.cpp:17984:5: warning: Added loop label VITIS_LOOP_3437_18:   [xilinx-label-all-loops]
    for(int j = 63; j >= 31 + I_; j--) {
    ^~~
    VITIS_LOOP_3437_18: 
C:\Users\abelo\AppData\Roaming\Xilinx\Vitis\phy596\hw1\baseline\solution1\.autopilot\db\fit.pp.0.cpp:17984:5: note: FIX-IT applied suggested code changes
C:\Users\abelo\AppData\Roaming\Xilinx\Vitis\phy596\hw1\baseline\solution1\.autopilot\db\fit.pp.0.cpp:17988:5: warning: Added loop label VITIS_LOOP_3441_19:   [xilinx-label-all-loops]
    for(int j = 30 + I_; j >= 0; j--) {
    ^~~
    VITIS_LOOP_3441_19: 
C:\Users\abelo\AppData\Roaming\Xilinx\Vitis\phy596\hw1\baseline\solution1\.autopilot\db\fit.pp.0.cpp:17988:5: note: FIX-IT applied suggested code changes
C:\Users\abelo\AppData\Roaming\Xilinx\Vitis\phy596\hw1\baseline\solution1\.autopilot\db\fit.pp.0.cpp:18703:13: warning: Added loop label VITIS_LOOP_729_1:   [xilinx-label-all-loops]
            for (b_exp = I_-1; b_exp >= -F_; b_exp--) {
            ^~~
            VITIS_LOOP_729_1: 
C:\Users\abelo\AppData\Roaming\Xilinx\Vitis\phy596\hw1\baseline\solution1\.autopilot\db\fit.pp.0.cpp:18703:13: note: FIX-IT applied suggested code changes
C:\Users\abelo\AppData\Roaming\Xilinx\Vitis\phy596\hw1\baseline\solution1\.autopilot\db\fit.pp.0.cpp:18921:13: warning: Added loop label VITIS_LOOP_947_1:   [xilinx-label-all-loops]
            for (b_exp = I_-1; b_exp >= -F_; b_exp--) {
            ^~~
            VITIS_LOOP_947_1: 
C:\Users\abelo\AppData\Roaming\Xilinx\Vitis\phy596\hw1\baseline\solution1\.autopilot\db\fit.pp.0.cpp:18921:13: note: FIX-IT applied suggested code changes
C:\Users\abelo\AppData\Roaming\Xilinx\Vitis\phy596\hw1\baseline\solution1\.autopilot\db\fit.pp.0.cpp:19338:13: warning: Added loop label VITIS_LOOP_1371_1:   [xilinx-label-all-loops]
            for (b_exp = I_-1; b_exp >= -F_; b_exp--) {
            ^~~
            VITIS_LOOP_1371_1: 
C:\Users\abelo\AppData\Roaming\Xilinx\Vitis\phy596\hw1\baseline\solution1\.autopilot\db\fit.pp.0.cpp:19338:13: note: FIX-IT applied suggested code changes
C:\Users\abelo\AppData\Roaming\Xilinx\Vitis\phy596\hw1\baseline\solution1\.autopilot\db\fit.pp.0.cpp:19652:9: warning: Added loop label VITIS_LOOP_266_1:   [xilinx-label-all-loops]
        for ( int pos = msbr-1; pos >= 0; pos-- ) {
        ^~~
        VITIS_LOOP_266_1: 
C:\Users\abelo\AppData\Roaming\Xilinx\Vitis\phy596\hw1\baseline\solution1\.autopilot\db\fit.pp.0.cpp:19652:9: note: FIX-IT applied suggested code changes
C:\Users\abelo\AppData\Roaming\Xilinx\Vitis\phy596\hw1\baseline\solution1\.autopilot\db\fit.pp.0.cpp:19680:9: warning: Added loop label VITIS_LOOP_294_2:   [xilinx-label-all-loops]
        for ( int pos = -1; pos >= -F_-1; pos-- ) {
        ^~~
        VITIS_LOOP_294_2: 
C:\Users\abelo\AppData\Roaming\Xilinx\Vitis\phy596\hw1\baseline\solution1\.autopilot\db\fit.pp.0.cpp:19680:9: note: FIX-IT applied suggested code changes
C:\Users\abelo\AppData\Roaming\Xilinx\Vitis\phy596\hw1\baseline\solution1\.autopilot\db\fit.pp.0.cpp:20375:13: warning: Added loop label VITIS_LOOP_74_1:   [xilinx-label-all-loops]
            for (int j = 0; j < W_-1; j++){
            ^~~
            VITIS_LOOP_74_1: 
C:\Users\abelo\AppData\Roaming\Xilinx\Vitis\phy596\hw1\baseline\solution1\.autopilot\db\fit.pp.0.cpp:20375:13: note: FIX-IT applied suggested code changes
C:\Users\abelo\AppData\Roaming\Xilinx\Vitis\phy596\hw1\baseline\solution1\.autopilot\db\fit.pp.0.cpp:20428:5: warning: Added loop label VITIS_LOOP_135_2:   [xilinx-label-all-loops]
    for (int j = F_l+F_+I_m-1; j < F_l+W_+5; j++){
    ^~~
    VITIS_LOOP_135_2: 
C:\Users\abelo\AppData\Roaming\Xilinx\Vitis\phy596\hw1\baseline\solution1\.autopilot\db\fit.pp.0.cpp:20428:5: note: FIX-IT applied suggested code changes
C:\Users\abelo\AppData\Roaming\Xilinx\Vitis\phy596\hw1\baseline\solution1\.autopilot\db\fit.pp.0.cpp:20442:13: warning: Added loop label VITIS_LOOP_149_3:   [xilinx-label-all-loops]
            for (int j = WO_m-1; j >= W_-1; j--) {
            ^~~
            VITIS_LOOP_149_3: 
C:\Users\abelo\AppData\Roaming\Xilinx\Vitis\phy596\hw1\baseline\solution1\.autopilot\db\fit.pp.0.cpp:20442:13: note: FIX-IT applied suggested code changes
C:\Users\abelo\AppData\Roaming\Xilinx\Vitis\phy596\hw1\baseline\solution1\.autopilot\db\fit.pp.0.cpp:20472:13: warning: Added loop label VITIS_LOOP_179_4:   [xilinx-label-all-loops]
            for (int j = W_-2; j >= 0; j--){
            ^~~
            VITIS_LOOP_179_4: 
C:\Users\abelo\AppData\Roaming\Xilinx\Vitis\phy596\hw1\baseline\solution1\.autopilot\db\fit.pp.0.cpp:20472:13: note: FIX-IT applied suggested code changes
C:\Users\abelo\AppData\Roaming\Xilinx\Vitis\phy596\hw1\baseline\solution1\.autopilot\db\fit.pp.0.cpp:20557:12: warning: Added loop label VITIS_LOOP_307_1:   [xilinx-label-all-loops]
           for(int i = wf_log+we_log-2; i > WI_e - 2; --i) {
           ^~~
           VITIS_LOOP_307_1: 
C:\Users\abelo\AppData\Roaming\Xilinx\Vitis\phy596\hw1\baseline\solution1\.autopilot\db\fit.pp.0.cpp:20557:12: note: FIX-IT applied suggested code changes
C:\Users\abelo\AppData\Roaming\Xilinx\Vitis\phy596\hw1\baseline\solution1\.autopilot\db\fit.pp.0.cpp:20577:16: warning: Added loop label VITIS_LOOP_327_2:   [xilinx-label-all-loops]
               for (int j = WO_e-1; j >= W_-1; j--) {
               ^~~
               VITIS_LOOP_327_2: 
C:\Users\abelo\AppData\Roaming\Xilinx\Vitis\phy596\hw1\baseline\solution1\.autopilot\db\fit.pp.0.cpp:20577:16: note: FIX-IT applied suggested code changes
C:\Users\abelo\AppData\Roaming\Xilinx\Vitis\phy596\hw1\baseline\solution1\.autopilot\db\fit.pp.0.cpp:20591:20: warning: Added loop label VITIS_LOOP_341_3:   [xilinx-label-all-loops]
                   for(int i = 0; i < W_-1; ++i) {
                   ^~~
                   VITIS_LOOP_341_3: 
C:\Users\abelo\AppData\Roaming\Xilinx\Vitis\phy596\hw1\baseline\solution1\.autopilot\db\fit.pp.0.cpp:20591:20: note: FIX-IT applied suggested code changes
C:\Users\abelo\AppData\Roaming\Xilinx\Vitis\phy596\hw1\baseline\solution1\.autopilot\db\fit.pp.0.cpp:20684:12: warning: Added loop label VITIS_LOOP_459_1:   [xilinx-label-all-loops]
           for (int j =WO_d-1; j >= W_-1; j--) {
           ^~~
           VITIS_LOOP_459_1: 
C:\Users\abelo\AppData\Roaming\Xilinx\Vitis\phy596\hw1\baseline\solution1\.autopilot\db\fit.pp.0.cpp:20684:12: note: FIX-IT applied suggested code changes
C:\Users\abelo\AppData\Roaming\Xilinx\Vitis\phy596\hw1\baseline\solution1\.autopilot\db\fit.pp.0.cpp:20698:15: warning: Added loop label VITIS_LOOP_473_2:   [xilinx-label-all-loops]
              for(int i = 0; i < W_-1; ++i) {
              ^~~
              VITIS_LOOP_473_2: 
C:\Users\abelo\AppData\Roaming\Xilinx\Vitis\phy596\hw1\baseline\solution1\.autopilot\db\fit.pp.0.cpp:20698:15: note: FIX-IT applied suggested code changes
C:\Users\abelo\AppData\Roaming\Xilinx\Vitis\phy596\hw1\baseline\solution1\.autopilot\db\fit.pp.0.cpp:20811:13: warning: Added loop label VITIS_LOOP_59_1:   [xilinx-label-all-loops]
            for (int i = 0; i < W_-1; i++){
            ^~~
            VITIS_LOOP_59_1: 
C:\Users\abelo\AppData\Roaming\Xilinx\Vitis\phy596\hw1\baseline\solution1\.autopilot\db\fit.pp.0.cpp:20811:13: note: FIX-IT applied suggested code changes
C:\Users\abelo\AppData\Roaming\Xilinx\Vitis\phy596\hw1\baseline\solution1\.autopilot\db\fit.pp.0.cpp:20935:13: warning: Added loop label VITIS_LOOP_209_1:   [xilinx-label-all-loops]
            for (int i = 0; i < W_-1; i++){
            ^~~
            VITIS_LOOP_209_1: 
C:\Users\abelo\AppData\Roaming\Xilinx\Vitis\phy596\hw1\baseline\solution1\.autopilot\db\fit.pp.0.cpp:20935:13: note: FIX-IT applied suggested code changes
C:\Users\abelo\AppData\Roaming\Xilinx\Vitis\phy596\hw1\baseline\solution1\.autopilot\db\fit.pp.0.cpp:20990:13: warning: Added loop label VITIS_LOOP_274_1:   [xilinx-label-all-loops]
            for (int i = 0; i < W_-1; i++){
            ^~~
            VITIS_LOOP_274_1: 
C:\Users\abelo\AppData\Roaming\Xilinx\Vitis\phy596\hw1\baseline\solution1\.autopilot\db\fit.pp.0.cpp:20990:13: note: FIX-IT applied suggested code changes
C:\Users\abelo\AppData\Roaming\Xilinx\Vitis\phy596\hw1\baseline\solution1\.autopilot\db\fit.pp.0.cpp:21495:2: warning: Added loop label VITIS_LOOP_42_1:   [xilinx-label-all-loops]
 for (int i=0; i<W_;i++)
 ^~~
 VITIS_LOOP_42_1: 
C:\Users\abelo\AppData\Roaming\Xilinx\Vitis\phy596\hw1\baseline\solution1\.autopilot\db\fit.pp.0.cpp:21495:2: note: FIX-IT applied suggested code changes
C:\Users\abelo\AppData\Roaming\Xilinx\Vitis\phy596\hw1\baseline\solution1\.autopilot\db\fit.pp.0.cpp:21506:2: warning: Added loop label VITIS_LOOP_53_1:   [xilinx-label-all-loops]
 for (int i=0; i<W_;i++)
 ^~~
 VITIS_LOOP_53_1: 
C:\Users\abelo\AppData\Roaming\Xilinx\Vitis\phy596\hw1\baseline\solution1\.autopilot\db\fit.pp.0.cpp:21506:2: note: FIX-IT applied suggested code changes
C:\Users\abelo\AppData\Roaming\Xilinx\Vitis\phy596\hw1\baseline\solution1\.autopilot\db\fit.pp.0.cpp:21517:2: warning: Added loop label VITIS_LOOP_64_1:   [xilinx-label-all-loops]
 for (int i=0; i<I_;i++)
 ^~~
 VITIS_LOOP_64_1: 
C:\Users\abelo\AppData\Roaming\Xilinx\Vitis\phy596\hw1\baseline\solution1\.autopilot\db\fit.pp.0.cpp:21517:2: note: FIX-IT applied suggested code changes
C:\Users\abelo\AppData\Roaming\Xilinx\Vitis\phy596\hw1\baseline\solution1\.autopilot\db\fit.pp.0.cpp:21528:2: warning: Added loop label VITIS_LOOP_75_1:   [xilinx-label-all-loops]
 for (int i=0; i<I_;i++)
 ^~~
 VITIS_LOOP_75_1: 
C:\Users\abelo\AppData\Roaming\Xilinx\Vitis\phy596\hw1\baseline\solution1\.autopilot\db\fit.pp.0.cpp:21528:2: note: FIX-IT applied suggested code changes
C:\Users\abelo\AppData\Roaming\Xilinx\Vitis\phy596\hw1\baseline\solution1\.autopilot\db\fit.pp.0.cpp:21539:2: warning: Added loop label VITIS_LOOP_86_1:   [xilinx-label-all-loops]
 for (int i=0; i<W_;i++)
 ^~~
 VITIS_LOOP_86_1: 
C:\Users\abelo\AppData\Roaming\Xilinx\Vitis\phy596\hw1\baseline\solution1\.autopilot\db\fit.pp.0.cpp:21539:2: note: FIX-IT applied suggested code changes
C:\Users\abelo\AppData\Roaming\Xilinx\Vitis\phy596\hw1\baseline\solution1\.autopilot\db\fit.pp.0.cpp:21550:2: warning: Added loop label VITIS_LOOP_97_1:   [xilinx-label-all-loops]
 for (int i=0; i<W_;i++)
 ^~~
 VITIS_LOOP_97_1: 
C:\Users\abelo\AppData\Roaming\Xilinx\Vitis\phy596\hw1\baseline\solution1\.autopilot\db\fit.pp.0.cpp:21550:2: note: FIX-IT applied suggested code changes
C:\Users\abelo\AppData\Roaming\Xilinx\Vitis\phy596\hw1\baseline\solution1\.autopilot\db\fit.pp.0.cpp:21561:2: warning: Added loop label VITIS_LOOP_108_1:   [xilinx-label-all-loops]
 for (int i=0; i<I_;i++)
 ^~~
 VITIS_LOOP_108_1: 
C:\Users\abelo\AppData\Roaming\Xilinx\Vitis\phy596\hw1\baseline\solution1\.autopilot\db\fit.pp.0.cpp:21561:2: note: FIX-IT applied suggested code changes
C:\Users\abelo\AppData\Roaming\Xilinx\Vitis\phy596\hw1\baseline\solution1\.autopilot\db\fit.pp.0.cpp:21572:2: warning: Added loop label VITIS_LOOP_119_1:   [xilinx-label-all-loops]
 for (int i=0; i<I_;i++)
 ^~~
 VITIS_LOOP_119_1: 
C:\Users\abelo\AppData\Roaming\Xilinx\Vitis\phy596\hw1\baseline\solution1\.autopilot\db\fit.pp.0.cpp:21572:2: note: FIX-IT applied suggested code changes
C:\Users\abelo\AppData\Roaming\Xilinx\Vitis\phy596\hw1\baseline\solution1\.autopilot\db\fit.pp.0.cpp:23873:12: warning: Added loop label VITIS_LOOP_23_1:   [xilinx-label-all-loops]
           for(int i = 0; i < W_-1; ++i) {
           ^~~
           VITIS_LOOP_23_1: 
C:\Users\abelo\AppData\Roaming\Xilinx\Vitis\phy596\hw1\baseline\solution1\.autopilot\db\fit.pp.0.cpp:23873:12: note: FIX-IT applied suggested code changes
C:\Users\abelo\AppData\Roaming\Xilinx\Vitis\phy596\hw1\baseline\solution1\.autopilot\db\fit.pp.0.cpp:23937:7: warning: Added loop label VITIS_LOOP_66_1:   [xilinx-label-all-loops]
      for(int pos = msbr - 1 ; pos >= -F-1; pos--) {
      ^~~
      VITIS_LOOP_66_1: 
C:\Users\abelo\AppData\Roaming\Xilinx\Vitis\phy596\hw1\baseline\solution1\.autopilot\db\fit.pp.0.cpp:23937:7: note: FIX-IT applied suggested code changes
C:\Users\abelo\AppData\Roaming\Xilinx\Vitis\phy596\hw1\baseline\solution1\.autopilot\db\fit.pp.0.cpp:24054:9: warning: Added loop label VITIS_LOOP_75_1:   [xilinx-label-all-loops]
        for(int pos = msbr - 1; pos >= 0; pos--) {
        ^~~
        VITIS_LOOP_75_1: 
C:\Users\abelo\AppData\Roaming\Xilinx\Vitis\phy596\hw1\baseline\solution1\.autopilot\db\fit.pp.0.cpp:24054:9: note: FIX-IT applied suggested code changes
C:\Users\abelo\AppData\Roaming\Xilinx\Vitis\phy596\hw1\baseline\solution1\.autopilot\db\fit.pp.0.cpp:24079:5: warning: Added loop label VITIS_LOOP_107_2:   [xilinx-label-all-loops]
    for(int pos = -1; pos >= -F-1; pos--) {
    ^~~
    VITIS_LOOP_107_2: 
C:\Users\abelo\AppData\Roaming\Xilinx\Vitis\phy596\hw1\baseline\solution1\.autopilot\db\fit.pp.0.cpp:24079:5: note: FIX-IT applied suggested code changes
C:\Users\abelo\AppData\Roaming\Xilinx\Vitis\phy596\hw1\baseline\solution1\.autopilot\db\fit.pp.0.cpp:24149:8: warning: Added loop label VITIS_LOOP_195_3:   [xilinx-label-all-loops]
       for(int i = 0; i < W - 1; ++i) {
       ^~~
       VITIS_LOOP_195_3: 
C:\Users\abelo\AppData\Roaming\Xilinx\Vitis\phy596\hw1\baseline\solution1\.autopilot\db\fit.pp.0.cpp:24149:8: note: FIX-IT applied suggested code changes
C:\Users\abelo\AppData\Roaming\Xilinx\Vitis\phy596\hw1\baseline\solution1\.autopilot\db\fit.pp.0.cpp:51237:2: warning: Added loop label VITIS_LOOP_28_1:   [xilinx-label-all-loops]
 while (!input.empty()) {
 ^~~~~
 VITIS_LOOP_28_1: 
C:\Users\abelo\AppData\Roaming\Xilinx\Vitis\phy596\hw1\baseline\solution1\.autopilot\db\fit.pp.0.cpp:51237:2: note: FIX-IT applied suggested code changes
