

================================================================
== Vitis HLS Report for 'readStage'
================================================================
* Date:           Wed Mar  5 03:43:40 2025

* Version:        2023.1 (Build 3854077 on May  4 2023)
* Project:        baseline
* Solution:       solution1 (Vitis Kernel Flow Target)
* Product family: spartan7
* Target device:  xc7s100-fgga676-2


================================================================
== Performance Estimates
================================================================
+ Timing: 
    * Summary: 
    +--------+----------+----------+------------+
    |  Clock |  Target  | Estimated| Uncertainty|
    +--------+----------+----------+------------+
    |ap_clk  |  10.00 ns|  7.030 ns|     2.70 ns|
    +--------+----------+----------+------------+

+ Latency: 
    * Summary: 
    +---------+---------+----------+----------+-----+-----+---------+
    |  Latency (cycles) |  Latency (absolute) |  Interval | Pipeline|
    |   min   |   max   |    min   |    max   | min | max |   Type  |
    +---------+---------+----------+----------+-----+-----+---------+
    |        ?|        ?|         ?|         ?|    ?|    ?|       no|
    +---------+---------+----------+----------+-----+-----+---------+

    + Detail: 
        * Instance: 
        N/A

        * Loop: 
        +-------------------+---------+---------+----------+-----------+-----------+------+----------+
        |                   |  Latency (cycles) | Iteration|  Initiation Interval  | Trip |          |
        |     Loop Name     |   min   |   max   |  Latency |  achieved |   target  | Count| Pipelined|
        +-------------------+---------+---------+----------+-----------+-----------+------+----------+
        |- VITIS_LOOP_28_1  |        ?|        ?|        41|          1|          1|     ?|       yes|
        +-------------------+---------+---------+----------+-----------+-----------+------+----------+



================================================================
== Utilization Estimates
================================================================
* Summary: 
+-----------------+---------+-----+--------+-------+-----+
|       Name      | BRAM_18K| DSP |   FF   |  LUT  | URAM|
+-----------------+---------+-----+--------+-------+-----+
|DSP              |        -|    -|       -|      -|    -|
|Expression       |        -|    -|       0|     10|    -|
|FIFO             |        -|    -|       -|      -|    -|
|Instance         |        -|    8|    2585|   2043|    -|
|Memory           |        -|    -|       -|      -|    -|
|Multiplexer      |        -|    -|       -|    144|    -|
|Register         |        -|    -|     566|    128|    -|
+-----------------+---------+-----+--------+-------+-----+
|Total            |        0|    8|    3151|   2325|    0|
+-----------------+---------+-----+--------+-------+-----+
|Available        |      240|  160|  128000|  64000|    0|
+-----------------+---------+-----+--------+-------+-----+
|Utilization (%)  |        0|    5|       2|      3|    0|
+-----------------+---------+-----+--------+-------+-----+

+ Detail: 
    * Instance: 
    +--------------------------+-----------------------+---------+----+------+------+-----+
    |         Instance         |         Module        | BRAM_18K| DSP|  FF  |  LUT | URAM|
    +--------------------------+-----------------------+---------+----+------+------+-----+
    |mul_34s_34s_68_1_1_U1     |mul_34s_34s_68_1_1     |        0|   4|     0|    23|    0|
    |mul_36s_12s_48_1_1_U2     |mul_36s_12s_48_1_1     |        0|   2|     0|    25|    0|
    |mul_36s_12s_48_1_1_U3     |mul_36s_12s_48_1_1     |        0|   2|     0|    25|    0|
    |sdiv_34ns_12s_34_38_1_U4  |sdiv_34ns_12s_34_38_1  |        0|   0|  2585|  1970|    0|
    +--------------------------+-----------------------+---------+----+------+------+-----+
    |Total                     |                       |        0|   8|  2585|  2043|    0|
    +--------------------------+-----------------------+---------+----+------+------+-----+

    * DSP: 
    N/A

    * Memory: 
    N/A

    * FIFO: 
    N/A

    * Expression: 
    +------------------------------------+----------+----+---+----+------------+------------+
    |            Variable Name           | Operation| DSP| FF| LUT| Bitwidth P0| Bitwidth P1|
    +------------------------------------+----------+----+---+----+------------+------------+
    |tmp_nbreadreq_fu_82_p3              |       and|   0|  0|   2|           1|           0|
    |ap_block_pp0_stage0_01001           |        or|   0|  0|   2|           1|           1|
    |ap_block_state1_pp0_stage0_iter0    |        or|   0|  0|   2|           1|           1|
    |ap_block_state41_pp0_stage0_iter40  |        or|   0|  0|   2|           1|           1|
    |ap_enable_pp0                       |       xor|   0|  0|   2|           1|           2|
    +------------------------------------+----------+----+---+----+------------+------------+
    |Total                               |          |   0|  0|  10|           5|           5|
    +------------------------------------+----------+----+---+----+------------+------------+

    * Multiplexer: 
    +-------------------------+----+-----------+-----+-----------+
    |           Name          | LUT| Input Size| Bits| Total Bits|
    +-------------------------+----+-----------+-----+-----------+
    |ap_done_int              |   9|          2|    1|          2|
    |ap_enable_reg_pp0_iter1  |   9|          2|    1|          2|
    |input_r_TDATA_blk_n      |   9|          2|    1|          2|
    |last1_blk_n              |   9|          2|    1|          2|
    |last2_blk_n              |   9|          2|    1|          2|
    |last3_blk_n              |   9|          2|    1|          2|
    |partialS_blk_n           |   9|          2|    1|          2|
    |partialSx_blk_n          |   9|          2|    1|          2|
    |partialSy_blk_n          |   9|          2|    1|          2|
    |real_start               |   9|          2|    1|          2|
    |sigmaDiv1_blk_n          |   9|          2|    1|          2|
    |sigmaSquaredDiv1_blk_n   |   9|          2|    1|          2|
    |x1_blk_n                 |   9|          2|    1|          2|
    |x2_blk_n                 |   9|          2|    1|          2|
    |y1_blk_n                 |   9|          2|    1|          2|
    |y2_blk_n                 |   9|          2|    1|          2|
    +-------------------------+----+-----------+-----+-----------+
    |Total                    | 144|         32|   16|         32|
    +-------------------------+----+-----------+-----+-----------+

    * Register: 
    +----------------------------------------+----+----+-----+-----------+
    |                  Name                  | FF | LUT| Bits| Const Bits|
    +----------------------------------------+----+----+-----+-----------+
    |ap_CS_fsm                               |   1|   0|    1|          0|
    |ap_done_reg                             |   1|   0|    1|          0|
    |ap_enable_reg_pp0_iter1                 |   1|   0|    1|          0|
    |ap_enable_reg_pp0_iter10                |   1|   0|    1|          0|
    |ap_enable_reg_pp0_iter11                |   1|   0|    1|          0|
    |ap_enable_reg_pp0_iter12                |   1|   0|    1|          0|
    |ap_enable_reg_pp0_iter13                |   1|   0|    1|          0|
    |ap_enable_reg_pp0_iter14                |   1|   0|    1|          0|
    |ap_enable_reg_pp0_iter15                |   1|   0|    1|          0|
    |ap_enable_reg_pp0_iter16                |   1|   0|    1|          0|
    |ap_enable_reg_pp0_iter17                |   1|   0|    1|          0|
    |ap_enable_reg_pp0_iter18                |   1|   0|    1|          0|
    |ap_enable_reg_pp0_iter19                |   1|   0|    1|          0|
    |ap_enable_reg_pp0_iter2                 |   1|   0|    1|          0|
    |ap_enable_reg_pp0_iter20                |   1|   0|    1|          0|
    |ap_enable_reg_pp0_iter21                |   1|   0|    1|          0|
    |ap_enable_reg_pp0_iter22                |   1|   0|    1|          0|
    |ap_enable_reg_pp0_iter23                |   1|   0|    1|          0|
    |ap_enable_reg_pp0_iter24                |   1|   0|    1|          0|
    |ap_enable_reg_pp0_iter25                |   1|   0|    1|          0|
    |ap_enable_reg_pp0_iter26                |   1|   0|    1|          0|
    |ap_enable_reg_pp0_iter27                |   1|   0|    1|          0|
    |ap_enable_reg_pp0_iter28                |   1|   0|    1|          0|
    |ap_enable_reg_pp0_iter29                |   1|   0|    1|          0|
    |ap_enable_reg_pp0_iter3                 |   1|   0|    1|          0|
    |ap_enable_reg_pp0_iter30                |   1|   0|    1|          0|
    |ap_enable_reg_pp0_iter31                |   1|   0|    1|          0|
    |ap_enable_reg_pp0_iter32                |   1|   0|    1|          0|
    |ap_enable_reg_pp0_iter33                |   1|   0|    1|          0|
    |ap_enable_reg_pp0_iter34                |   1|   0|    1|          0|
    |ap_enable_reg_pp0_iter35                |   1|   0|    1|          0|
    |ap_enable_reg_pp0_iter36                |   1|   0|    1|          0|
    |ap_enable_reg_pp0_iter37                |   1|   0|    1|          0|
    |ap_enable_reg_pp0_iter38                |   1|   0|    1|          0|
    |ap_enable_reg_pp0_iter39                |   1|   0|    1|          0|
    |ap_enable_reg_pp0_iter4                 |   1|   0|    1|          0|
    |ap_enable_reg_pp0_iter40                |   1|   0|    1|          0|
    |ap_enable_reg_pp0_iter5                 |   1|   0|    1|          0|
    |ap_enable_reg_pp0_iter6                 |   1|   0|    1|          0|
    |ap_enable_reg_pp0_iter7                 |   1|   0|    1|          0|
    |ap_enable_reg_pp0_iter8                 |   1|   0|    1|          0|
    |ap_enable_reg_pp0_iter9                 |   1|   0|    1|          0|
    |ap_loop_exit_ready_pp0_iter10_reg       |   1|   0|    1|          0|
    |ap_loop_exit_ready_pp0_iter11_reg       |   1|   0|    1|          0|
    |ap_loop_exit_ready_pp0_iter12_reg       |   1|   0|    1|          0|
    |ap_loop_exit_ready_pp0_iter13_reg       |   1|   0|    1|          0|
    |ap_loop_exit_ready_pp0_iter14_reg       |   1|   0|    1|          0|
    |ap_loop_exit_ready_pp0_iter15_reg       |   1|   0|    1|          0|
    |ap_loop_exit_ready_pp0_iter16_reg       |   1|   0|    1|          0|
    |ap_loop_exit_ready_pp0_iter17_reg       |   1|   0|    1|          0|
    |ap_loop_exit_ready_pp0_iter18_reg       |   1|   0|    1|          0|
    |ap_loop_exit_ready_pp0_iter19_reg       |   1|   0|    1|          0|
    |ap_loop_exit_ready_pp0_iter1_reg        |   1|   0|    1|          0|
    |ap_loop_exit_ready_pp0_iter20_reg       |   1|   0|    1|          0|
    |ap_loop_exit_ready_pp0_iter21_reg       |   1|   0|    1|          0|
    |ap_loop_exit_ready_pp0_iter22_reg       |   1|   0|    1|          0|
    |ap_loop_exit_ready_pp0_iter23_reg       |   1|   0|    1|          0|
    |ap_loop_exit_ready_pp0_iter24_reg       |   1|   0|    1|          0|
    |ap_loop_exit_ready_pp0_iter25_reg       |   1|   0|    1|          0|
    |ap_loop_exit_ready_pp0_iter26_reg       |   1|   0|    1|          0|
    |ap_loop_exit_ready_pp0_iter27_reg       |   1|   0|    1|          0|
    |ap_loop_exit_ready_pp0_iter28_reg       |   1|   0|    1|          0|
    |ap_loop_exit_ready_pp0_iter29_reg       |   1|   0|    1|          0|
    |ap_loop_exit_ready_pp0_iter2_reg        |   1|   0|    1|          0|
    |ap_loop_exit_ready_pp0_iter30_reg       |   1|   0|    1|          0|
    |ap_loop_exit_ready_pp0_iter31_reg       |   1|   0|    1|          0|
    |ap_loop_exit_ready_pp0_iter32_reg       |   1|   0|    1|          0|
    |ap_loop_exit_ready_pp0_iter33_reg       |   1|   0|    1|          0|
    |ap_loop_exit_ready_pp0_iter34_reg       |   1|   0|    1|          0|
    |ap_loop_exit_ready_pp0_iter35_reg       |   1|   0|    1|          0|
    |ap_loop_exit_ready_pp0_iter36_reg       |   1|   0|    1|          0|
    |ap_loop_exit_ready_pp0_iter37_reg       |   1|   0|    1|          0|
    |ap_loop_exit_ready_pp0_iter38_reg       |   1|   0|    1|          0|
    |ap_loop_exit_ready_pp0_iter39_reg       |   1|   0|    1|          0|
    |ap_loop_exit_ready_pp0_iter3_reg        |   1|   0|    1|          0|
    |ap_loop_exit_ready_pp0_iter4_reg        |   1|   0|    1|          0|
    |ap_loop_exit_ready_pp0_iter5_reg        |   1|   0|    1|          0|
    |ap_loop_exit_ready_pp0_iter6_reg        |   1|   0|    1|          0|
    |ap_loop_exit_ready_pp0_iter7_reg        |   1|   0|    1|          0|
    |ap_loop_exit_ready_pp0_iter8_reg        |   1|   0|    1|          0|
    |ap_loop_exit_ready_pp0_iter9_reg        |   1|   0|    1|          0|
    |mul_ln45_reg_323                        |  48|   0|   48|          0|
    |mul_ln46_reg_328                        |  48|   0|   48|          0|
    |obs_last_reg_299                        |   2|   0|    2|          0|
    |obs_x_reg_285                           |  12|   0|   12|          0|
    |obs_y_reg_292                           |  12|   0|   12|          0|
    |sigmaInv_reg_311                        |  34|   0|   34|          0|
    |sigmaSquaredInv_reg_317                 |  36|   0|   36|          0|
    |sigmaSquaredInv_reg_317_pp0_iter39_reg  |  36|   0|   36|          0|
    |start_once_reg                          |   1|   0|    1|          0|
    |obs_last_reg_299                        |  64|  32|    2|          0|
    |obs_x_reg_285                           |  64|  32|   12|          0|
    |obs_y_reg_292                           |  64|  32|   12|          0|
    |sigmaInv_reg_311                        |  64|  32|   34|          0|
    +----------------------------------------+----+----+-----+-----------+
    |Total                                   | 566| 128|  370|          0|
    +----------------------------------------+----+----+-----+-----------+



================================================================
== Interface
================================================================
* Summary: 
+---------------------------------+-----+-----+------------+------------------+--------------+
|            RTL Ports            | Dir | Bits|  Protocol  |   Source Object  |    C Type    |
+---------------------------------+-----+-----+------------+------------------+--------------+
|ap_clk                           |   in|    1|  ap_ctrl_hs|         readStage|  return value|
|ap_rst                           |   in|    1|  ap_ctrl_hs|         readStage|  return value|
|ap_start                         |   in|    1|  ap_ctrl_hs|         readStage|  return value|
|start_full_n                     |   in|    1|  ap_ctrl_hs|         readStage|  return value|
|ap_done                          |  out|    1|  ap_ctrl_hs|         readStage|  return value|
|ap_continue                      |   in|    1|  ap_ctrl_hs|         readStage|  return value|
|ap_idle                          |  out|    1|  ap_ctrl_hs|         readStage|  return value|
|ap_ready                         |  out|    1|  ap_ctrl_hs|         readStage|  return value|
|start_out                        |  out|    1|  ap_ctrl_hs|         readStage|  return value|
|start_write                      |  out|    1|  ap_ctrl_hs|         readStage|  return value|
|input_r_TVALID                   |   in|    1|        axis|           input_r|       pointer|
|input_r_TDATA                    |   in|   64|        axis|           input_r|       pointer|
|input_r_TREADY                   |  out|    1|        axis|           input_r|       pointer|
|x1_din                           |  out|   12|     ap_fifo|                x1|       pointer|
|x1_num_data_valid                |   in|    5|     ap_fifo|                x1|       pointer|
|x1_fifo_cap                      |   in|    5|     ap_fifo|                x1|       pointer|
|x1_full_n                        |   in|    1|     ap_fifo|                x1|       pointer|
|x1_write                         |  out|    1|     ap_fifo|                x1|       pointer|
|x2_din                           |  out|   12|     ap_fifo|                x2|       pointer|
|x2_num_data_valid                |   in|    5|     ap_fifo|                x2|       pointer|
|x2_fifo_cap                      |   in|    5|     ap_fifo|                x2|       pointer|
|x2_full_n                        |   in|    1|     ap_fifo|                x2|       pointer|
|x2_write                         |  out|    1|     ap_fifo|                x2|       pointer|
|y1_din                           |  out|   12|     ap_fifo|                y1|       pointer|
|y1_num_data_valid                |   in|    5|     ap_fifo|                y1|       pointer|
|y1_fifo_cap                      |   in|    5|     ap_fifo|                y1|       pointer|
|y1_full_n                        |   in|    1|     ap_fifo|                y1|       pointer|
|y1_write                         |  out|    1|     ap_fifo|                y1|       pointer|
|y2_din                           |  out|   12|     ap_fifo|                y2|       pointer|
|y2_num_data_valid                |   in|    5|     ap_fifo|                y2|       pointer|
|y2_fifo_cap                      |   in|    5|     ap_fifo|                y2|       pointer|
|y2_full_n                        |   in|    1|     ap_fifo|                y2|       pointer|
|y2_write                         |  out|    1|     ap_fifo|                y2|       pointer|
|sigmaDiv1_din                    |  out|   64|     ap_fifo|         sigmaDiv1|       pointer|
|sigmaDiv1_num_data_valid         |   in|    5|     ap_fifo|         sigmaDiv1|       pointer|
|sigmaDiv1_fifo_cap               |   in|    5|     ap_fifo|         sigmaDiv1|       pointer|
|sigmaDiv1_full_n                 |   in|    1|     ap_fifo|         sigmaDiv1|       pointer|
|sigmaDiv1_write                  |  out|    1|     ap_fifo|         sigmaDiv1|       pointer|
|sigmaSquaredDiv1_din             |  out|   64|     ap_fifo|  sigmaSquaredDiv1|       pointer|
|sigmaSquaredDiv1_num_data_valid  |   in|    5|     ap_fifo|  sigmaSquaredDiv1|       pointer|
|sigmaSquaredDiv1_fifo_cap        |   in|    5|     ap_fifo|  sigmaSquaredDiv1|       pointer|
|sigmaSquaredDiv1_full_n          |   in|    1|     ap_fifo|  sigmaSquaredDiv1|       pointer|
|sigmaSquaredDiv1_write           |  out|    1|     ap_fifo|  sigmaSquaredDiv1|       pointer|
|last1_din                        |  out|    2|     ap_fifo|             last1|       pointer|
|last1_num_data_valid             |   in|    5|     ap_fifo|             last1|       pointer|
|last1_fifo_cap                   |   in|    5|     ap_fifo|             last1|       pointer|
|last1_full_n                     |   in|    1|     ap_fifo|             last1|       pointer|
|last1_write                      |  out|    1|     ap_fifo|             last1|       pointer|
|last2_din                        |  out|    2|     ap_fifo|             last2|       pointer|
|last2_num_data_valid             |   in|    5|     ap_fifo|             last2|       pointer|
|last2_fifo_cap                   |   in|    5|     ap_fifo|             last2|       pointer|
|last2_full_n                     |   in|    1|     ap_fifo|             last2|       pointer|
|last2_write                      |  out|    1|     ap_fifo|             last2|       pointer|
|last3_din                        |  out|    2|     ap_fifo|             last3|       pointer|
|last3_num_data_valid             |   in|    5|     ap_fifo|             last3|       pointer|
|last3_fifo_cap                   |   in|    5|     ap_fifo|             last3|       pointer|
|last3_full_n                     |   in|    1|     ap_fifo|             last3|       pointer|
|last3_write                      |  out|    1|     ap_fifo|             last3|       pointer|
|partialS_din                     |  out|   64|     ap_fifo|          partialS|       pointer|
|partialS_num_data_valid          |   in|    5|     ap_fifo|          partialS|       pointer|
|partialS_fifo_cap                |   in|    5|     ap_fifo|          partialS|       pointer|
|partialS_full_n                  |   in|    1|     ap_fifo|          partialS|       pointer|
|partialS_write                   |  out|    1|     ap_fifo|          partialS|       pointer|
|partialSx_din                    |  out|   64|     ap_fifo|         partialSx|       pointer|
|partialSx_num_data_valid         |   in|    5|     ap_fifo|         partialSx|       pointer|
|partialSx_fifo_cap               |   in|    5|     ap_fifo|         partialSx|       pointer|
|partialSx_full_n                 |   in|    1|     ap_fifo|         partialSx|       pointer|
|partialSx_write                  |  out|    1|     ap_fifo|         partialSx|       pointer|
|partialSy_din                    |  out|   64|     ap_fifo|         partialSy|       pointer|
|partialSy_num_data_valid         |   in|    5|     ap_fifo|         partialSy|       pointer|
|partialSy_fifo_cap               |   in|    5|     ap_fifo|         partialSy|       pointer|
|partialSy_full_n                 |   in|    1|     ap_fifo|         partialSy|       pointer|
|partialSy_write                  |  out|    1|     ap_fifo|         partialSy|       pointer|
+---------------------------------+-----+-----+------------+------------------+--------------+

============================================================
+ Verbose Summary: Synthesis Manager
============================================================
InlineROM: 1
ExposeGlobal: 0
============================================================
+ Verbose Summary: CDFG Model
============================================================
IsTopModel: 0
ResetActiveHigh: 1
IsCombinational: 2
IsDatapathOnly: 0
HasWiredReturn: 1
HasMFsm: 2
HasVarLatency: 1
IsPipeline: 0
IsRtlPipelined: 0
IsInstanceOverlapped: 0
IsDontTouch: 0
HasImplIP: 0
IsGatedGlobalClock: 0

+ Individual pipeline summary: 
  * Pipeline-0: initiation interval (II) = 1, depth = 41


============================================================
+ Verbose Summary: Schedule
============================================================
* Number of FSM states : 41
* Pipeline : 1
  Pipeline-0 : II = 1, D = 41, States = { 1 2 3 4 5 6 7 8 9 10 11 12 13 14 15 16 17 18 19 20 21 22 23 24 25 26 27 28 29 30 31 32 33 34 35 36 37 38 39 40 41 }
* Dataflow Pipeline: 0

* FSM state transitions: 
1 --> 2 
2 --> 3 
3 --> 4 
4 --> 5 
5 --> 6 
6 --> 7 
7 --> 8 
8 --> 9 
9 --> 10 
10 --> 11 
11 --> 12 
12 --> 13 
13 --> 14 
14 --> 15 
15 --> 16 
16 --> 17 
17 --> 18 
18 --> 19 
19 --> 20 
20 --> 21 
21 --> 22 
22 --> 23 
23 --> 24 
24 --> 25 
25 --> 26 
26 --> 27 
27 --> 28 
28 --> 29 
29 --> 30 
30 --> 31 
31 --> 32 
32 --> 33 
33 --> 34 
34 --> 35 
35 --> 36 
36 --> 37 
37 --> 38 
38 --> 39 
39 --> 40 
40 --> 41 
41 --> 

* FSM state operations: 

State 1 <SV = 0> <Delay = 3.57>
ST_1 : Operation 44 [1/1] (0.00ns)   --->   "%specinterface_ln0 = specinterface void @_ssdm_op_SpecInterface, i64 %partialSy, void @empty_5, i32 0, i32 0, void @empty_8, i32 0, i32 0, void @empty_8, void @empty_8, void @empty_8, i32 0, i32 0, i32 0, i32 0, void @empty_8, void @empty_8, i32 4294967295, i32 0"   --->   Operation 44 'specinterface' 'specinterface_ln0' <Predicate = true> <Delay = 0.00>
ST_1 : Operation 45 [1/1] (0.00ns)   --->   "%specinterface_ln0 = specinterface void @_ssdm_op_SpecInterface, i64 %partialSx, void @empty_5, i32 0, i32 0, void @empty_8, i32 0, i32 0, void @empty_8, void @empty_8, void @empty_8, i32 0, i32 0, i32 0, i32 0, void @empty_8, void @empty_8, i32 4294967295, i32 0"   --->   Operation 45 'specinterface' 'specinterface_ln0' <Predicate = true> <Delay = 0.00>
ST_1 : Operation 46 [1/1] (0.00ns)   --->   "%specinterface_ln0 = specinterface void @_ssdm_op_SpecInterface, i64 %partialS, void @empty_5, i32 0, i32 0, void @empty_8, i32 0, i32 0, void @empty_8, void @empty_8, void @empty_8, i32 0, i32 0, i32 0, i32 0, void @empty_8, void @empty_8, i32 4294967295, i32 0"   --->   Operation 46 'specinterface' 'specinterface_ln0' <Predicate = true> <Delay = 0.00>
ST_1 : Operation 47 [1/1] (0.00ns)   --->   "%specinterface_ln0 = specinterface void @_ssdm_op_SpecInterface, i2 %last3, void @empty_5, i32 0, i32 0, void @empty_8, i32 0, i32 0, void @empty_8, void @empty_8, void @empty_8, i32 0, i32 0, i32 0, i32 0, void @empty_8, void @empty_8, i32 4294967295, i32 0"   --->   Operation 47 'specinterface' 'specinterface_ln0' <Predicate = true> <Delay = 0.00>
ST_1 : Operation 48 [1/1] (0.00ns)   --->   "%specinterface_ln0 = specinterface void @_ssdm_op_SpecInterface, i2 %last2, void @empty_5, i32 0, i32 0, void @empty_8, i32 0, i32 0, void @empty_8, void @empty_8, void @empty_8, i32 0, i32 0, i32 0, i32 0, void @empty_8, void @empty_8, i32 4294967295, i32 0"   --->   Operation 48 'specinterface' 'specinterface_ln0' <Predicate = true> <Delay = 0.00>
ST_1 : Operation 49 [1/1] (0.00ns)   --->   "%specinterface_ln0 = specinterface void @_ssdm_op_SpecInterface, i2 %last1, void @empty_5, i32 0, i32 0, void @empty_8, i32 0, i32 0, void @empty_8, void @empty_8, void @empty_8, i32 0, i32 0, i32 0, i32 0, void @empty_8, void @empty_8, i32 4294967295, i32 0"   --->   Operation 49 'specinterface' 'specinterface_ln0' <Predicate = true> <Delay = 0.00>
ST_1 : Operation 50 [1/1] (0.00ns)   --->   "%specinterface_ln0 = specinterface void @_ssdm_op_SpecInterface, i64 %sigmaSquaredDiv1, void @empty_5, i32 0, i32 0, void @empty_8, i32 0, i32 0, void @empty_8, void @empty_8, void @empty_8, i32 0, i32 0, i32 0, i32 0, void @empty_8, void @empty_8, i32 4294967295, i32 0"   --->   Operation 50 'specinterface' 'specinterface_ln0' <Predicate = true> <Delay = 0.00>
ST_1 : Operation 51 [1/1] (0.00ns)   --->   "%specinterface_ln0 = specinterface void @_ssdm_op_SpecInterface, i64 %sigmaDiv1, void @empty_5, i32 0, i32 0, void @empty_8, i32 0, i32 0, void @empty_8, void @empty_8, void @empty_8, i32 0, i32 0, i32 0, i32 0, void @empty_8, void @empty_8, i32 4294967295, i32 0"   --->   Operation 51 'specinterface' 'specinterface_ln0' <Predicate = true> <Delay = 0.00>
ST_1 : Operation 52 [1/1] (0.00ns)   --->   "%specinterface_ln0 = specinterface void @_ssdm_op_SpecInterface, i12 %y2, void @empty_5, i32 0, i32 0, void @empty_8, i32 0, i32 0, void @empty_8, void @empty_8, void @empty_8, i32 0, i32 0, i32 0, i32 0, void @empty_8, void @empty_8, i32 4294967295, i32 0"   --->   Operation 52 'specinterface' 'specinterface_ln0' <Predicate = true> <Delay = 0.00>
ST_1 : Operation 53 [1/1] (0.00ns)   --->   "%specinterface_ln0 = specinterface void @_ssdm_op_SpecInterface, i12 %y1, void @empty_5, i32 0, i32 0, void @empty_8, i32 0, i32 0, void @empty_8, void @empty_8, void @empty_8, i32 0, i32 0, i32 0, i32 0, void @empty_8, void @empty_8, i32 4294967295, i32 0"   --->   Operation 53 'specinterface' 'specinterface_ln0' <Predicate = true> <Delay = 0.00>
ST_1 : Operation 54 [1/1] (0.00ns)   --->   "%specinterface_ln0 = specinterface void @_ssdm_op_SpecInterface, i12 %x2, void @empty_5, i32 0, i32 0, void @empty_8, i32 0, i32 0, void @empty_8, void @empty_8, void @empty_8, i32 0, i32 0, i32 0, i32 0, void @empty_8, void @empty_8, i32 4294967295, i32 0"   --->   Operation 54 'specinterface' 'specinterface_ln0' <Predicate = true> <Delay = 0.00>
ST_1 : Operation 55 [1/1] (0.00ns)   --->   "%specinterface_ln0 = specinterface void @_ssdm_op_SpecInterface, i12 %x1, void @empty_5, i32 0, i32 0, void @empty_8, i32 0, i32 0, void @empty_8, void @empty_8, void @empty_8, i32 0, i32 0, i32 0, i32 0, void @empty_8, void @empty_8, i32 4294967295, i32 0"   --->   Operation 55 'specinterface' 'specinterface_ln0' <Predicate = true> <Delay = 0.00>
ST_1 : Operation 56 [1/1] (0.00ns)   --->   "%specinterface_ln0 = specinterface void @_ssdm_op_SpecInterface, i64 %input_r, void @empty_10, i32 1, i32 1, void @empty_9, i32 0, i32 0, void @empty_8, void @empty_8, void @empty_8, i32 0, i32 0, i32 0, i32 0, void @empty_8, void @empty_8, i32 4294967295, i32 0"   --->   Operation 56 'specinterface' 'specinterface_ln0' <Predicate = true> <Delay = 0.00>
ST_1 : Operation 57 [1/1] (0.00ns)   --->   "%br_ln28 = br void %while.cond" [baseline/fit.cpp:28]   --->   Operation 57 'br' 'br_ln28' <Predicate = true> <Delay = 0.00>
ST_1 : Operation 58 [1/1] (0.00ns)   --->   "%specpipeline_ln0 = specpipeline void @_ssdm_op_SpecPipeline, i32 4294967295, i32 0, i32 1, i32 0, void @p_str"   --->   Operation 58 'specpipeline' 'specpipeline_ln0' <Predicate = true> <Delay = 0.00>
ST_1 : Operation 59 [1/1] (0.00ns)   --->   "%tmp = nbreadreq i1 @_ssdm_op_NbReadReq.axis.i64P128A, i64 %input_r, i32 1" [baseline/fit.cpp:28]   --->   Operation 59 'nbreadreq' 'tmp' <Predicate = true> <Delay = 0.00> <CoreInst = "axis">   --->   Core 115 'axis' <Latency = 0> <II = 1> <Delay = 1.00> <Adapter> <Opcode : >
ST_1 : Operation 60 [1/1] (0.00ns)   --->   "%br_ln28 = br i1 %tmp, void %while.end, void %_ZN8ap_fixedILi64ELi32EL9ap_q_mode5EL9ap_o_mode3ELi0EEC2Ei.exit" [baseline/fit.cpp:28]   --->   Operation 60 'br' 'br_ln28' <Predicate = true> <Delay = 0.00>
ST_1 : Operation 61 [1/1] (0.00ns)   --->   "%input_r_read = read i64 @_ssdm_op_Read.axis.volatile.i64P128A, i64 %input_r" [baseline/fit.cpp:29]   --->   Operation 61 'read' 'input_r_read' <Predicate = (tmp)> <Delay = 0.00> <CoreInst = "axis">   --->   Core 115 'axis' <Latency = 0> <II = 1> <Delay = 1.00> <Adapter> <Opcode : >
ST_1 : Operation 62 [1/1] (0.00ns)   --->   "%obs_x = trunc i64 %input_r_read" [baseline/fit.cpp:29]   --->   Operation 62 'trunc' 'obs_x' <Predicate = (tmp)> <Delay = 0.00>
ST_1 : Operation 63 [1/1] (0.00ns)   --->   "%obs_y = partselect i12 @_ssdm_op_PartSelect.i12.i64.i32.i32, i64 %input_r_read, i32 16, i32 27" [baseline/fit.cpp:29]   --->   Operation 63 'partselect' 'obs_y' <Predicate = (tmp)> <Delay = 0.00>
ST_1 : Operation 64 [1/1] (0.00ns)   --->   "%obs_sigma = partselect i12 @_ssdm_op_PartSelect.i12.i64.i32.i32, i64 %input_r_read, i32 32, i32 43" [baseline/fit.cpp:29]   --->   Operation 64 'partselect' 'obs_sigma' <Predicate = (tmp)> <Delay = 0.00>
ST_1 : Operation 65 [1/1] (0.00ns)   --->   "%obs_last = partselect i2 @_ssdm_op_PartSelect.i2.i64.i32.i32, i64 %input_r_read, i32 48, i32 49" [baseline/fit.cpp:29]   --->   Operation 65 'partselect' 'obs_last' <Predicate = (tmp)> <Delay = 0.00>
ST_1 : Operation 66 [1/1] (0.00ns)   --->   "%sext_ln36 = sext i12 %obs_sigma" [baseline/fit.cpp:36]   --->   Operation 66 'sext' 'sext_ln36' <Predicate = (tmp)> <Delay = 0.00>
ST_1 : Operation 67 [38/38] (3.57ns)   --->   "%sigmaInv = sdiv i34 4294967296, i34 %sext_ln36" [baseline/fit.cpp:36]   --->   Operation 67 'sdiv' 'sigmaInv' <Predicate = (tmp)> <Delay = 3.57> <CoreInst = "Divider">   --->   Core 6 'Divider' <Latency = 37> <II = 1> <Delay = 3.57> <FuncUnit> <Opcode : 'sdiv' 'srem' 'udiv' 'urem'> <InPorts = 2> <OutPorts = 1>

State 2 <SV = 1> <Delay = 3.57>
ST_2 : Operation 68 [37/38] (3.57ns)   --->   "%sigmaInv = sdiv i34 4294967296, i34 %sext_ln36" [baseline/fit.cpp:36]   --->   Operation 68 'sdiv' 'sigmaInv' <Predicate = true> <Delay = 3.57> <CoreInst = "Divider">   --->   Core 6 'Divider' <Latency = 37> <II = 1> <Delay = 3.57> <FuncUnit> <Opcode : 'sdiv' 'srem' 'udiv' 'urem'> <InPorts = 2> <OutPorts = 1>

State 3 <SV = 2> <Delay = 3.57>
ST_3 : Operation 69 [36/38] (3.57ns)   --->   "%sigmaInv = sdiv i34 4294967296, i34 %sext_ln36" [baseline/fit.cpp:36]   --->   Operation 69 'sdiv' 'sigmaInv' <Predicate = true> <Delay = 3.57> <CoreInst = "Divider">   --->   Core 6 'Divider' <Latency = 37> <II = 1> <Delay = 3.57> <FuncUnit> <Opcode : 'sdiv' 'srem' 'udiv' 'urem'> <InPorts = 2> <OutPorts = 1>

State 4 <SV = 3> <Delay = 3.57>
ST_4 : Operation 70 [35/38] (3.57ns)   --->   "%sigmaInv = sdiv i34 4294967296, i34 %sext_ln36" [baseline/fit.cpp:36]   --->   Operation 70 'sdiv' 'sigmaInv' <Predicate = true> <Delay = 3.57> <CoreInst = "Divider">   --->   Core 6 'Divider' <Latency = 37> <II = 1> <Delay = 3.57> <FuncUnit> <Opcode : 'sdiv' 'srem' 'udiv' 'urem'> <InPorts = 2> <OutPorts = 1>

State 5 <SV = 4> <Delay = 3.57>
ST_5 : Operation 71 [34/38] (3.57ns)   --->   "%sigmaInv = sdiv i34 4294967296, i34 %sext_ln36" [baseline/fit.cpp:36]   --->   Operation 71 'sdiv' 'sigmaInv' <Predicate = true> <Delay = 3.57> <CoreInst = "Divider">   --->   Core 6 'Divider' <Latency = 37> <II = 1> <Delay = 3.57> <FuncUnit> <Opcode : 'sdiv' 'srem' 'udiv' 'urem'> <InPorts = 2> <OutPorts = 1>

State 6 <SV = 5> <Delay = 3.57>
ST_6 : Operation 72 [33/38] (3.57ns)   --->   "%sigmaInv = sdiv i34 4294967296, i34 %sext_ln36" [baseline/fit.cpp:36]   --->   Operation 72 'sdiv' 'sigmaInv' <Predicate = true> <Delay = 3.57> <CoreInst = "Divider">   --->   Core 6 'Divider' <Latency = 37> <II = 1> <Delay = 3.57> <FuncUnit> <Opcode : 'sdiv' 'srem' 'udiv' 'urem'> <InPorts = 2> <OutPorts = 1>

State 7 <SV = 6> <Delay = 3.57>
ST_7 : Operation 73 [32/38] (3.57ns)   --->   "%sigmaInv = sdiv i34 4294967296, i34 %sext_ln36" [baseline/fit.cpp:36]   --->   Operation 73 'sdiv' 'sigmaInv' <Predicate = true> <Delay = 3.57> <CoreInst = "Divider">   --->   Core 6 'Divider' <Latency = 37> <II = 1> <Delay = 3.57> <FuncUnit> <Opcode : 'sdiv' 'srem' 'udiv' 'urem'> <InPorts = 2> <OutPorts = 1>

State 8 <SV = 7> <Delay = 3.57>
ST_8 : Operation 74 [31/38] (3.57ns)   --->   "%sigmaInv = sdiv i34 4294967296, i34 %sext_ln36" [baseline/fit.cpp:36]   --->   Operation 74 'sdiv' 'sigmaInv' <Predicate = true> <Delay = 3.57> <CoreInst = "Divider">   --->   Core 6 'Divider' <Latency = 37> <II = 1> <Delay = 3.57> <FuncUnit> <Opcode : 'sdiv' 'srem' 'udiv' 'urem'> <InPorts = 2> <OutPorts = 1>

State 9 <SV = 8> <Delay = 3.57>
ST_9 : Operation 75 [30/38] (3.57ns)   --->   "%sigmaInv = sdiv i34 4294967296, i34 %sext_ln36" [baseline/fit.cpp:36]   --->   Operation 75 'sdiv' 'sigmaInv' <Predicate = true> <Delay = 3.57> <CoreInst = "Divider">   --->   Core 6 'Divider' <Latency = 37> <II = 1> <Delay = 3.57> <FuncUnit> <Opcode : 'sdiv' 'srem' 'udiv' 'urem'> <InPorts = 2> <OutPorts = 1>

State 10 <SV = 9> <Delay = 3.57>
ST_10 : Operation 76 [29/38] (3.57ns)   --->   "%sigmaInv = sdiv i34 4294967296, i34 %sext_ln36" [baseline/fit.cpp:36]   --->   Operation 76 'sdiv' 'sigmaInv' <Predicate = true> <Delay = 3.57> <CoreInst = "Divider">   --->   Core 6 'Divider' <Latency = 37> <II = 1> <Delay = 3.57> <FuncUnit> <Opcode : 'sdiv' 'srem' 'udiv' 'urem'> <InPorts = 2> <OutPorts = 1>

State 11 <SV = 10> <Delay = 3.57>
ST_11 : Operation 77 [28/38] (3.57ns)   --->   "%sigmaInv = sdiv i34 4294967296, i34 %sext_ln36" [baseline/fit.cpp:36]   --->   Operation 77 'sdiv' 'sigmaInv' <Predicate = true> <Delay = 3.57> <CoreInst = "Divider">   --->   Core 6 'Divider' <Latency = 37> <II = 1> <Delay = 3.57> <FuncUnit> <Opcode : 'sdiv' 'srem' 'udiv' 'urem'> <InPorts = 2> <OutPorts = 1>

State 12 <SV = 11> <Delay = 3.57>
ST_12 : Operation 78 [27/38] (3.57ns)   --->   "%sigmaInv = sdiv i34 4294967296, i34 %sext_ln36" [baseline/fit.cpp:36]   --->   Operation 78 'sdiv' 'sigmaInv' <Predicate = true> <Delay = 3.57> <CoreInst = "Divider">   --->   Core 6 'Divider' <Latency = 37> <II = 1> <Delay = 3.57> <FuncUnit> <Opcode : 'sdiv' 'srem' 'udiv' 'urem'> <InPorts = 2> <OutPorts = 1>

State 13 <SV = 12> <Delay = 3.57>
ST_13 : Operation 79 [26/38] (3.57ns)   --->   "%sigmaInv = sdiv i34 4294967296, i34 %sext_ln36" [baseline/fit.cpp:36]   --->   Operation 79 'sdiv' 'sigmaInv' <Predicate = true> <Delay = 3.57> <CoreInst = "Divider">   --->   Core 6 'Divider' <Latency = 37> <II = 1> <Delay = 3.57> <FuncUnit> <Opcode : 'sdiv' 'srem' 'udiv' 'urem'> <InPorts = 2> <OutPorts = 1>

State 14 <SV = 13> <Delay = 3.57>
ST_14 : Operation 80 [25/38] (3.57ns)   --->   "%sigmaInv = sdiv i34 4294967296, i34 %sext_ln36" [baseline/fit.cpp:36]   --->   Operation 80 'sdiv' 'sigmaInv' <Predicate = true> <Delay = 3.57> <CoreInst = "Divider">   --->   Core 6 'Divider' <Latency = 37> <II = 1> <Delay = 3.57> <FuncUnit> <Opcode : 'sdiv' 'srem' 'udiv' 'urem'> <InPorts = 2> <OutPorts = 1>

State 15 <SV = 14> <Delay = 3.57>
ST_15 : Operation 81 [24/38] (3.57ns)   --->   "%sigmaInv = sdiv i34 4294967296, i34 %sext_ln36" [baseline/fit.cpp:36]   --->   Operation 81 'sdiv' 'sigmaInv' <Predicate = true> <Delay = 3.57> <CoreInst = "Divider">   --->   Core 6 'Divider' <Latency = 37> <II = 1> <Delay = 3.57> <FuncUnit> <Opcode : 'sdiv' 'srem' 'udiv' 'urem'> <InPorts = 2> <OutPorts = 1>

State 16 <SV = 15> <Delay = 3.57>
ST_16 : Operation 82 [23/38] (3.57ns)   --->   "%sigmaInv = sdiv i34 4294967296, i34 %sext_ln36" [baseline/fit.cpp:36]   --->   Operation 82 'sdiv' 'sigmaInv' <Predicate = true> <Delay = 3.57> <CoreInst = "Divider">   --->   Core 6 'Divider' <Latency = 37> <II = 1> <Delay = 3.57> <FuncUnit> <Opcode : 'sdiv' 'srem' 'udiv' 'urem'> <InPorts = 2> <OutPorts = 1>

State 17 <SV = 16> <Delay = 3.57>
ST_17 : Operation 83 [22/38] (3.57ns)   --->   "%sigmaInv = sdiv i34 4294967296, i34 %sext_ln36" [baseline/fit.cpp:36]   --->   Operation 83 'sdiv' 'sigmaInv' <Predicate = true> <Delay = 3.57> <CoreInst = "Divider">   --->   Core 6 'Divider' <Latency = 37> <II = 1> <Delay = 3.57> <FuncUnit> <Opcode : 'sdiv' 'srem' 'udiv' 'urem'> <InPorts = 2> <OutPorts = 1>

State 18 <SV = 17> <Delay = 3.57>
ST_18 : Operation 84 [21/38] (3.57ns)   --->   "%sigmaInv = sdiv i34 4294967296, i34 %sext_ln36" [baseline/fit.cpp:36]   --->   Operation 84 'sdiv' 'sigmaInv' <Predicate = true> <Delay = 3.57> <CoreInst = "Divider">   --->   Core 6 'Divider' <Latency = 37> <II = 1> <Delay = 3.57> <FuncUnit> <Opcode : 'sdiv' 'srem' 'udiv' 'urem'> <InPorts = 2> <OutPorts = 1>

State 19 <SV = 18> <Delay = 3.57>
ST_19 : Operation 85 [20/38] (3.57ns)   --->   "%sigmaInv = sdiv i34 4294967296, i34 %sext_ln36" [baseline/fit.cpp:36]   --->   Operation 85 'sdiv' 'sigmaInv' <Predicate = true> <Delay = 3.57> <CoreInst = "Divider">   --->   Core 6 'Divider' <Latency = 37> <II = 1> <Delay = 3.57> <FuncUnit> <Opcode : 'sdiv' 'srem' 'udiv' 'urem'> <InPorts = 2> <OutPorts = 1>

State 20 <SV = 19> <Delay = 3.57>
ST_20 : Operation 86 [19/38] (3.57ns)   --->   "%sigmaInv = sdiv i34 4294967296, i34 %sext_ln36" [baseline/fit.cpp:36]   --->   Operation 86 'sdiv' 'sigmaInv' <Predicate = true> <Delay = 3.57> <CoreInst = "Divider">   --->   Core 6 'Divider' <Latency = 37> <II = 1> <Delay = 3.57> <FuncUnit> <Opcode : 'sdiv' 'srem' 'udiv' 'urem'> <InPorts = 2> <OutPorts = 1>

State 21 <SV = 20> <Delay = 3.57>
ST_21 : Operation 87 [18/38] (3.57ns)   --->   "%sigmaInv = sdiv i34 4294967296, i34 %sext_ln36" [baseline/fit.cpp:36]   --->   Operation 87 'sdiv' 'sigmaInv' <Predicate = true> <Delay = 3.57> <CoreInst = "Divider">   --->   Core 6 'Divider' <Latency = 37> <II = 1> <Delay = 3.57> <FuncUnit> <Opcode : 'sdiv' 'srem' 'udiv' 'urem'> <InPorts = 2> <OutPorts = 1>

State 22 <SV = 21> <Delay = 3.57>
ST_22 : Operation 88 [17/38] (3.57ns)   --->   "%sigmaInv = sdiv i34 4294967296, i34 %sext_ln36" [baseline/fit.cpp:36]   --->   Operation 88 'sdiv' 'sigmaInv' <Predicate = true> <Delay = 3.57> <CoreInst = "Divider">   --->   Core 6 'Divider' <Latency = 37> <II = 1> <Delay = 3.57> <FuncUnit> <Opcode : 'sdiv' 'srem' 'udiv' 'urem'> <InPorts = 2> <OutPorts = 1>

State 23 <SV = 22> <Delay = 3.57>
ST_23 : Operation 89 [16/38] (3.57ns)   --->   "%sigmaInv = sdiv i34 4294967296, i34 %sext_ln36" [baseline/fit.cpp:36]   --->   Operation 89 'sdiv' 'sigmaInv' <Predicate = true> <Delay = 3.57> <CoreInst = "Divider">   --->   Core 6 'Divider' <Latency = 37> <II = 1> <Delay = 3.57> <FuncUnit> <Opcode : 'sdiv' 'srem' 'udiv' 'urem'> <InPorts = 2> <OutPorts = 1>

State 24 <SV = 23> <Delay = 3.57>
ST_24 : Operation 90 [15/38] (3.57ns)   --->   "%sigmaInv = sdiv i34 4294967296, i34 %sext_ln36" [baseline/fit.cpp:36]   --->   Operation 90 'sdiv' 'sigmaInv' <Predicate = true> <Delay = 3.57> <CoreInst = "Divider">   --->   Core 6 'Divider' <Latency = 37> <II = 1> <Delay = 3.57> <FuncUnit> <Opcode : 'sdiv' 'srem' 'udiv' 'urem'> <InPorts = 2> <OutPorts = 1>

State 25 <SV = 24> <Delay = 3.57>
ST_25 : Operation 91 [14/38] (3.57ns)   --->   "%sigmaInv = sdiv i34 4294967296, i34 %sext_ln36" [baseline/fit.cpp:36]   --->   Operation 91 'sdiv' 'sigmaInv' <Predicate = true> <Delay = 3.57> <CoreInst = "Divider">   --->   Core 6 'Divider' <Latency = 37> <II = 1> <Delay = 3.57> <FuncUnit> <Opcode : 'sdiv' 'srem' 'udiv' 'urem'> <InPorts = 2> <OutPorts = 1>

State 26 <SV = 25> <Delay = 3.57>
ST_26 : Operation 92 [13/38] (3.57ns)   --->   "%sigmaInv = sdiv i34 4294967296, i34 %sext_ln36" [baseline/fit.cpp:36]   --->   Operation 92 'sdiv' 'sigmaInv' <Predicate = true> <Delay = 3.57> <CoreInst = "Divider">   --->   Core 6 'Divider' <Latency = 37> <II = 1> <Delay = 3.57> <FuncUnit> <Opcode : 'sdiv' 'srem' 'udiv' 'urem'> <InPorts = 2> <OutPorts = 1>

State 27 <SV = 26> <Delay = 3.57>
ST_27 : Operation 93 [12/38] (3.57ns)   --->   "%sigmaInv = sdiv i34 4294967296, i34 %sext_ln36" [baseline/fit.cpp:36]   --->   Operation 93 'sdiv' 'sigmaInv' <Predicate = true> <Delay = 3.57> <CoreInst = "Divider">   --->   Core 6 'Divider' <Latency = 37> <II = 1> <Delay = 3.57> <FuncUnit> <Opcode : 'sdiv' 'srem' 'udiv' 'urem'> <InPorts = 2> <OutPorts = 1>

State 28 <SV = 27> <Delay = 3.57>
ST_28 : Operation 94 [11/38] (3.57ns)   --->   "%sigmaInv = sdiv i34 4294967296, i34 %sext_ln36" [baseline/fit.cpp:36]   --->   Operation 94 'sdiv' 'sigmaInv' <Predicate = true> <Delay = 3.57> <CoreInst = "Divider">   --->   Core 6 'Divider' <Latency = 37> <II = 1> <Delay = 3.57> <FuncUnit> <Opcode : 'sdiv' 'srem' 'udiv' 'urem'> <InPorts = 2> <OutPorts = 1>

State 29 <SV = 28> <Delay = 3.57>
ST_29 : Operation 95 [10/38] (3.57ns)   --->   "%sigmaInv = sdiv i34 4294967296, i34 %sext_ln36" [baseline/fit.cpp:36]   --->   Operation 95 'sdiv' 'sigmaInv' <Predicate = true> <Delay = 3.57> <CoreInst = "Divider">   --->   Core 6 'Divider' <Latency = 37> <II = 1> <Delay = 3.57> <FuncUnit> <Opcode : 'sdiv' 'srem' 'udiv' 'urem'> <InPorts = 2> <OutPorts = 1>

State 30 <SV = 29> <Delay = 3.57>
ST_30 : Operation 96 [9/38] (3.57ns)   --->   "%sigmaInv = sdiv i34 4294967296, i34 %sext_ln36" [baseline/fit.cpp:36]   --->   Operation 96 'sdiv' 'sigmaInv' <Predicate = true> <Delay = 3.57> <CoreInst = "Divider">   --->   Core 6 'Divider' <Latency = 37> <II = 1> <Delay = 3.57> <FuncUnit> <Opcode : 'sdiv' 'srem' 'udiv' 'urem'> <InPorts = 2> <OutPorts = 1>

State 31 <SV = 30> <Delay = 3.57>
ST_31 : Operation 97 [8/38] (3.57ns)   --->   "%sigmaInv = sdiv i34 4294967296, i34 %sext_ln36" [baseline/fit.cpp:36]   --->   Operation 97 'sdiv' 'sigmaInv' <Predicate = true> <Delay = 3.57> <CoreInst = "Divider">   --->   Core 6 'Divider' <Latency = 37> <II = 1> <Delay = 3.57> <FuncUnit> <Opcode : 'sdiv' 'srem' 'udiv' 'urem'> <InPorts = 2> <OutPorts = 1>

State 32 <SV = 31> <Delay = 3.57>
ST_32 : Operation 98 [7/38] (3.57ns)   --->   "%sigmaInv = sdiv i34 4294967296, i34 %sext_ln36" [baseline/fit.cpp:36]   --->   Operation 98 'sdiv' 'sigmaInv' <Predicate = true> <Delay = 3.57> <CoreInst = "Divider">   --->   Core 6 'Divider' <Latency = 37> <II = 1> <Delay = 3.57> <FuncUnit> <Opcode : 'sdiv' 'srem' 'udiv' 'urem'> <InPorts = 2> <OutPorts = 1>

State 33 <SV = 32> <Delay = 3.57>
ST_33 : Operation 99 [6/38] (3.57ns)   --->   "%sigmaInv = sdiv i34 4294967296, i34 %sext_ln36" [baseline/fit.cpp:36]   --->   Operation 99 'sdiv' 'sigmaInv' <Predicate = true> <Delay = 3.57> <CoreInst = "Divider">   --->   Core 6 'Divider' <Latency = 37> <II = 1> <Delay = 3.57> <FuncUnit> <Opcode : 'sdiv' 'srem' 'udiv' 'urem'> <InPorts = 2> <OutPorts = 1>

State 34 <SV = 33> <Delay = 3.57>
ST_34 : Operation 100 [5/38] (3.57ns)   --->   "%sigmaInv = sdiv i34 4294967296, i34 %sext_ln36" [baseline/fit.cpp:36]   --->   Operation 100 'sdiv' 'sigmaInv' <Predicate = true> <Delay = 3.57> <CoreInst = "Divider">   --->   Core 6 'Divider' <Latency = 37> <II = 1> <Delay = 3.57> <FuncUnit> <Opcode : 'sdiv' 'srem' 'udiv' 'urem'> <InPorts = 2> <OutPorts = 1>

State 35 <SV = 34> <Delay = 3.57>
ST_35 : Operation 101 [4/38] (3.57ns)   --->   "%sigmaInv = sdiv i34 4294967296, i34 %sext_ln36" [baseline/fit.cpp:36]   --->   Operation 101 'sdiv' 'sigmaInv' <Predicate = true> <Delay = 3.57> <CoreInst = "Divider">   --->   Core 6 'Divider' <Latency = 37> <II = 1> <Delay = 3.57> <FuncUnit> <Opcode : 'sdiv' 'srem' 'udiv' 'urem'> <InPorts = 2> <OutPorts = 1>

State 36 <SV = 35> <Delay = 3.57>
ST_36 : Operation 102 [3/38] (3.57ns)   --->   "%sigmaInv = sdiv i34 4294967296, i34 %sext_ln36" [baseline/fit.cpp:36]   --->   Operation 102 'sdiv' 'sigmaInv' <Predicate = true> <Delay = 3.57> <CoreInst = "Divider">   --->   Core 6 'Divider' <Latency = 37> <II = 1> <Delay = 3.57> <FuncUnit> <Opcode : 'sdiv' 'srem' 'udiv' 'urem'> <InPorts = 2> <OutPorts = 1>

State 37 <SV = 36> <Delay = 3.57>
ST_37 : Operation 103 [2/38] (3.57ns)   --->   "%sigmaInv = sdiv i34 4294967296, i34 %sext_ln36" [baseline/fit.cpp:36]   --->   Operation 103 'sdiv' 'sigmaInv' <Predicate = true> <Delay = 3.57> <CoreInst = "Divider">   --->   Core 6 'Divider' <Latency = 37> <II = 1> <Delay = 3.57> <FuncUnit> <Opcode : 'sdiv' 'srem' 'udiv' 'urem'> <InPorts = 2> <OutPorts = 1>

State 38 <SV = 37> <Delay = 3.57>
ST_38 : Operation 104 [1/38] (3.57ns)   --->   "%sigmaInv = sdiv i34 4294967296, i34 %sext_ln36" [baseline/fit.cpp:36]   --->   Operation 104 'sdiv' 'sigmaInv' <Predicate = true> <Delay = 3.57> <CoreInst = "Divider">   --->   Core 6 'Divider' <Latency = 37> <II = 1> <Delay = 3.57> <FuncUnit> <Opcode : 'sdiv' 'srem' 'udiv' 'urem'> <InPorts = 2> <OutPorts = 1>

State 39 <SV = 38> <Delay = 7.03>
ST_39 : Operation 105 [1/1] (0.00ns)   --->   "%sext_ln38 = sext i34 %sigmaInv" [baseline/fit.cpp:38]   --->   Operation 105 'sext' 'sext_ln38' <Predicate = true> <Delay = 0.00>
ST_39 : Operation 106 [1/1] (7.03ns)   --->   "%mul_ln38 = mul i68 %sext_ln38, i68 %sext_ln38" [baseline/fit.cpp:38]   --->   Operation 106 'mul' 'mul_ln38' <Predicate = true> <Delay = 7.03> <CoreInst = "Multiplier">   --->   Core 3 'Multiplier' <Latency = 0> <II = 1> <Delay = 7.03> <FuncUnit> <Opcode : 'mul'> <InPorts = 2> <OutPorts = 1>
ST_39 : Operation 107 [1/1] (0.00ns)   --->   "%sigmaSquaredInv = partselect i36 @_ssdm_op_PartSelect.i36.i68.i32.i32, i68 %mul_ln38, i32 32, i32 67" [baseline/fit.cpp:38]   --->   Operation 107 'partselect' 'sigmaSquaredInv' <Predicate = true> <Delay = 0.00>

State 40 <SV = 39> <Delay = 7.02>
ST_40 : Operation 108 [1/1] (0.00ns)   --->   "%sext_ln38_2 = sext i36 %sigmaSquaredInv" [baseline/fit.cpp:38]   --->   Operation 108 'sext' 'sext_ln38_2' <Predicate = true> <Delay = 0.00>
ST_40 : Operation 109 [1/1] (0.00ns)   --->   "%sext_ln45 = sext i12 %obs_x" [baseline/fit.cpp:45]   --->   Operation 109 'sext' 'sext_ln45' <Predicate = true> <Delay = 0.00>
ST_40 : [1/1] (1.29ns)   --->   Input mux for Operation 110 '%mul_ln45 = mul i48 %sext_ln38_2, i48 %sext_ln45'
ST_40 : Operation 110 [1/1] (5.72ns)   --->   "%mul_ln45 = mul i48 %sext_ln38_2, i48 %sext_ln45" [baseline/fit.cpp:45]   --->   Operation 110 'mul' 'mul_ln45' <Predicate = true> <Delay = 5.72> <CoreInst = "Multiplier">   --->   Core 3 'Multiplier' <Latency = 0> <II = 1> <Delay = 7.02> <FuncUnit> <Opcode : 'mul'> <InPorts = 2> <OutPorts = 1>
ST_40 : Operation 111 [1/1] (0.00ns)   --->   "%sext_ln46 = sext i12 %obs_y" [baseline/fit.cpp:46]   --->   Operation 111 'sext' 'sext_ln46' <Predicate = true> <Delay = 0.00>
ST_40 : [1/1] (1.29ns)   --->   Input mux for Operation 112 '%mul_ln46 = mul i48 %sext_ln38_2, i48 %sext_ln46'
ST_40 : Operation 112 [1/1] (5.72ns)   --->   "%mul_ln46 = mul i48 %sext_ln38_2, i48 %sext_ln46" [baseline/fit.cpp:46]   --->   Operation 112 'mul' 'mul_ln46' <Predicate = true> <Delay = 5.72> <CoreInst = "Multiplier">   --->   Core 3 'Multiplier' <Latency = 0> <II = 1> <Delay = 7.02> <FuncUnit> <Opcode : 'mul'> <InPorts = 2> <OutPorts = 1>
ST_40 : Operation 131 [1/1] (0.00ns)   --->   "%ret_ln79 = ret" [baseline/fit.cpp:79]   --->   Operation 131 'ret' 'ret_ln79' <Predicate = (!tmp)> <Delay = 0.00>

State 41 <SV = 40> <Delay = 3.42>
ST_41 : Operation 113 [1/1] (0.00ns)   --->   "%specloopname_ln28 = specloopname void @_ssdm_op_SpecLoopName, void @empty_0" [baseline/fit.cpp:28]   --->   Operation 113 'specloopname' 'specloopname_ln28' <Predicate = true> <Delay = 0.00>
ST_41 : Operation 114 [1/1] (3.42ns)   --->   "%write_ln31 = write void @_ssdm_op_Write.ap_fifo.volatile.i12P0A, i12 %x1, i12 %obs_x" [baseline/fit.cpp:31]   --->   Operation 114 'write' 'write_ln31' <Predicate = true> <Delay = 3.42> <CoreInst = "FIFO_SRL">   --->   Core 81 'FIFO_SRL' <Latency = 0> <II = 1> <Delay = 3.42> <Storage> <Opcode : 'read' 'write' 'nbread' 'nbwrite'> <Ports = 0> <Width = 12> <Depth = 10> <FIFO>
ST_41 : Operation 115 [1/1] (3.42ns)   --->   "%write_ln32 = write void @_ssdm_op_Write.ap_fifo.volatile.i12P0A, i12 %x2, i12 %obs_x" [baseline/fit.cpp:32]   --->   Operation 115 'write' 'write_ln32' <Predicate = true> <Delay = 3.42> <CoreInst = "FIFO_SRL">   --->   Core 81 'FIFO_SRL' <Latency = 0> <II = 1> <Delay = 3.42> <Storage> <Opcode : 'read' 'write' 'nbread' 'nbwrite'> <Ports = 0> <Width = 12> <Depth = 10> <FIFO>
ST_41 : Operation 116 [1/1] (3.42ns)   --->   "%write_ln33 = write void @_ssdm_op_Write.ap_fifo.volatile.i12P0A, i12 %y1, i12 %obs_y" [baseline/fit.cpp:33]   --->   Operation 116 'write' 'write_ln33' <Predicate = true> <Delay = 3.42> <CoreInst = "FIFO_SRL">   --->   Core 81 'FIFO_SRL' <Latency = 0> <II = 1> <Delay = 3.42> <Storage> <Opcode : 'read' 'write' 'nbread' 'nbwrite'> <Ports = 0> <Width = 12> <Depth = 10> <FIFO>
ST_41 : Operation 117 [1/1] (3.42ns)   --->   "%write_ln34 = write void @_ssdm_op_Write.ap_fifo.volatile.i12P0A, i12 %y2, i12 %obs_y" [baseline/fit.cpp:34]   --->   Operation 117 'write' 'write_ln34' <Predicate = true> <Delay = 3.42> <CoreInst = "FIFO_SRL">   --->   Core 81 'FIFO_SRL' <Latency = 0> <II = 1> <Delay = 3.42> <Storage> <Opcode : 'read' 'write' 'nbread' 'nbwrite'> <Ports = 0> <Width = 12> <Depth = 10> <FIFO>
ST_41 : Operation 118 [1/1] (0.00ns)   --->   "%sext_ln36_1 = sext i34 %sigmaInv" [baseline/fit.cpp:36]   --->   Operation 118 'sext' 'sext_ln36_1' <Predicate = true> <Delay = 0.00>
ST_41 : Operation 119 [1/1] (3.42ns)   --->   "%write_ln37 = write void @_ssdm_op_Write.ap_fifo.volatile.i64P0A, i64 %sigmaDiv1, i64 %sext_ln36_1" [baseline/fit.cpp:37]   --->   Operation 119 'write' 'write_ln37' <Predicate = true> <Delay = 3.42> <CoreInst = "FIFO_SRL">   --->   Core 81 'FIFO_SRL' <Latency = 0> <II = 1> <Delay = 3.42> <Storage> <Opcode : 'read' 'write' 'nbread' 'nbwrite'> <Ports = 0> <Width = 64> <Depth = 10> <FIFO>
ST_41 : Operation 120 [1/1] (0.00ns)   --->   "%sext_ln38_1 = sext i36 %sigmaSquaredInv" [baseline/fit.cpp:38]   --->   Operation 120 'sext' 'sext_ln38_1' <Predicate = true> <Delay = 0.00>
ST_41 : Operation 121 [1/1] (3.42ns)   --->   "%write_ln39 = write void @_ssdm_op_Write.ap_fifo.volatile.i64P0A, i64 %sigmaSquaredDiv1, i64 %sext_ln38_1" [baseline/fit.cpp:39]   --->   Operation 121 'write' 'write_ln39' <Predicate = true> <Delay = 3.42> <CoreInst = "FIFO_SRL">   --->   Core 81 'FIFO_SRL' <Latency = 0> <II = 1> <Delay = 3.42> <Storage> <Opcode : 'read' 'write' 'nbread' 'nbwrite'> <Ports = 0> <Width = 64> <Depth = 10> <FIFO>
ST_41 : Operation 122 [1/1] (3.42ns)   --->   "%write_ln41 = write void @_ssdm_op_Write.ap_fifo.volatile.i2P0A, i2 %last1, i2 %obs_last" [baseline/fit.cpp:41]   --->   Operation 122 'write' 'write_ln41' <Predicate = true> <Delay = 3.42> <CoreInst = "FIFO_SRL">   --->   Core 81 'FIFO_SRL' <Latency = 0> <II = 1> <Delay = 3.42> <Storage> <Opcode : 'read' 'write' 'nbread' 'nbwrite'> <Ports = 0> <Width = 2> <Depth = 10> <FIFO>
ST_41 : Operation 123 [1/1] (3.42ns)   --->   "%write_ln42 = write void @_ssdm_op_Write.ap_fifo.volatile.i2P0A, i2 %last2, i2 %obs_last" [baseline/fit.cpp:42]   --->   Operation 123 'write' 'write_ln42' <Predicate = true> <Delay = 3.42> <CoreInst = "FIFO_SRL">   --->   Core 81 'FIFO_SRL' <Latency = 0> <II = 1> <Delay = 3.42> <Storage> <Opcode : 'read' 'write' 'nbread' 'nbwrite'> <Ports = 0> <Width = 2> <Depth = 10> <FIFO>
ST_41 : Operation 124 [1/1] (3.42ns)   --->   "%write_ln43 = write void @_ssdm_op_Write.ap_fifo.volatile.i2P0A, i2 %last3, i2 %obs_last" [baseline/fit.cpp:43]   --->   Operation 124 'write' 'write_ln43' <Predicate = true> <Delay = 3.42> <CoreInst = "FIFO_SRL">   --->   Core 81 'FIFO_SRL' <Latency = 0> <II = 1> <Delay = 3.42> <Storage> <Opcode : 'read' 'write' 'nbread' 'nbwrite'> <Ports = 0> <Width = 2> <Depth = 10> <FIFO>
ST_41 : Operation 125 [1/1] (3.42ns)   --->   "%write_ln44 = write void @_ssdm_op_Write.ap_fifo.volatile.i64P0A, i64 %partialS, i64 %sext_ln38_1" [baseline/fit.cpp:44]   --->   Operation 125 'write' 'write_ln44' <Predicate = true> <Delay = 3.42> <CoreInst = "FIFO_SRL">   --->   Core 81 'FIFO_SRL' <Latency = 0> <II = 1> <Delay = 3.42> <Storage> <Opcode : 'read' 'write' 'nbread' 'nbwrite'> <Ports = 0> <Width = 64> <Depth = 10> <FIFO>
ST_41 : Operation 126 [1/1] (0.00ns)   --->   "%sext_ln45_1 = sext i48 %mul_ln45" [baseline/fit.cpp:45]   --->   Operation 126 'sext' 'sext_ln45_1' <Predicate = true> <Delay = 0.00>
ST_41 : Operation 127 [1/1] (3.42ns)   --->   "%write_ln45 = write void @_ssdm_op_Write.ap_fifo.volatile.i64P0A, i64 %partialSx, i64 %sext_ln45_1" [baseline/fit.cpp:45]   --->   Operation 127 'write' 'write_ln45' <Predicate = true> <Delay = 3.42> <CoreInst = "FIFO_SRL">   --->   Core 81 'FIFO_SRL' <Latency = 0> <II = 1> <Delay = 3.42> <Storage> <Opcode : 'read' 'write' 'nbread' 'nbwrite'> <Ports = 0> <Width = 64> <Depth = 10> <FIFO>
ST_41 : Operation 128 [1/1] (0.00ns)   --->   "%sext_ln46_1 = sext i48 %mul_ln46" [baseline/fit.cpp:46]   --->   Operation 128 'sext' 'sext_ln46_1' <Predicate = true> <Delay = 0.00>
ST_41 : Operation 129 [1/1] (3.42ns)   --->   "%write_ln46 = write void @_ssdm_op_Write.ap_fifo.volatile.i64P0A, i64 %partialSy, i64 %sext_ln46_1" [baseline/fit.cpp:46]   --->   Operation 129 'write' 'write_ln46' <Predicate = true> <Delay = 3.42> <CoreInst = "FIFO_SRL">   --->   Core 81 'FIFO_SRL' <Latency = 0> <II = 1> <Delay = 3.42> <Storage> <Opcode : 'read' 'write' 'nbread' 'nbwrite'> <Ports = 0> <Width = 64> <Depth = 10> <FIFO>
ST_41 : Operation 130 [1/1] (0.00ns)   --->   "%br_ln28 = br void %while.cond" [baseline/fit.cpp:28]   --->   Operation 130 'br' 'br_ln28' <Predicate = true> <Delay = 0.00>


============================================================
+ Verbose Summary: Binding
============================================================
STG Binding: 
---------------- STG Properties BEGIN ----------------
- Is combinational: 0
- Is one-state seq: 0
- Is datapath-only: 0
- Is pipelined: 0
- Is top level: 0
Port [ Return ] is wired: 1; IO mode=ap_ctrl_hs:ce=0
Port [ input_r]:  wired=1; compound=1; hidden=0; nouse=0; global=0; static=0; extern=0; dir=0; type=0; pingpong=0; private_global=0; IO mode=axis:ce=0
Port [ partialS]:  wired=1; compound=1; hidden=0; nouse=0; global=0; static=0; extern=0; dir=1; type=3; pingpong=0; private_global=0; IO mode=ap_fifo:ce=0
Port [ partialSx]:  wired=1; compound=1; hidden=0; nouse=0; global=0; static=0; extern=0; dir=1; type=3; pingpong=0; private_global=0; IO mode=ap_fifo:ce=0
Port [ partialSy]:  wired=1; compound=1; hidden=0; nouse=0; global=0; static=0; extern=0; dir=1; type=3; pingpong=0; private_global=0; IO mode=ap_fifo:ce=0
Port [ x1]:  wired=1; compound=1; hidden=0; nouse=0; global=0; static=0; extern=0; dir=1; type=3; pingpong=0; private_global=0; IO mode=ap_fifo:ce=0
Port [ x2]:  wired=1; compound=1; hidden=0; nouse=0; global=0; static=0; extern=0; dir=1; type=3; pingpong=0; private_global=0; IO mode=ap_fifo:ce=0
Port [ y1]:  wired=1; compound=1; hidden=0; nouse=0; global=0; static=0; extern=0; dir=1; type=3; pingpong=0; private_global=0; IO mode=ap_fifo:ce=0
Port [ y2]:  wired=1; compound=1; hidden=0; nouse=0; global=0; static=0; extern=0; dir=1; type=3; pingpong=0; private_global=0; IO mode=ap_fifo:ce=0
Port [ sigmaDiv1]:  wired=1; compound=1; hidden=0; nouse=0; global=0; static=0; extern=0; dir=1; type=3; pingpong=0; private_global=0; IO mode=ap_fifo:ce=0
Port [ sigmaSquaredDiv1]:  wired=1; compound=1; hidden=0; nouse=0; global=0; static=0; extern=0; dir=1; type=3; pingpong=0; private_global=0; IO mode=ap_fifo:ce=0
Port [ last1]:  wired=1; compound=1; hidden=0; nouse=0; global=0; static=0; extern=0; dir=1; type=3; pingpong=0; private_global=0; IO mode=ap_fifo:ce=0
Port [ last2]:  wired=1; compound=1; hidden=0; nouse=0; global=0; static=0; extern=0; dir=1; type=3; pingpong=0; private_global=0; IO mode=ap_fifo:ce=0
Port [ last3]:  wired=1; compound=1; hidden=0; nouse=0; global=0; static=0; extern=0; dir=1; type=3; pingpong=0; private_global=0; IO mode=ap_fifo:ce=0
---------------- STG Properties END ------------------

---------------- Datapath Model BEGIN ----------------

<LifeTime>
<method=bitvector/>
specinterface_ln0 (specinterface) [ 000000000000000000000000000000000000000000]
specinterface_ln0 (specinterface) [ 000000000000000000000000000000000000000000]
specinterface_ln0 (specinterface) [ 000000000000000000000000000000000000000000]
specinterface_ln0 (specinterface) [ 000000000000000000000000000000000000000000]
specinterface_ln0 (specinterface) [ 000000000000000000000000000000000000000000]
specinterface_ln0 (specinterface) [ 000000000000000000000000000000000000000000]
specinterface_ln0 (specinterface) [ 000000000000000000000000000000000000000000]
specinterface_ln0 (specinterface) [ 000000000000000000000000000000000000000000]
specinterface_ln0 (specinterface) [ 000000000000000000000000000000000000000000]
specinterface_ln0 (specinterface) [ 000000000000000000000000000000000000000000]
specinterface_ln0 (specinterface) [ 000000000000000000000000000000000000000000]
specinterface_ln0 (specinterface) [ 000000000000000000000000000000000000000000]
specinterface_ln0 (specinterface) [ 000000000000000000000000000000000000000000]
br_ln28           (br           ) [ 000000000000000000000000000000000000000000]
specpipeline_ln0  (specpipeline ) [ 000000000000000000000000000000000000000000]
tmp               (nbreadreq    ) [ 011111111111111111111111111111111111111110]
br_ln28           (br           ) [ 000000000000000000000000000000000000000000]
input_r_read      (read         ) [ 000000000000000000000000000000000000000000]
obs_x             (trunc        ) [ 011111111111111111111111111111111111111111]
obs_y             (partselect   ) [ 011111111111111111111111111111111111111111]
obs_sigma         (partselect   ) [ 000000000000000000000000000000000000000000]
obs_last          (partselect   ) [ 011111111111111111111111111111111111111111]
sext_ln36         (sext         ) [ 011111111111111111111111111111111111111000]
sigmaInv          (sdiv         ) [ 010000000000000000000000000000000000000111]
sext_ln38         (sext         ) [ 000000000000000000000000000000000000000000]
mul_ln38          (mul          ) [ 000000000000000000000000000000000000000000]
sigmaSquaredInv   (partselect   ) [ 010000000000000000000000000000000000000011]
sext_ln38_2       (sext         ) [ 000000000000000000000000000000000000000000]
sext_ln45         (sext         ) [ 000000000000000000000000000000000000000000]
mul_ln45          (mul          ) [ 010000000000000000000000000000000000000001]
sext_ln46         (sext         ) [ 000000000000000000000000000000000000000000]
mul_ln46          (mul          ) [ 010000000000000000000000000000000000000001]
specloopname_ln28 (specloopname ) [ 000000000000000000000000000000000000000000]
write_ln31        (write        ) [ 000000000000000000000000000000000000000000]
write_ln32        (write        ) [ 000000000000000000000000000000000000000000]
write_ln33        (write        ) [ 000000000000000000000000000000000000000000]
write_ln34        (write        ) [ 000000000000000000000000000000000000000000]
sext_ln36_1       (sext         ) [ 000000000000000000000000000000000000000000]
write_ln37        (write        ) [ 000000000000000000000000000000000000000000]
sext_ln38_1       (sext         ) [ 000000000000000000000000000000000000000000]
write_ln39        (write        ) [ 000000000000000000000000000000000000000000]
write_ln41        (write        ) [ 000000000000000000000000000000000000000000]
write_ln42        (write        ) [ 000000000000000000000000000000000000000000]
write_ln43        (write        ) [ 000000000000000000000000000000000000000000]
write_ln44        (write        ) [ 000000000000000000000000000000000000000000]
sext_ln45_1       (sext         ) [ 000000000000000000000000000000000000000000]
write_ln45        (write        ) [ 000000000000000000000000000000000000000000]
sext_ln46_1       (sext         ) [ 000000000000000000000000000000000000000000]
write_ln46        (write        ) [ 000000000000000000000000000000000000000000]
br_ln28           (br           ) [ 000000000000000000000000000000000000000000]
ret_ln79          (ret          ) [ 000000000000000000000000000000000000000000]
</LifeTime>

<model>

<comp_list>
<comp id="0" class="1000" name="input_r">
<pin_list>
<pin id="1" dir="1" index="0" bw="1" slack="0"/>
</pin_list>
<bind>
<StgValue><ssdm name="input_r"/></StgValue>
</bind>
</comp>

<comp id="2" class="1000" name="partialS">
<pin_list>
<pin id="3" dir="1" index="0" bw="1" slack="0"/>
</pin_list>
<bind>
<StgValue><ssdm name="partialS"/></StgValue>
</bind>
</comp>

<comp id="4" class="1000" name="partialSx">
<pin_list>
<pin id="5" dir="1" index="0" bw="1" slack="0"/>
</pin_list>
<bind>
<StgValue><ssdm name="partialSx"/></StgValue>
</bind>
</comp>

<comp id="6" class="1000" name="partialSy">
<pin_list>
<pin id="7" dir="1" index="0" bw="1" slack="0"/>
</pin_list>
<bind>
<StgValue><ssdm name="partialSy"/></StgValue>
</bind>
</comp>

<comp id="8" class="1000" name="x1">
<pin_list>
<pin id="9" dir="1" index="0" bw="1" slack="0"/>
</pin_list>
<bind>
<StgValue><ssdm name="x1"/></StgValue>
</bind>
</comp>

<comp id="10" class="1000" name="x2">
<pin_list>
<pin id="11" dir="1" index="0" bw="1" slack="0"/>
</pin_list>
<bind>
<StgValue><ssdm name="x2"/></StgValue>
</bind>
</comp>

<comp id="12" class="1000" name="y1">
<pin_list>
<pin id="13" dir="1" index="0" bw="1" slack="0"/>
</pin_list>
<bind>
<StgValue><ssdm name="y1"/></StgValue>
</bind>
</comp>

<comp id="14" class="1000" name="y2">
<pin_list>
<pin id="15" dir="1" index="0" bw="1" slack="0"/>
</pin_list>
<bind>
<StgValue><ssdm name="y2"/></StgValue>
</bind>
</comp>

<comp id="16" class="1000" name="sigmaDiv1">
<pin_list>
<pin id="17" dir="1" index="0" bw="1" slack="0"/>
</pin_list>
<bind>
<StgValue><ssdm name="sigmaDiv1"/></StgValue>
</bind>
</comp>

<comp id="18" class="1000" name="sigmaSquaredDiv1">
<pin_list>
<pin id="19" dir="1" index="0" bw="1" slack="0"/>
</pin_list>
<bind>
<StgValue><ssdm name="sigmaSquaredDiv1"/></StgValue>
</bind>
</comp>

<comp id="20" class="1000" name="last1">
<pin_list>
<pin id="21" dir="1" index="0" bw="1" slack="0"/>
</pin_list>
<bind>
<StgValue><ssdm name="last1"/></StgValue>
</bind>
</comp>

<comp id="22" class="1000" name="last2">
<pin_list>
<pin id="23" dir="1" index="0" bw="1" slack="0"/>
</pin_list>
<bind>
<StgValue><ssdm name="last2"/></StgValue>
</bind>
</comp>

<comp id="24" class="1000" name="last3">
<pin_list>
<pin id="25" dir="1" index="0" bw="1" slack="0"/>
</pin_list>
<bind>
<StgValue><ssdm name="last3"/></StgValue>
</bind>
</comp>

<comp id="26" class="1001" name="const_26">
<pin_list>
<pin id="27" dir="1" index="0" bw="1" slack="2147483647"/>
</pin_list>
<bind>
<StgValue><ssdm name="_ssdm_op_SpecInterface"/></StgValue>
</bind>
</comp>

<comp id="28" class="1001" name="const_28">
<pin_list>
<pin id="29" dir="1" index="0" bw="1" slack="2147483647"/>
</pin_list>
<bind>
<StgValue><ssdm name="empty_5"/></StgValue>
</bind>
</comp>

<comp id="30" class="1001" name="const_30">
<pin_list>
<pin id="31" dir="1" index="0" bw="1" slack="2147483647"/>
</pin_list>
<bind>
<StgValue><ssdm name=""/></StgValue>
</bind>
</comp>

<comp id="32" class="1001" name="const_32">
<pin_list>
<pin id="33" dir="1" index="0" bw="1" slack="2147483647"/>
</pin_list>
<bind>
<StgValue><ssdm name="empty_8"/></StgValue>
</bind>
</comp>

<comp id="34" class="1001" name="const_34">
<pin_list>
<pin id="35" dir="1" index="0" bw="1" slack="2147483647"/>
</pin_list>
<bind>
<StgValue><ssdm name=""/></StgValue>
</bind>
</comp>

<comp id="36" class="1001" name="const_36">
<pin_list>
<pin id="37" dir="1" index="0" bw="1" slack="2147483647"/>
</pin_list>
<bind>
<StgValue><ssdm name="empty_10"/></StgValue>
</bind>
</comp>

<comp id="38" class="1001" name="const_38">
<pin_list>
<pin id="39" dir="1" index="0" bw="1" slack="0"/>
</pin_list>
<bind>
<StgValue><ssdm name=""/></StgValue>
</bind>
</comp>

<comp id="40" class="1001" name="const_40">
<pin_list>
<pin id="41" dir="1" index="0" bw="1" slack="2147483647"/>
</pin_list>
<bind>
<StgValue><ssdm name="empty_9"/></StgValue>
</bind>
</comp>

<comp id="42" class="1001" name="const_42">
<pin_list>
<pin id="43" dir="1" index="0" bw="1" slack="2147483647"/>
</pin_list>
<bind>
<StgValue><ssdm name="_ssdm_op_SpecPipeline"/></StgValue>
</bind>
</comp>

<comp id="44" class="1001" name="const_44">
<pin_list>
<pin id="45" dir="1" index="0" bw="1" slack="2147483647"/>
</pin_list>
<bind>
<StgValue><ssdm name="p_str"/></StgValue>
</bind>
</comp>

<comp id="46" class="1001" name="const_46">
<pin_list>
<pin id="47" dir="1" index="0" bw="1" slack="0"/>
</pin_list>
<bind>
<StgValue><ssdm name="_ssdm_op_NbReadReq.axis.i64P128A"/></StgValue>
</bind>
</comp>

<comp id="48" class="1001" name="const_48">
<pin_list>
<pin id="49" dir="1" index="0" bw="1" slack="0"/>
</pin_list>
<bind>
<StgValue><ssdm name="_ssdm_op_Read.axis.volatile.i64P128A"/></StgValue>
</bind>
</comp>

<comp id="50" class="1001" name="const_50">
<pin_list>
<pin id="51" dir="1" index="0" bw="1" slack="0"/>
</pin_list>
<bind>
<StgValue><ssdm name="_ssdm_op_PartSelect.i12.i64.i32.i32"/></StgValue>
</bind>
</comp>

<comp id="52" class="1001" name="const_52">
<pin_list>
<pin id="53" dir="1" index="0" bw="1" slack="0"/>
</pin_list>
<bind>
<StgValue><ssdm name=""/></StgValue>
</bind>
</comp>

<comp id="54" class="1001" name="const_54">
<pin_list>
<pin id="55" dir="1" index="0" bw="1" slack="0"/>
</pin_list>
<bind>
<StgValue><ssdm name=""/></StgValue>
</bind>
</comp>

<comp id="56" class="1001" name="const_56">
<pin_list>
<pin id="57" dir="1" index="0" bw="1" slack="0"/>
</pin_list>
<bind>
<StgValue><ssdm name=""/></StgValue>
</bind>
</comp>

<comp id="58" class="1001" name="const_58">
<pin_list>
<pin id="59" dir="1" index="0" bw="1" slack="0"/>
</pin_list>
<bind>
<StgValue><ssdm name=""/></StgValue>
</bind>
</comp>

<comp id="60" class="1001" name="const_60">
<pin_list>
<pin id="61" dir="1" index="0" bw="1" slack="0"/>
</pin_list>
<bind>
<StgValue><ssdm name="_ssdm_op_PartSelect.i2.i64.i32.i32"/></StgValue>
</bind>
</comp>

<comp id="62" class="1001" name="const_62">
<pin_list>
<pin id="63" dir="1" index="0" bw="1" slack="0"/>
</pin_list>
<bind>
<StgValue><ssdm name=""/></StgValue>
</bind>
</comp>

<comp id="64" class="1001" name="const_64">
<pin_list>
<pin id="65" dir="1" index="0" bw="1" slack="0"/>
</pin_list>
<bind>
<StgValue><ssdm name=""/></StgValue>
</bind>
</comp>

<comp id="66" class="1001" name="const_66">
<pin_list>
<pin id="67" dir="1" index="0" bw="1" slack="0"/>
</pin_list>
<bind>
<StgValue><ssdm name=""/></StgValue>
</bind>
</comp>

<comp id="68" class="1001" name="const_68">
<pin_list>
<pin id="69" dir="1" index="0" bw="1" slack="0"/>
</pin_list>
<bind>
<StgValue><ssdm name="_ssdm_op_PartSelect.i36.i68.i32.i32"/></StgValue>
</bind>
</comp>

<comp id="70" class="1001" name="const_70">
<pin_list>
<pin id="71" dir="1" index="0" bw="1" slack="0"/>
</pin_list>
<bind>
<StgValue><ssdm name=""/></StgValue>
</bind>
</comp>

<comp id="72" class="1001" name="const_72">
<pin_list>
<pin id="73" dir="1" index="0" bw="1" slack="2147483647"/>
</pin_list>
<bind>
<StgValue><ssdm name="_ssdm_op_SpecLoopName"/></StgValue>
</bind>
</comp>

<comp id="74" class="1001" name="const_74">
<pin_list>
<pin id="75" dir="1" index="0" bw="1" slack="2147483647"/>
</pin_list>
<bind>
<StgValue><ssdm name="empty_0"/></StgValue>
</bind>
</comp>

<comp id="76" class="1001" name="const_76">
<pin_list>
<pin id="77" dir="1" index="0" bw="1" slack="0"/>
</pin_list>
<bind>
<StgValue><ssdm name="_ssdm_op_Write.ap_fifo.volatile.i12P0A"/></StgValue>
</bind>
</comp>

<comp id="78" class="1001" name="const_78">
<pin_list>
<pin id="79" dir="1" index="0" bw="1" slack="0"/>
</pin_list>
<bind>
<StgValue><ssdm name="_ssdm_op_Write.ap_fifo.volatile.i64P0A"/></StgValue>
</bind>
</comp>

<comp id="80" class="1001" name="const_80">
<pin_list>
<pin id="81" dir="1" index="0" bw="1" slack="0"/>
</pin_list>
<bind>
<StgValue><ssdm name="_ssdm_op_Write.ap_fifo.volatile.i2P0A"/></StgValue>
</bind>
</comp>

<comp id="82" class="1004" name="tmp_nbreadreq_fu_82">
<pin_list>
<pin id="83" dir="0" index="0" bw="1" slack="0"/>
<pin id="84" dir="0" index="1" bw="64" slack="0"/>
<pin id="85" dir="0" index="2" bw="1" slack="0"/>
<pin id="86" dir="1" index="3" bw="1" slack="39"/>
</pin_list>
<bind>
<opcode="nbreadreq(1156) " fcode="nbreadreq"/>
<opset="tmp/1 "/>
</bind>
</comp>

<comp id="90" class="1004" name="input_r_read_read_fu_90">
<pin_list>
<pin id="91" dir="0" index="0" bw="64" slack="0"/>
<pin id="92" dir="0" index="1" bw="64" slack="0"/>
<pin id="93" dir="1" index="2" bw="64" slack="0"/>
</pin_list>
<bind>
<opcode="read(1150) " fcode="read"/>
<opset="input_r_read/1 "/>
</bind>
</comp>

<comp id="96" class="1004" name="write_ln31_write_fu_96">
<pin_list>
<pin id="97" dir="0" index="0" bw="0" slack="0"/>
<pin id="98" dir="0" index="1" bw="12" slack="0"/>
<pin id="99" dir="0" index="2" bw="12" slack="40"/>
<pin id="100" dir="1" index="3" bw="0" slack="2147483647"/>
</pin_list>
<bind>
<opcode="write(1151) " fcode="write"/>
<opset="write_ln31/41 "/>
</bind>
</comp>

<comp id="103" class="1004" name="write_ln32_write_fu_103">
<pin_list>
<pin id="104" dir="0" index="0" bw="0" slack="0"/>
<pin id="105" dir="0" index="1" bw="12" slack="0"/>
<pin id="106" dir="0" index="2" bw="12" slack="40"/>
<pin id="107" dir="1" index="3" bw="0" slack="2147483647"/>
</pin_list>
<bind>
<opcode="write(1151) " fcode="write"/>
<opset="write_ln32/41 "/>
</bind>
</comp>

<comp id="110" class="1004" name="write_ln33_write_fu_110">
<pin_list>
<pin id="111" dir="0" index="0" bw="0" slack="0"/>
<pin id="112" dir="0" index="1" bw="12" slack="0"/>
<pin id="113" dir="0" index="2" bw="12" slack="40"/>
<pin id="114" dir="1" index="3" bw="0" slack="2147483647"/>
</pin_list>
<bind>
<opcode="write(1151) " fcode="write"/>
<opset="write_ln33/41 "/>
</bind>
</comp>

<comp id="117" class="1004" name="write_ln34_write_fu_117">
<pin_list>
<pin id="118" dir="0" index="0" bw="0" slack="0"/>
<pin id="119" dir="0" index="1" bw="12" slack="0"/>
<pin id="120" dir="0" index="2" bw="12" slack="40"/>
<pin id="121" dir="1" index="3" bw="0" slack="2147483647"/>
</pin_list>
<bind>
<opcode="write(1151) " fcode="write"/>
<opset="write_ln34/41 "/>
</bind>
</comp>

<comp id="124" class="1004" name="write_ln37_write_fu_124">
<pin_list>
<pin id="125" dir="0" index="0" bw="0" slack="0"/>
<pin id="126" dir="0" index="1" bw="64" slack="0"/>
<pin id="127" dir="0" index="2" bw="34" slack="0"/>
<pin id="128" dir="1" index="3" bw="0" slack="2147483647"/>
</pin_list>
<bind>
<opcode="write(1151) " fcode="write"/>
<opset="write_ln37/41 "/>
</bind>
</comp>

<comp id="131" class="1004" name="write_ln39_write_fu_131">
<pin_list>
<pin id="132" dir="0" index="0" bw="0" slack="0"/>
<pin id="133" dir="0" index="1" bw="64" slack="0"/>
<pin id="134" dir="0" index="2" bw="36" slack="0"/>
<pin id="135" dir="1" index="3" bw="0" slack="2147483647"/>
</pin_list>
<bind>
<opcode="write(1151) " fcode="write"/>
<opset="write_ln39/41 "/>
</bind>
</comp>

<comp id="138" class="1004" name="write_ln41_write_fu_138">
<pin_list>
<pin id="139" dir="0" index="0" bw="0" slack="0"/>
<pin id="140" dir="0" index="1" bw="2" slack="0"/>
<pin id="141" dir="0" index="2" bw="2" slack="40"/>
<pin id="142" dir="1" index="3" bw="0" slack="2147483647"/>
</pin_list>
<bind>
<opcode="write(1151) " fcode="write"/>
<opset="write_ln41/41 "/>
</bind>
</comp>

<comp id="145" class="1004" name="write_ln42_write_fu_145">
<pin_list>
<pin id="146" dir="0" index="0" bw="0" slack="0"/>
<pin id="147" dir="0" index="1" bw="2" slack="0"/>
<pin id="148" dir="0" index="2" bw="2" slack="40"/>
<pin id="149" dir="1" index="3" bw="0" slack="2147483647"/>
</pin_list>
<bind>
<opcode="write(1151) " fcode="write"/>
<opset="write_ln42/41 "/>
</bind>
</comp>

<comp id="152" class="1004" name="write_ln43_write_fu_152">
<pin_list>
<pin id="153" dir="0" index="0" bw="0" slack="0"/>
<pin id="154" dir="0" index="1" bw="2" slack="0"/>
<pin id="155" dir="0" index="2" bw="2" slack="40"/>
<pin id="156" dir="1" index="3" bw="0" slack="2147483647"/>
</pin_list>
<bind>
<opcode="write(1151) " fcode="write"/>
<opset="write_ln43/41 "/>
</bind>
</comp>

<comp id="159" class="1004" name="write_ln44_write_fu_159">
<pin_list>
<pin id="160" dir="0" index="0" bw="0" slack="0"/>
<pin id="161" dir="0" index="1" bw="64" slack="0"/>
<pin id="162" dir="0" index="2" bw="36" slack="0"/>
<pin id="163" dir="1" index="3" bw="0" slack="2147483647"/>
</pin_list>
<bind>
<opcode="write(1151) " fcode="write"/>
<opset="write_ln44/41 "/>
</bind>
</comp>

<comp id="166" class="1004" name="write_ln45_write_fu_166">
<pin_list>
<pin id="167" dir="0" index="0" bw="0" slack="0"/>
<pin id="168" dir="0" index="1" bw="64" slack="0"/>
<pin id="169" dir="0" index="2" bw="48" slack="0"/>
<pin id="170" dir="1" index="3" bw="0" slack="2147483647"/>
</pin_list>
<bind>
<opcode="write(1151) " fcode="write"/>
<opset="write_ln45/41 "/>
</bind>
</comp>

<comp id="173" class="1004" name="write_ln46_write_fu_173">
<pin_list>
<pin id="174" dir="0" index="0" bw="0" slack="0"/>
<pin id="175" dir="0" index="1" bw="64" slack="0"/>
<pin id="176" dir="0" index="2" bw="48" slack="0"/>
<pin id="177" dir="1" index="3" bw="0" slack="2147483647"/>
</pin_list>
<bind>
<opcode="write(1151) " fcode="write"/>
<opset="write_ln46/41 "/>
</bind>
</comp>

<comp id="180" class="1004" name="mul_ln38_fu_180">
<pin_list>
<pin id="181" dir="0" index="0" bw="34" slack="0"/>
<pin id="182" dir="0" index="1" bw="34" slack="0"/>
<pin id="183" dir="1" index="2" bw="68" slack="0"/>
</pin_list>
<bind>
<opcode="mul(12) " fcode="mul"/>
<opset="mul_ln38/39 "/>
</bind>
</comp>

<comp id="184" class="1004" name="mul_ln45_fu_184">
<pin_list>
<pin id="185" dir="0" index="0" bw="36" slack="0"/>
<pin id="186" dir="0" index="1" bw="12" slack="0"/>
<pin id="187" dir="1" index="2" bw="48" slack="1"/>
</pin_list>
<bind>
<opcode="mul(12) " fcode="mul"/>
<opset="mul_ln45/40 "/>
</bind>
</comp>

<comp id="188" class="1004" name="mul_ln46_fu_188">
<pin_list>
<pin id="189" dir="0" index="0" bw="36" slack="0"/>
<pin id="190" dir="0" index="1" bw="12" slack="0"/>
<pin id="191" dir="1" index="2" bw="48" slack="1"/>
</pin_list>
<bind>
<opcode="mul(12) " fcode="mul"/>
<opset="mul_ln46/40 "/>
</bind>
</comp>

<comp id="192" class="1004" name="obs_x_fu_192">
<pin_list>
<pin id="193" dir="0" index="0" bw="64" slack="0"/>
<pin id="194" dir="1" index="1" bw="12" slack="39"/>
</pin_list>
<bind>
<opcode="trunc(33) " fcode="trunc"/>
<opset="obs_x/1 "/>
</bind>
</comp>

<comp id="196" class="1004" name="obs_y_fu_196">
<pin_list>
<pin id="197" dir="0" index="0" bw="12" slack="0"/>
<pin id="198" dir="0" index="1" bw="64" slack="0"/>
<pin id="199" dir="0" index="2" bw="6" slack="0"/>
<pin id="200" dir="0" index="3" bw="6" slack="0"/>
<pin id="201" dir="1" index="4" bw="12" slack="39"/>
</pin_list>
<bind>
<opcode="partselect(1002) " fcode="partselect"/>
<opset="obs_y/1 "/>
</bind>
</comp>

<comp id="206" class="1004" name="obs_sigma_fu_206">
<pin_list>
<pin id="207" dir="0" index="0" bw="12" slack="0"/>
<pin id="208" dir="0" index="1" bw="64" slack="0"/>
<pin id="209" dir="0" index="2" bw="7" slack="0"/>
<pin id="210" dir="0" index="3" bw="7" slack="0"/>
<pin id="211" dir="1" index="4" bw="12" slack="0"/>
</pin_list>
<bind>
<opcode="partselect(1002) " fcode="partselect"/>
<opset="obs_sigma/1 "/>
</bind>
</comp>

<comp id="216" class="1004" name="obs_last_fu_216">
<pin_list>
<pin id="217" dir="0" index="0" bw="2" slack="0"/>
<pin id="218" dir="0" index="1" bw="64" slack="0"/>
<pin id="219" dir="0" index="2" bw="7" slack="0"/>
<pin id="220" dir="0" index="3" bw="7" slack="0"/>
<pin id="221" dir="1" index="4" bw="2" slack="40"/>
</pin_list>
<bind>
<opcode="partselect(1002) " fcode="partselect"/>
<opset="obs_last/1 "/>
</bind>
</comp>

<comp id="226" class="1004" name="sext_ln36_fu_226">
<pin_list>
<pin id="227" dir="0" index="0" bw="12" slack="0"/>
<pin id="228" dir="1" index="1" bw="34" slack="0"/>
</pin_list>
<bind>
<opcode="sext(35) " fcode="sext"/>
<opset="sext_ln36/1 "/>
</bind>
</comp>

<comp id="230" class="1004" name="grp_fu_230">
<pin_list>
<pin id="231" dir="0" index="0" bw="34" slack="0"/>
<pin id="232" dir="0" index="1" bw="12" slack="0"/>
<pin id="233" dir="1" index="2" bw="34" slack="1"/>
</pin_list>
<bind>
<opcode="sdiv(15) " fcode="sdiv"/>
<opset="sigmaInv/1 "/>
</bind>
</comp>

<comp id="236" class="1004" name="sext_ln38_fu_236">
<pin_list>
<pin id="237" dir="0" index="0" bw="34" slack="1"/>
<pin id="238" dir="1" index="1" bw="68" slack="0"/>
</pin_list>
<bind>
<opcode="sext(35) " fcode="sext"/>
<opset="sext_ln38/39 "/>
</bind>
</comp>

<comp id="241" class="1004" name="sigmaSquaredInv_fu_241">
<pin_list>
<pin id="242" dir="0" index="0" bw="36" slack="0"/>
<pin id="243" dir="0" index="1" bw="68" slack="0"/>
<pin id="244" dir="0" index="2" bw="7" slack="0"/>
<pin id="245" dir="0" index="3" bw="8" slack="0"/>
<pin id="246" dir="1" index="4" bw="36" slack="1"/>
</pin_list>
<bind>
<opcode="partselect(1002) " fcode="partselect"/>
<opset="sigmaSquaredInv/39 "/>
</bind>
</comp>

<comp id="251" class="1004" name="sext_ln38_2_fu_251">
<pin_list>
<pin id="252" dir="0" index="0" bw="36" slack="1"/>
<pin id="253" dir="1" index="1" bw="48" slack="0"/>
</pin_list>
<bind>
<opcode="sext(35) " fcode="sext"/>
<opset="sext_ln38_2/40 "/>
</bind>
</comp>

<comp id="256" class="1004" name="sext_ln45_fu_256">
<pin_list>
<pin id="257" dir="0" index="0" bw="12" slack="39"/>
<pin id="258" dir="1" index="1" bw="48" slack="0"/>
</pin_list>
<bind>
<opcode="sext(35) " fcode="sext"/>
<opset="sext_ln45/40 "/>
</bind>
</comp>

<comp id="260" class="1004" name="sext_ln46_fu_260">
<pin_list>
<pin id="261" dir="0" index="0" bw="12" slack="39"/>
<pin id="262" dir="1" index="1" bw="48" slack="0"/>
</pin_list>
<bind>
<opcode="sext(35) " fcode="sext"/>
<opset="sext_ln46/40 "/>
</bind>
</comp>

<comp id="264" class="1004" name="sext_ln36_1_fu_264">
<pin_list>
<pin id="265" dir="0" index="0" bw="34" slack="3"/>
<pin id="266" dir="1" index="1" bw="64" slack="0"/>
</pin_list>
<bind>
<opcode="sext(35) " fcode="sext"/>
<opset="sext_ln36_1/41 "/>
</bind>
</comp>

<comp id="268" class="1004" name="sext_ln38_1_fu_268">
<pin_list>
<pin id="269" dir="0" index="0" bw="36" slack="2"/>
<pin id="270" dir="1" index="1" bw="64" slack="0"/>
</pin_list>
<bind>
<opcode="sext(35) " fcode="sext"/>
<opset="sext_ln38_1/41 "/>
</bind>
</comp>

<comp id="273" class="1004" name="sext_ln45_1_fu_273">
<pin_list>
<pin id="274" dir="0" index="0" bw="48" slack="1"/>
<pin id="275" dir="1" index="1" bw="64" slack="0"/>
</pin_list>
<bind>
<opcode="sext(35) " fcode="sext"/>
<opset="sext_ln45_1/41 "/>
</bind>
</comp>

<comp id="277" class="1004" name="sext_ln46_1_fu_277">
<pin_list>
<pin id="278" dir="0" index="0" bw="48" slack="1"/>
<pin id="279" dir="1" index="1" bw="64" slack="0"/>
</pin_list>
<bind>
<opcode="sext(35) " fcode="sext"/>
<opset="sext_ln46_1/41 "/>
</bind>
</comp>

<comp id="281" class="1005" name="tmp_reg_281">
<pin_list>
<pin id="282" dir="0" index="0" bw="1" slack="39"/>
<pin id="283" dir="1" index="1" bw="1" slack="2147483647"/>
</pin_list>
<bind>
<opset="tmp "/>
</bind>
</comp>

<comp id="285" class="1005" name="obs_x_reg_285">
<pin_list>
<pin id="286" dir="0" index="0" bw="12" slack="39"/>
<pin id="287" dir="1" index="1" bw="12" slack="39"/>
</pin_list>
<bind>
<opset="obs_x "/>
</bind>
</comp>

<comp id="292" class="1005" name="obs_y_reg_292">
<pin_list>
<pin id="293" dir="0" index="0" bw="12" slack="39"/>
<pin id="294" dir="1" index="1" bw="12" slack="39"/>
</pin_list>
<bind>
<opset="obs_y "/>
</bind>
</comp>

<comp id="299" class="1005" name="obs_last_reg_299">
<pin_list>
<pin id="300" dir="0" index="0" bw="2" slack="40"/>
<pin id="301" dir="1" index="1" bw="2" slack="40"/>
</pin_list>
<bind>
<opset="obs_last "/>
</bind>
</comp>

<comp id="306" class="1005" name="sext_ln36_reg_306">
<pin_list>
<pin id="307" dir="0" index="0" bw="34" slack="1"/>
<pin id="308" dir="1" index="1" bw="34" slack="1"/>
</pin_list>
<bind>
<opset="sext_ln36 "/>
</bind>
</comp>

<comp id="311" class="1005" name="sigmaInv_reg_311">
<pin_list>
<pin id="312" dir="0" index="0" bw="34" slack="1"/>
<pin id="313" dir="1" index="1" bw="34" slack="1"/>
</pin_list>
<bind>
<opset="sigmaInv "/>
</bind>
</comp>

<comp id="317" class="1005" name="sigmaSquaredInv_reg_317">
<pin_list>
<pin id="318" dir="0" index="0" bw="36" slack="1"/>
<pin id="319" dir="1" index="1" bw="36" slack="1"/>
</pin_list>
<bind>
<opset="sigmaSquaredInv "/>
</bind>
</comp>

<comp id="323" class="1005" name="mul_ln45_reg_323">
<pin_list>
<pin id="324" dir="0" index="0" bw="48" slack="1"/>
<pin id="325" dir="1" index="1" bw="48" slack="1"/>
</pin_list>
<bind>
<opset="mul_ln45 "/>
</bind>
</comp>

<comp id="328" class="1005" name="mul_ln46_reg_328">
<pin_list>
<pin id="329" dir="0" index="0" bw="48" slack="1"/>
<pin id="330" dir="1" index="1" bw="48" slack="1"/>
</pin_list>
<bind>
<opset="mul_ln46 "/>
</bind>
</comp>

</comp_list>

<net_list>
<net id="87"><net_src comp="46" pin="0"/><net_sink comp="82" pin=0"/></net>

<net id="88"><net_src comp="0" pin="0"/><net_sink comp="82" pin=1"/></net>

<net id="89"><net_src comp="38" pin="0"/><net_sink comp="82" pin=2"/></net>

<net id="94"><net_src comp="48" pin="0"/><net_sink comp="90" pin=0"/></net>

<net id="95"><net_src comp="0" pin="0"/><net_sink comp="90" pin=1"/></net>

<net id="101"><net_src comp="76" pin="0"/><net_sink comp="96" pin=0"/></net>

<net id="102"><net_src comp="8" pin="0"/><net_sink comp="96" pin=1"/></net>

<net id="108"><net_src comp="76" pin="0"/><net_sink comp="103" pin=0"/></net>

<net id="109"><net_src comp="10" pin="0"/><net_sink comp="103" pin=1"/></net>

<net id="115"><net_src comp="76" pin="0"/><net_sink comp="110" pin=0"/></net>

<net id="116"><net_src comp="12" pin="0"/><net_sink comp="110" pin=1"/></net>

<net id="122"><net_src comp="76" pin="0"/><net_sink comp="117" pin=0"/></net>

<net id="123"><net_src comp="14" pin="0"/><net_sink comp="117" pin=1"/></net>

<net id="129"><net_src comp="78" pin="0"/><net_sink comp="124" pin=0"/></net>

<net id="130"><net_src comp="16" pin="0"/><net_sink comp="124" pin=1"/></net>

<net id="136"><net_src comp="78" pin="0"/><net_sink comp="131" pin=0"/></net>

<net id="137"><net_src comp="18" pin="0"/><net_sink comp="131" pin=1"/></net>

<net id="143"><net_src comp="80" pin="0"/><net_sink comp="138" pin=0"/></net>

<net id="144"><net_src comp="20" pin="0"/><net_sink comp="138" pin=1"/></net>

<net id="150"><net_src comp="80" pin="0"/><net_sink comp="145" pin=0"/></net>

<net id="151"><net_src comp="22" pin="0"/><net_sink comp="145" pin=1"/></net>

<net id="157"><net_src comp="80" pin="0"/><net_sink comp="152" pin=0"/></net>

<net id="158"><net_src comp="24" pin="0"/><net_sink comp="152" pin=1"/></net>

<net id="164"><net_src comp="78" pin="0"/><net_sink comp="159" pin=0"/></net>

<net id="165"><net_src comp="2" pin="0"/><net_sink comp="159" pin=1"/></net>

<net id="171"><net_src comp="78" pin="0"/><net_sink comp="166" pin=0"/></net>

<net id="172"><net_src comp="4" pin="0"/><net_sink comp="166" pin=1"/></net>

<net id="178"><net_src comp="78" pin="0"/><net_sink comp="173" pin=0"/></net>

<net id="179"><net_src comp="6" pin="0"/><net_sink comp="173" pin=1"/></net>

<net id="195"><net_src comp="90" pin="2"/><net_sink comp="192" pin=0"/></net>

<net id="202"><net_src comp="50" pin="0"/><net_sink comp="196" pin=0"/></net>

<net id="203"><net_src comp="90" pin="2"/><net_sink comp="196" pin=1"/></net>

<net id="204"><net_src comp="52" pin="0"/><net_sink comp="196" pin=2"/></net>

<net id="205"><net_src comp="54" pin="0"/><net_sink comp="196" pin=3"/></net>

<net id="212"><net_src comp="50" pin="0"/><net_sink comp="206" pin=0"/></net>

<net id="213"><net_src comp="90" pin="2"/><net_sink comp="206" pin=1"/></net>

<net id="214"><net_src comp="56" pin="0"/><net_sink comp="206" pin=2"/></net>

<net id="215"><net_src comp="58" pin="0"/><net_sink comp="206" pin=3"/></net>

<net id="222"><net_src comp="60" pin="0"/><net_sink comp="216" pin=0"/></net>

<net id="223"><net_src comp="90" pin="2"/><net_sink comp="216" pin=1"/></net>

<net id="224"><net_src comp="62" pin="0"/><net_sink comp="216" pin=2"/></net>

<net id="225"><net_src comp="64" pin="0"/><net_sink comp="216" pin=3"/></net>

<net id="229"><net_src comp="206" pin="4"/><net_sink comp="226" pin=0"/></net>

<net id="234"><net_src comp="66" pin="0"/><net_sink comp="230" pin=0"/></net>

<net id="235"><net_src comp="226" pin="1"/><net_sink comp="230" pin=1"/></net>

<net id="239"><net_src comp="236" pin="1"/><net_sink comp="180" pin=0"/></net>

<net id="240"><net_src comp="236" pin="1"/><net_sink comp="180" pin=1"/></net>

<net id="247"><net_src comp="68" pin="0"/><net_sink comp="241" pin=0"/></net>

<net id="248"><net_src comp="180" pin="2"/><net_sink comp="241" pin=1"/></net>

<net id="249"><net_src comp="56" pin="0"/><net_sink comp="241" pin=2"/></net>

<net id="250"><net_src comp="70" pin="0"/><net_sink comp="241" pin=3"/></net>

<net id="254"><net_src comp="251" pin="1"/><net_sink comp="184" pin=0"/></net>

<net id="255"><net_src comp="251" pin="1"/><net_sink comp="188" pin=0"/></net>

<net id="259"><net_src comp="256" pin="1"/><net_sink comp="184" pin=1"/></net>

<net id="263"><net_src comp="260" pin="1"/><net_sink comp="188" pin=1"/></net>

<net id="267"><net_src comp="264" pin="1"/><net_sink comp="124" pin=2"/></net>

<net id="271"><net_src comp="268" pin="1"/><net_sink comp="131" pin=2"/></net>

<net id="272"><net_src comp="268" pin="1"/><net_sink comp="159" pin=2"/></net>

<net id="276"><net_src comp="273" pin="1"/><net_sink comp="166" pin=2"/></net>

<net id="280"><net_src comp="277" pin="1"/><net_sink comp="173" pin=2"/></net>

<net id="284"><net_src comp="82" pin="3"/><net_sink comp="281" pin=0"/></net>

<net id="288"><net_src comp="192" pin="1"/><net_sink comp="285" pin=0"/></net>

<net id="289"><net_src comp="285" pin="1"/><net_sink comp="256" pin=0"/></net>

<net id="290"><net_src comp="285" pin="1"/><net_sink comp="96" pin=2"/></net>

<net id="291"><net_src comp="285" pin="1"/><net_sink comp="103" pin=2"/></net>

<net id="295"><net_src comp="196" pin="4"/><net_sink comp="292" pin=0"/></net>

<net id="296"><net_src comp="292" pin="1"/><net_sink comp="260" pin=0"/></net>

<net id="297"><net_src comp="292" pin="1"/><net_sink comp="110" pin=2"/></net>

<net id="298"><net_src comp="292" pin="1"/><net_sink comp="117" pin=2"/></net>

<net id="302"><net_src comp="216" pin="4"/><net_sink comp="299" pin=0"/></net>

<net id="303"><net_src comp="299" pin="1"/><net_sink comp="138" pin=2"/></net>

<net id="304"><net_src comp="299" pin="1"/><net_sink comp="145" pin=2"/></net>

<net id="305"><net_src comp="299" pin="1"/><net_sink comp="152" pin=2"/></net>

<net id="309"><net_src comp="226" pin="1"/><net_sink comp="306" pin=0"/></net>

<net id="310"><net_src comp="306" pin="1"/><net_sink comp="230" pin=1"/></net>

<net id="314"><net_src comp="230" pin="2"/><net_sink comp="311" pin=0"/></net>

<net id="315"><net_src comp="311" pin="1"/><net_sink comp="236" pin=0"/></net>

<net id="316"><net_src comp="311" pin="1"/><net_sink comp="264" pin=0"/></net>

<net id="320"><net_src comp="241" pin="4"/><net_sink comp="317" pin=0"/></net>

<net id="321"><net_src comp="317" pin="1"/><net_sink comp="251" pin=0"/></net>

<net id="322"><net_src comp="317" pin="1"/><net_sink comp="268" pin=0"/></net>

<net id="326"><net_src comp="184" pin="2"/><net_sink comp="323" pin=0"/></net>

<net id="327"><net_src comp="323" pin="1"/><net_sink comp="273" pin=0"/></net>

<net id="331"><net_src comp="188" pin="2"/><net_sink comp="328" pin=0"/></net>

<net id="332"><net_src comp="328" pin="1"/><net_sink comp="277" pin=0"/></net>

</net_list>

</model> 
---------------- Datapath Model END ------------------

* FSMD analyzer results:
  - Output states:
	Port: input_r | {}
	Port: partialS | {41 }
	Port: partialSx | {41 }
	Port: partialSy | {41 }
	Port: x1 | {41 }
	Port: x2 | {41 }
	Port: y1 | {41 }
	Port: y2 | {41 }
	Port: sigmaDiv1 | {41 }
	Port: sigmaSquaredDiv1 | {41 }
	Port: last1 | {41 }
	Port: last2 | {41 }
	Port: last3 | {41 }
 - Input state : 
	Port: readStage : input_r | {1 }
  - Chain level:
	State 1
		sext_ln36 : 1
		sigmaInv : 2
	State 2
	State 3
	State 4
	State 5
	State 6
	State 7
	State 8
	State 9
	State 10
	State 11
	State 12
	State 13
	State 14
	State 15
	State 16
	State 17
	State 18
	State 19
	State 20
	State 21
	State 22
	State 23
	State 24
	State 25
	State 26
	State 27
	State 28
	State 29
	State 30
	State 31
	State 32
	State 33
	State 34
	State 35
	State 36
	State 37
	State 38
	State 39
		mul_ln38 : 1
		sigmaSquaredInv : 2
	State 40
		mul_ln45 : 1
		mul_ln46 : 1
	State 41
		write_ln37 : 1
		write_ln39 : 1
		write_ln44 : 1
		write_ln45 : 1
		write_ln46 : 1


============================================================
+ Verbose Summary: Datapath Resource usage 
============================================================

* Functional unit list:
|----------|-------------------------|---------|---------|---------|
| Operation|     Functional Unit     |   DSP   |    FF   |   LUT   |
|----------|-------------------------|---------|---------|---------|
|   sdiv   |        grp_fu_230       |    0    |   2585  |   1970  |
|----------|-------------------------|---------|---------|---------|
|          |     mul_ln38_fu_180     |    4    |    0    |    23   |
|    mul   |     mul_ln45_fu_184     |    2    |    0    |    25   |
|          |     mul_ln46_fu_188     |    2    |    0    |    25   |
|----------|-------------------------|---------|---------|---------|
| nbreadreq|   tmp_nbreadreq_fu_82   |    0    |    0    |    0    |
|----------|-------------------------|---------|---------|---------|
|   read   | input_r_read_read_fu_90 |    0    |    0    |    0    |
|----------|-------------------------|---------|---------|---------|
|          |  write_ln31_write_fu_96 |    0    |    0    |    0    |
|          | write_ln32_write_fu_103 |    0    |    0    |    0    |
|          | write_ln33_write_fu_110 |    0    |    0    |    0    |
|          | write_ln34_write_fu_117 |    0    |    0    |    0    |
|          | write_ln37_write_fu_124 |    0    |    0    |    0    |
|   write  | write_ln39_write_fu_131 |    0    |    0    |    0    |
|          | write_ln41_write_fu_138 |    0    |    0    |    0    |
|          | write_ln42_write_fu_145 |    0    |    0    |    0    |
|          | write_ln43_write_fu_152 |    0    |    0    |    0    |
|          | write_ln44_write_fu_159 |    0    |    0    |    0    |
|          | write_ln45_write_fu_166 |    0    |    0    |    0    |
|          | write_ln46_write_fu_173 |    0    |    0    |    0    |
|----------|-------------------------|---------|---------|---------|
|   trunc  |       obs_x_fu_192      |    0    |    0    |    0    |
|----------|-------------------------|---------|---------|---------|
|          |       obs_y_fu_196      |    0    |    0    |    0    |
|partselect|     obs_sigma_fu_206    |    0    |    0    |    0    |
|          |     obs_last_fu_216     |    0    |    0    |    0    |
|          |  sigmaSquaredInv_fu_241 |    0    |    0    |    0    |
|----------|-------------------------|---------|---------|---------|
|          |     sext_ln36_fu_226    |    0    |    0    |    0    |
|          |     sext_ln38_fu_236    |    0    |    0    |    0    |
|          |    sext_ln38_2_fu_251   |    0    |    0    |    0    |
|          |     sext_ln45_fu_256    |    0    |    0    |    0    |
|   sext   |     sext_ln46_fu_260    |    0    |    0    |    0    |
|          |    sext_ln36_1_fu_264   |    0    |    0    |    0    |
|          |    sext_ln38_1_fu_268   |    0    |    0    |    0    |
|          |    sext_ln45_1_fu_273   |    0    |    0    |    0    |
|          |    sext_ln46_1_fu_277   |    0    |    0    |    0    |
|----------|-------------------------|---------|---------|---------|
|   Total  |                         |    8    |   2585  |   2043  |
|----------|-------------------------|---------|---------|---------|

Memories:
N/A

* Register list:
+-----------------------+--------+
|                       |   FF   |
+-----------------------+--------+
|    mul_ln45_reg_323   |   48   |
|    mul_ln46_reg_328   |   48   |
|    obs_last_reg_299   |    2   |
|     obs_x_reg_285     |   12   |
|     obs_y_reg_292     |   12   |
|   sext_ln36_reg_306   |   34   |
|    sigmaInv_reg_311   |   34   |
|sigmaSquaredInv_reg_317|   36   |
|      tmp_reg_281      |    1   |
+-----------------------+--------+
|         Total         |   227  |
+-----------------------+--------+

* Multiplexer (MUX) list: 
|------------|------|------|------|--------||---------||---------|
|    Comp    |  Pin | Size |  BW  | S x BW ||  Delay  ||   LUT   |
|------------|------|------|------|--------||---------||---------|
| grp_fu_230 |  p1  |   2  |  12  |   24   ||    9    |
|------------|------|------|------|--------||---------||---------|
|    Total   |      |      |      |   24   ||  1.294  ||    9    |
|------------|------|------|------|--------||---------||---------|



* Summary:
+-----------+--------+--------+--------+--------+
|           |   DSP  |  Delay |   FF   |   LUT  |
+-----------+--------+--------+--------+--------+
|  Function |    8   |    -   |  2585  |  2043  |
|   Memory  |    -   |    -   |    -   |    -   |
|Multiplexer|    -   |    1   |    -   |    9   |
|  Register |    -   |    -   |   227  |    -   |
+-----------+--------+--------+--------+--------+
|   Total   |    8   |    1   |  2812  |  2052  |
+-----------+--------+--------+--------+--------+
